!SESSION 2016-04-02 08:20:02.772 -----------------------------------------------
eclipse.buildId=4.5.2.M20160212-1500
java.version=1.7.0_95
java.vendor=Oracle Corporation
BootLoader constants: OS=linux, ARCH=x86_64, WS=gtk, NL=en_US
Framework arguments:  -product org.eclipse.epp.package.java.product
Command-line arguments:  -os linux -ws gtk -arch x86_64 -product org.eclipse.epp.package.java.product

!ENTRY org.eclipse.epp.logging.aeri.ide 2 16 2016-04-02 08:20:25.851
!MESSAGE Server ‘org.eclipse.epp.logging.aeri.ide.server’ failed with exception: Read timed out. ; version: 1.100.0.v20160217-0435
!STACK 0
java.net.SocketTimeoutException: Read timed out
	at java.net.SocketInputStream.socketRead0(Native Method)
	at java.net.SocketInputStream.read(SocketInputStream.java:152)
	at java.net.SocketInputStream.read(SocketInputStream.java:122)
	at sun.security.ssl.InputRecord.readFully(InputRecord.java:442)
	at sun.security.ssl.InputRecord.read(InputRecord.java:480)
	at sun.security.ssl.SSLSocketImpl.readRecord(SSLSocketImpl.java:946)
	at sun.security.ssl.SSLSocketImpl.readDataRecord(SSLSocketImpl.java:903)
	at sun.security.ssl.AppInputStream.read(AppInputStream.java:102)
	at org.apache.http.impl.io.SessionInputBufferImpl.streamRead(SessionInputBufferImpl.java:136)
	at org.apache.http.impl.io.SessionInputBufferImpl.fillBuffer(SessionInputBufferImpl.java:152)
	at org.apache.http.impl.io.SessionInputBufferImpl.readLine(SessionInputBufferImpl.java:270)
	at org.apache.http.impl.conn.DefaultHttpResponseParser.parseHead(DefaultHttpResponseParser.java:140)
	at org.apache.http.impl.conn.DefaultHttpResponseParser.parseHead(DefaultHttpResponseParser.java:57)
	at org.apache.http.impl.io.AbstractMessageParser.parse(AbstractMessageParser.java:260)
	at org.apache.http.impl.DefaultBHttpClientConnection.receiveResponseHeader(DefaultBHttpClientConnection.java:161)
	at org.apache.http.impl.conn.CPoolProxy.receiveResponseHeader(CPoolProxy.java:153)
	at org.apache.http.protocol.HttpRequestExecutor.doReceiveResponse(HttpRequestExecutor.java:271)
	at org.apache.http.protocol.HttpRequestExecutor.execute(HttpRequestExecutor.java:123)
	at org.apache.http.impl.execchain.MainClientExec.execute(MainClientExec.java:254)
	at org.apache.http.impl.execchain.ProtocolExec.execute(ProtocolExec.java:195)
	at org.apache.http.impl.execchain.RetryExec.execute(RetryExec.java:86)
	at org.apache.http.impl.execchain.RedirectExec.execute(RedirectExec.java:108)
	at org.apache.http.impl.client.InternalHttpClient.doExecute(InternalHttpClient.java:184)
	at org.apache.http.impl.client.CloseableHttpClient.execute(CloseableHttpClient.java:82)
	at org.apache.http.impl.client.CloseableHttpClient.execute(CloseableHttpClient.java:57)
	at org.apache.http.client.fluent.Executor.execute(Executor.java:206)
	at org.eclipse.epp.internal.logging.aeri.ide.server.mars.IO.request(IO.java:205)
	at org.eclipse.epp.internal.logging.aeri.ide.server.mars.IO.refreshConfiguration(IO.java:68)
	at org.eclipse.epp.internal.logging.aeri.ide.server.mars.ServerConnection.startUp(ServerConnection.java:101)
	at com.google.common.util.concurrent.AbstractIdleService$2$1.run(AbstractIdleService.java:54)
	at com.google.common.util.concurrent.Callables$3.run(Callables.java:93)
	at java.lang.Thread.run(Thread.java:745)

!ENTRY org.python.pydev.shared_core 1 1 2016-04-02 08:21:01.302
!MESSAGE - Ok, file is non-null. Getting info on:/usr/bin/python
- Beggining task:Getting libs totalWork:100
- Setting task name:Mounting executable string...
- Setting task name:Executing:  /usr/bin/python -u /home/derek/Programs/eclipse/plugins/org.python.pydev_4.5.5.201603221110/pysrc/interpreterInfo.py
- Setting task name:Making pythonpath environment... /usr/bin/python -u /home/derek/Programs/eclipse/plugins/org.python.pydev_4.5.5.201603221110/pysrc/interpreterInfo.py
- Setting task name:Making exec... /usr/bin/python -u /home/derek/Programs/eclipse/plugins/org.python.pydev_4.5.5.201603221110/pysrc/interpreterInfo.py
- Setting task name:Reading output...
- Setting task name:Waiting for process to finish.
- Success getting the info. Result:<xml>
<name>python</name>
<version>2.7</version>
<executable>/usr/bin/python</executable>
<lib>/usr/lib/python2.7</lib>
<lib>/usr/lib/python2.7/plat-x86_64-linux-gnu</lib>
<lib>/usr/lib/python2.7/lib-tk</lib>
<lib>/usr/lib/python2.7/lib-dynload</lib>
<lib>/usr/local/lib/python2.7/dist-packages</lib>
<lib>/usr/lib/python2.7/dist-packages</lib>
<lib>/usr/lib/python2.7/dist-packages/PILcompat</lib>
<lib>/usr/lib/python2.7/dist-packages/gtk-2.0</lib>
<lib>/usr/lib/python2.7/dist-packages/ubuntu-sso-client</lib>
<lib>/usr/lib/python2.7/dist-packages/wx-2.8-gtk2-unicode</lib>
<forced_lib>Image</forced_lib>
<forced_lib>OpenGL</forced_lib>
<forced_lib>__builtin__</forced_lib>
<forced_lib>__main__</forced_lib>
<forced_lib>_ast</forced_lib>
<forced_lib>_bisect</forced_lib>
<forced_lib>_bytesio</forced_lib>
<forced_lib>_codecs</forced_lib>
<forced_lib>_codecs_cn</forced_lib>
<forced_lib>_codecs_hk</forced_lib>
<forced_lib>_codecs_iso2022</forced_lib>
<forced_lib>_codecs_jp</forced_lib>
<forced_lib>_codecs_kr</forced_lib>
<forced_lib>_codecs_tw</forced_lib>
<forced_lib>_collections</forced_lib>
<forced_lib>_csv</forced_lib>
<forced_lib>_fileio</forced_lib>
<forced_lib>_functools</forced_lib>
<forced_lib>_heapq</forced_lib>
<forced_lib>_hotshot</forced_lib>
<forced_lib>_io</forced_lib>
<forced_lib>_json</forced_lib>
<forced_lib>_locale</forced_lib>
<forced_lib>_lsprof</forced_lib>
<forced_lib>_md5</forced_lib>
<forced_lib>_multibytecodec</forced_lib>
<forced_lib>_random</forced_lib>
<forced_lib>_sha</forced_lib>
<forced_lib>_sha256</forced_lib>
<forced_lib>_sha512</forced_lib>
<forced_lib>_socket</forced_lib>
<forced_lib>_sre</forced_lib>
<forced_lib>_struct</forced_lib>
<forced_lib>_subprocess</forced_lib>
<forced_lib>_symtable</forced_lib>
<forced_lib>_warnings</forced_lib>
<forced_lib>_weakref</forced_lib>
<forced_lib>_winreg</forced_lib>
<forced_lib>array</forced_lib>
<forced_lib>audioop</forced_lib>
<forced_lib>binascii</forced_lib>
<forced_lib>cPickle</forced_lib>
<forced_lib>cStringIO</forced_lib>
<forced_lib>cmath</forced_lib>
<forced_lib>datetime</forced_lib>
<forced_lib>email</forced_lib>
<forced_lib>errno</forced_lib>
<forced_lib>exceptions</forced_lib>
<forced_lib>fcntl</forced_lib>
<forced_lib>future_builtins</forced_lib>
<forced_lib>gc</forced_lib>
<forced_lib>gi</forced_lib>
<forced_lib>grp</forced_lib>
<forced_lib>hashlib</forced_lib>
<forced_lib>imageop</forced_lib>
<forced_lib>imp</forced_lib>
<forced_lib>itertools</forced_lib>
<forced_lib>marshal</forced_lib>
<forced_lib>math</forced_lib>
<forced_lib>mmap</forced_lib>
<forced_lib>msvcrt</forced_lib>
<forced_lib>nose</forced_lib>
<forced_lib>nose.tools</forced_lib>
<forced_lib>nt</forced_lib>
<forced_lib>numpy</forced_lib>
<forced_lib>operator</forced_lib>
<forced_lib>os</forced_lib>
<forced_lib>os.path</forced_lib>
<forced_lib>parser</forced_lib>
<forced_lib>posix</forced_lib>
<forced_lib>pwd</forced_lib>
<forced_lib>pytest</forced_lib>
<forced_lib>scipy</forced_lib>
<forced_lib>select</forced_lib>
<forced_lib>signal</forced_lib>
<forced_lib>socket</forced_lib>
<forced_lib>spwd</forced_lib>
<forced_lib>strop</forced_lib>
<forced_lib>sys</forced_lib>
<forced_lib>syslog</forced_lib>
<forced_lib>thread</forced_lib>
<forced_lib>time</forced_lib>
<forced_lib>unicodedata</forced_lib>
<forced_lib>wx</forced_lib>
<forced_lib>wxPython</forced_lib>
<forced_lib>xxsubtype</forced_lib>
<forced_lib>zipimport</forced_lib>
<forced_lib>zlib</forced_lib>
</xml>
- Ok, file is non-null. Getting info on:/usr/bin/python3.4
- Beggining task:Getting libs totalWork:100
- Setting task name:Mounting executable string...
- Setting task name:Executing:  /usr/bin/python3.4 -u /home/derek/Programs/eclipse/plugins/org.python.pydev_4.5.5.201603221110/pysrc/interpreterInfo.py
- Setting task name:Making pythonpath environment... /usr/bin/python3.4 -u /home/derek/Programs/eclipse/plugins/org.python.pydev_4.5.5.201603221110/pysrc/interpreterInfo.py
- Setting task name:Making exec... /usr/bin/python3.4 -u /home/derek/Programs/eclipse/plugins/org.python.pydev_4.5.5.201603221110/pysrc/interpreterInfo.py
- Setting task name:Reading output...
- Setting task name:Waiting for process to finish.
- Success getting the info. Result:<xml>
<name>python</name>
<version>3.4</version>
<executable>/usr/bin/python3.4</executable>
<lib>/usr/lib/python3.4</lib>
<lib>/usr/lib/python3.4/plat-x86_64-linux-gnu</lib>
<lib>/usr/lib/python3.4/lib-dynload</lib>
<lib>/usr/local/lib/python3.4/dist-packages</lib>
<lib>/usr/lib/python3/dist-packages</lib>
<forced_lib>Image</forced_lib>
<forced_lib>OpenGL</forced_lib>
<forced_lib>_ast</forced_lib>
<forced_lib>_bisect</forced_lib>
<forced_lib>_bytesio</forced_lib>
<forced_lib>_codecs</forced_lib>
<forced_lib>_codecs_cn</forced_lib>
<forced_lib>_codecs_hk</forced_lib>
<forced_lib>_codecs_iso2022</forced_lib>
<forced_lib>_codecs_jp</forced_lib>
<forced_lib>_codecs_kr</forced_lib>
<forced_lib>_codecs_tw</forced_lib>
<forced_lib>_collections</forced_lib>
<forced_lib>_csv</forced_lib>
<forced_lib>_datetime</forced_lib>
<forced_lib>_elementtree</forced_lib>
<forced_lib>_fileio</forced_lib>
<forced_lib>_functools</forced_lib>
<forced_lib>_heapq</forced_lib>
<forced_lib>_hotshot</forced_lib>
<forced_lib>_imp</forced_lib>
<forced_lib>_io</forced_lib>
<forced_lib>_json</forced_lib>
<forced_lib>_locale</forced_lib>
<forced_lib>_lsprof</forced_lib>
<forced_lib>_md5</forced_lib>
<forced_lib>_multibytecodec</forced_lib>
<forced_lib>_operator</forced_lib>
<forced_lib>_pickle</forced_lib>
<forced_lib>_posixsubprocess</forced_lib>
<forced_lib>_random</forced_lib>
<forced_lib>_sha</forced_lib>
<forced_lib>_sha1</forced_lib>
<forced_lib>_sha256</forced_lib>
<forced_lib>_sha512</forced_lib>
<forced_lib>_socket</forced_lib>
<forced_lib>_sre</forced_lib>
<forced_lib>_stat</forced_lib>
<forced_lib>_string</forced_lib>
<forced_lib>_struct</forced_lib>
<forced_lib>_subprocess</forced_lib>
<forced_lib>_symtable</forced_lib>
<forced_lib>_thread</forced_lib>
<forced_lib>_tracemalloc</forced_lib>
<forced_lib>_warnings</forced_lib>
<forced_lib>_weakref</forced_lib>
<forced_lib>_winreg</forced_lib>
<forced_lib>array</forced_lib>
<forced_lib>atexit</forced_lib>
<forced_lib>audioop</forced_lib>
<forced_lib>binascii</forced_lib>
<forced_lib>builtins</forced_lib>
<forced_lib>cPickle</forced_lib>
<forced_lib>cStringIO</forced_lib>
<forced_lib>cmath</forced_lib>
<forced_lib>datetime</forced_lib>
<forced_lib>email</forced_lib>
<forced_lib>errno</forced_lib>
<forced_lib>exceptions</forced_lib>
<forced_lib>faulthandler</forced_lib>
<forced_lib>fcntl</forced_lib>
<forced_lib>future_builtins</forced_lib>
<forced_lib>gc</forced_lib>
<forced_lib>gi</forced_lib>
<forced_lib>grp</forced_lib>
<forced_lib>hashlib</forced_lib>
<forced_lib>imageop</forced_lib>
<forced_lib>imp</forced_lib>
<forced_lib>itertools</forced_lib>
<forced_lib>marshal</forced_lib>
<forced_lib>math</forced_lib>
<forced_lib>mmap</forced_lib>
<forced_lib>msvcrt</forced_lib>
<forced_lib>nt</forced_lib>
<forced_lib>numpy</forced_lib>
<forced_lib>operator</forced_lib>
<forced_lib>os</forced_lib>
<forced_lib>os.path</forced_lib>
<forced_lib>parser</forced_lib>
<forced_lib>posix</forced_lib>
<forced_lib>pwd</forced_lib>
<forced_lib>pyexpat</forced_lib>
<forced_lib>pytest</forced_lib>
<forced_lib>scipy</forced_lib>
<forced_lib>select</forced_lib>
<forced_lib>signal</forced_lib>
<forced_lib>socket</forced_lib>
<forced_lib>spwd</forced_lib>
<forced_lib>strop</forced_lib>
<forced_lib>sys</forced_lib>
<forced_lib>syslog</forced_lib>
<forced_lib>thread</forced_lib>
<forced_lib>time</forced_lib>
<forced_lib>unicodedata</forced_lib>
<forced_lib>wx</forced_lib>
<forced_lib>wxPython</forced_lib>
<forced_lib>xxsubtype</forced_lib>
<forced_lib>zipimport</forced_lib>
<forced_lib>zlib</forced_lib>
</xml>
- Ok, file is non-null. Getting info on:/usr/bin/python2
- Beggining task:Getting libs totalWork:100
- Setting task name:Mounting executable string...
- Setting task name:Executing:  /usr/bin/python2 -u /home/derek/Programs/eclipse/plugins/org.python.pydev_4.5.5.201603221110/pysrc/interpreterInfo.py
- Setting task name:Making pythonpath environment... /usr/bin/python2 -u /home/derek/Programs/eclipse/plugins/org.python.pydev_4.5.5.201603221110/pysrc/interpreterInfo.py
- Setting task name:Making exec... /usr/bin/python2 -u /home/derek/Programs/eclipse/plugins/org.python.pydev_4.5.5.201603221110/pysrc/interpreterInfo.py
- Setting task name:Reading output...
- Setting task name:Waiting for process to finish.
- Success getting the info. Result:<xml>
<name>python</name>
<version>2.7</version>
<executable>/usr/bin/python2</executable>
<lib>/usr/lib/python2.7</lib>
<lib>/usr/lib/python2.7/plat-x86_64-linux-gnu</lib>
<lib>/usr/lib/python2.7/lib-tk</lib>
<lib>/usr/lib/python2.7/lib-dynload</lib>
<lib>/usr/local/lib/python2.7/dist-packages</lib>
<lib>/usr/lib/python2.7/dist-packages</lib>
<lib>/usr/lib/python2.7/dist-packages/PILcompat</lib>
<lib>/usr/lib/python2.7/dist-packages/gtk-2.0</lib>
<lib>/usr/lib/python2.7/dist-packages/ubuntu-sso-client</lib>
<lib>/usr/lib/python2.7/dist-packages/wx-2.8-gtk2-unicode</lib>
<forced_lib>Image</forced_lib>
<forced_lib>OpenGL</forced_lib>
<forced_lib>__builtin__</forced_lib>
<forced_lib>__main__</forced_lib>
<forced_lib>_ast</forced_lib>
<forced_lib>_bisect</forced_lib>
<forced_lib>_bytesio</forced_lib>
<forced_lib>_codecs</forced_lib>
<forced_lib>_codecs_cn</forced_lib>
<forced_lib>_codecs_hk</forced_lib>
<forced_lib>_codecs_iso2022</forced_lib>
<forced_lib>_codecs_jp</forced_lib>
<forced_lib>_codecs_kr</forced_lib>
<forced_lib>_codecs_tw</forced_lib>
<forced_lib>_collections</forced_lib>
<forced_lib>_csv</forced_lib>
<forced_lib>_fileio</forced_lib>
<forced_lib>_functools</forced_lib>
<forced_lib>_heapq</forced_lib>
<forced_lib>_hotshot</forced_lib>
<forced_lib>_io</forced_lib>
<forced_lib>_json</forced_lib>
<forced_lib>_locale</forced_lib>
<forced_lib>_lsprof</forced_lib>
<forced_lib>_md5</forced_lib>
<forced_lib>_multibytecodec</forced_lib>
<forced_lib>_random</forced_lib>
<forced_lib>_sha</forced_lib>
<forced_lib>_sha256</forced_lib>
<forced_lib>_sha512</forced_lib>
<forced_lib>_socket</forced_lib>
<forced_lib>_sre</forced_lib>
<forced_lib>_struct</forced_lib>
<forced_lib>_subprocess</forced_lib>
<forced_lib>_symtable</forced_lib>
<forced_lib>_warnings</forced_lib>
<forced_lib>_weakref</forced_lib>
<forced_lib>_winreg</forced_lib>
<forced_lib>array</forced_lib>
<forced_lib>audioop</forced_lib>
<forced_lib>binascii</forced_lib>
<forced_lib>cPickle</forced_lib>
<forced_lib>cStringIO</forced_lib>
<forced_lib>cmath</forced_lib>
<forced_lib>datetime</forced_lib>
<forced_lib>email</forced_lib>
<forced_lib>errno</forced_lib>
<forced_lib>exceptions</forced_lib>
<forced_lib>fcntl</forced_lib>
<forced_lib>future_builtins</forced_lib>
<forced_lib>gc</forced_lib>
<forced_lib>gi</forced_lib>
<forced_lib>grp</forced_lib>
<forced_lib>hashlib</forced_lib>
<forced_lib>imageop</forced_lib>
<forced_lib>imp</forced_lib>
<forced_lib>itertools</forced_lib>
<forced_lib>marshal</forced_lib>
<forced_lib>math</forced_lib>
<forced_lib>mmap</forced_lib>
<forced_lib>msvcrt</forced_lib>
<forced_lib>nose</forced_lib>
<forced_lib>nose.tools</forced_lib>
<forced_lib>nt</forced_lib>
<forced_lib>numpy</forced_lib>
<forced_lib>operator</forced_lib>
<forced_lib>os</forced_lib>
<forced_lib>os.path</forced_lib>
<forced_lib>parser</forced_lib>
<forced_lib>posix</forced_lib>
<forced_lib>pwd</forced_lib>
<forced_lib>pytest</forced_lib>
<forced_lib>scipy</forced_lib>
<forced_lib>select</forced_lib>
<forced_lib>signal</forced_lib>
<forced_lib>socket</forced_lib>
<forced_lib>spwd</forced_lib>
<forced_lib>strop</forced_lib>
<forced_lib>sys</forced_lib>
<forced_lib>syslog</forced_lib>
<forced_lib>thread</forced_lib>
<forced_lib>time</forced_lib>
<forced_lib>unicodedata</forced_lib>
<forced_lib>wx</forced_lib>
<forced_lib>wxPython</forced_lib>
<forced_lib>xxsubtype</forced_lib>
<forced_lib>zipimport</forced_lib>
<forced_lib>zlib</forced_lib>
</xml>
- Ok, file is non-null. Getting info on:/usr/bin/python3
- Beggining task:Getting libs totalWork:100
- Setting task name:Mounting executable string...
- Setting task name:Executing:  /usr/bin/python3 -u /home/derek/Programs/eclipse/plugins/org.python.pydev_4.5.5.201603221110/pysrc/interpreterInfo.py
- Setting task name:Making pythonpath environment... /usr/bin/python3 -u /home/derek/Programs/eclipse/plugins/org.python.pydev_4.5.5.201603221110/pysrc/interpreterInfo.py
- Setting task name:Making exec... /usr/bin/python3 -u /home/derek/Programs/eclipse/plugins/org.python.pydev_4.5.5.201603221110/pysrc/interpreterInfo.py
- Setting task name:Reading output...
- Setting task name:Waiting for process to finish.
- Success getting the info. Result:<xml>
<name>python</name>
<version>3.4</version>
<executable>/usr/bin/python3</executable>
<lib>/usr/lib/python3.4</lib>
<lib>/usr/lib/python3.4/plat-x86_64-linux-gnu</lib>
<lib>/usr/lib/python3.4/lib-dynload</lib>
<lib>/usr/local/lib/python3.4/dist-packages</lib>
<lib>/usr/lib/python3/dist-packages</lib>
<forced_lib>Image</forced_lib>
<forced_lib>OpenGL</forced_lib>
<forced_lib>_ast</forced_lib>
<forced_lib>_bisect</forced_lib>
<forced_lib>_bytesio</forced_lib>
<forced_lib>_codecs</forced_lib>
<forced_lib>_codecs_cn</forced_lib>
<forced_lib>_codecs_hk</forced_lib>
<forced_lib>_codecs_iso2022</forced_lib>
<forced_lib>_codecs_jp</forced_lib>
<forced_lib>_codecs_kr</forced_lib>
<forced_lib>_codecs_tw</forced_lib>
<forced_lib>_collections</forced_lib>
<forced_lib>_csv</forced_lib>
<forced_lib>_datetime</forced_lib>
<forced_lib>_elementtree</forced_lib>
<forced_lib>_fileio</forced_lib>
<forced_lib>_functools</forced_lib>
<forced_lib>_heapq</forced_lib>
<forced_lib>_hotshot</forced_lib>
<forced_lib>_imp</forced_lib>
<forced_lib>_io</forced_lib>
<forced_lib>_json</forced_lib>
<forced_lib>_locale</forced_lib>
<forced_lib>_lsprof</forced_lib>
<forced_lib>_md5</forced_lib>
<forced_lib>_multibytecodec</forced_lib>
<forced_lib>_operator</forced_lib>
<forced_lib>_pickle</forced_lib>
<forced_lib>_posixsubprocess</forced_lib>
<forced_lib>_random</forced_lib>
<forced_lib>_sha</forced_lib>
<forced_lib>_sha1</forced_lib>
<forced_lib>_sha256</forced_lib>
<forced_lib>_sha512</forced_lib>
<forced_lib>_socket</forced_lib>
<forced_lib>_sre</forced_lib>
<forced_lib>_stat</forced_lib>
<forced_lib>_string</forced_lib>
<forced_lib>_struct</forced_lib>
<forced_lib>_subprocess</forced_lib>
<forced_lib>_symtable</forced_lib>
<forced_lib>_thread</forced_lib>
<forced_lib>_tracemalloc</forced_lib>
<forced_lib>_warnings</forced_lib>
<forced_lib>_weakref</forced_lib>
<forced_lib>_winreg</forced_lib>
<forced_lib>array</forced_lib>
<forced_lib>atexit</forced_lib>
<forced_lib>audioop</forced_lib>
<forced_lib>binascii</forced_lib>
<forced_lib>builtins</forced_lib>
<forced_lib>cPickle</forced_lib>
<forced_lib>cStringIO</forced_lib>
<forced_lib>cmath</forced_lib>
<forced_lib>datetime</forced_lib>
<forced_lib>email</forced_lib>
<forced_lib>errno</forced_lib>
<forced_lib>exceptions</forced_lib>
<forced_lib>faulthandler</forced_lib>
<forced_lib>fcntl</forced_lib>
<forced_lib>future_builtins</forced_lib>
<forced_lib>gc</forced_lib>
<forced_lib>gi</forced_lib>
<forced_lib>grp</forced_lib>
<forced_lib>hashlib</forced_lib>
<forced_lib>imageop</forced_lib>
<forced_lib>imp</forced_lib>
<forced_lib>itertools</forced_lib>
<forced_lib>marshal</forced_lib>
<forced_lib>math</forced_lib>
<forced_lib>mmap</forced_lib>
<forced_lib>msvcrt</forced_lib>
<forced_lib>nt</forced_lib>
<forced_lib>numpy</forced_lib>
<forced_lib>operator</forced_lib>
<forced_lib>os</forced_lib>
<forced_lib>os.path</forced_lib>
<forced_lib>parser</forced_lib>
<forced_lib>posix</forced_lib>
<forced_lib>pwd</forced_lib>
<forced_lib>pyexpat</forced_lib>
<forced_lib>pytest</forced_lib>
<forced_lib>scipy</forced_lib>
<forced_lib>select</forced_lib>
<forced_lib>signal</forced_lib>
<forced_lib>socket</forced_lib>
<forced_lib>spwd</forced_lib>
<forced_lib>strop</forced_lib>
<forced_lib>sys</forced_lib>
<forced_lib>syslog</forced_lib>
<forced_lib>thread</forced_lib>
<forced_lib>time</forced_lib>
<forced_lib>unicodedata</forced_lib>
<forced_lib>wx</forced_lib>
<forced_lib>wxPython</forced_lib>
<forced_lib>xxsubtype</forced_lib>
<forced_lib>zipimport</forced_lib>
<forced_lib>zlib</forced_lib>
</xml>
- Ok, file is non-null. Getting info on:/usr/bin/python2.7
- Beggining task:Getting libs totalWork:100
- Setting task name:Mounting executable string...
- Setting task name:Executing:  /usr/bin/python2.7 -u /home/derek/Programs/eclipse/plugins/org.python.pydev_4.5.5.201603221110/pysrc/interpreterInfo.py
- Setting task name:Making pythonpath environment... /usr/bin/python2.7 -u /home/derek/Programs/eclipse/plugins/org.python.pydev_4.5.5.201603221110/pysrc/interpreterInfo.py
- Setting task name:Making exec... /usr/bin/python2.7 -u /home/derek/Programs/eclipse/plugins/org.python.pydev_4.5.5.201603221110/pysrc/interpreterInfo.py
- Setting task name:Reading output...
- Setting task name:Waiting for process to finish.
- Success getting the info. Result:<xml>
<name>python</name>
<version>2.7</version>
<executable>/usr/bin/python2.7</executable>
<lib>/usr/lib/python2.7</lib>
<lib>/usr/lib/python2.7/plat-x86_64-linux-gnu</lib>
<lib>/usr/lib/python2.7/lib-tk</lib>
<lib>/usr/lib/python2.7/lib-dynload</lib>
<lib>/usr/local/lib/python2.7/dist-packages</lib>
<lib>/usr/lib/python2.7/dist-packages</lib>
<lib>/usr/lib/python2.7/dist-packages/PILcompat</lib>
<lib>/usr/lib/python2.7/dist-packages/gtk-2.0</lib>
<lib>/usr/lib/python2.7/dist-packages/ubuntu-sso-client</lib>
<lib>/usr/lib/python2.7/dist-packages/wx-2.8-gtk2-unicode</lib>
<forced_lib>Image</forced_lib>
<forced_lib>OpenGL</forced_lib>
<forced_lib>__builtin__</forced_lib>
<forced_lib>__main__</forced_lib>
<forced_lib>_ast</forced_lib>
<forced_lib>_bisect</forced_lib>
<forced_lib>_bytesio</forced_lib>
<forced_lib>_codecs</forced_lib>
<forced_lib>_codecs_cn</forced_lib>
<forced_lib>_codecs_hk</forced_lib>
<forced_lib>_codecs_iso2022</forced_lib>
<forced_lib>_codecs_jp</forced_lib>
<forced_lib>_codecs_kr</forced_lib>
<forced_lib>_codecs_tw</forced_lib>
<forced_lib>_collections</forced_lib>
<forced_lib>_csv</forced_lib>
<forced_lib>_fileio</forced_lib>
<forced_lib>_functools</forced_lib>
<forced_lib>_heapq</forced_lib>
<forced_lib>_hotshot</forced_lib>
<forced_lib>_io</forced_lib>
<forced_lib>_json</forced_lib>
<forced_lib>_locale</forced_lib>
<forced_lib>_lsprof</forced_lib>
<forced_lib>_md5</forced_lib>
<forced_lib>_multibytecodec</forced_lib>
<forced_lib>_random</forced_lib>
<forced_lib>_sha</forced_lib>
<forced_lib>_sha256</forced_lib>
<forced_lib>_sha512</forced_lib>
<forced_lib>_socket</forced_lib>
<forced_lib>_sre</forced_lib>
<forced_lib>_struct</forced_lib>
<forced_lib>_subprocess</forced_lib>
<forced_lib>_symtable</forced_lib>
<forced_lib>_warnings</forced_lib>
<forced_lib>_weakref</forced_lib>
<forced_lib>_winreg</forced_lib>
<forced_lib>array</forced_lib>
<forced_lib>audioop</forced_lib>
<forced_lib>binascii</forced_lib>
<forced_lib>cPickle</forced_lib>
<forced_lib>cStringIO</forced_lib>
<forced_lib>cmath</forced_lib>
<forced_lib>datetime</forced_lib>
<forced_lib>email</forced_lib>
<forced_lib>errno</forced_lib>
<forced_lib>exceptions</forced_lib>
<forced_lib>fcntl</forced_lib>
<forced_lib>future_builtins</forced_lib>
<forced_lib>gc</forced_lib>
<forced_lib>gi</forced_lib>
<forced_lib>grp</forced_lib>
<forced_lib>hashlib</forced_lib>
<forced_lib>imageop</forced_lib>
<forced_lib>imp</forced_lib>
<forced_lib>itertools</forced_lib>
<forced_lib>marshal</forced_lib>
<forced_lib>math</forced_lib>
<forced_lib>mmap</forced_lib>
<forced_lib>msvcrt</forced_lib>
<forced_lib>nose</forced_lib>
<forced_lib>nose.tools</forced_lib>
<forced_lib>nt</forced_lib>
<forced_lib>numpy</forced_lib>
<forced_lib>operator</forced_lib>
<forced_lib>os</forced_lib>
<forced_lib>os.path</forced_lib>
<forced_lib>parser</forced_lib>
<forced_lib>posix</forced_lib>
<forced_lib>pwd</forced_lib>
<forced_lib>pytest</forced_lib>
<forced_lib>scipy</forced_lib>
<forced_lib>select</forced_lib>
<forced_lib>signal</forced_lib>
<forced_lib>socket</forced_lib>
<forced_lib>spwd</forced_lib>
<forced_lib>strop</forced_lib>
<forced_lib>sys</forced_lib>
<forced_lib>syslog</forced_lib>
<forced_lib>thread</forced_lib>
<forced_lib>time</forced_lib>
<forced_lib>unicodedata</forced_lib>
<forced_lib>wx</forced_lib>
<forced_lib>wxPython</forced_lib>
<forced_lib>xxsubtype</forced_lib>
<forced_lib>zipimport</forced_lib>
<forced_lib>zlib</forced_lib>
</xml>
- Ok, file is non-null. Getting info on:/usr/bin/python2.7
- Beggining task:Getting libs totalWork:100
- Setting task name:Mounting executable string...
- Setting task name:Executing:  /usr/bin/python2.7 -u /home/derek/Programs/eclipse/plugins/org.python.pydev_4.5.5.201603221110/pysrc/interpreterInfo.py
- Setting task name:Making pythonpath environment... /usr/bin/python2.7 -u /home/derek/Programs/eclipse/plugins/org.python.pydev_4.5.5.201603221110/pysrc/interpreterInfo.py
- Setting task name:Making exec... /usr/bin/python2.7 -u /home/derek/Programs/eclipse/plugins/org.python.pydev_4.5.5.201603221110/pysrc/interpreterInfo.py
- Setting task name:Reading output...
- Setting task name:Waiting for process to finish.
- Success getting the info. Result:<xml>
<name>python</name>
<version>2.7</version>
<executable>/usr/bin/python2.7</executable>
<lib>/usr/lib/python2.7</lib>
<lib>/usr/lib/python2.7/plat-x86_64-linux-gnu</lib>
<lib>/usr/lib/python2.7/lib-tk</lib>
<lib>/usr/lib/python2.7/lib-dynload</lib>
<lib>/usr/local/lib/python2.7/dist-packages</lib>
<lib>/usr/lib/python2.7/dist-packages</lib>
<lib>/usr/lib/python2.7/dist-packages/PILcompat</lib>
<lib>/usr/lib/python2.7/dist-packages/gtk-2.0</lib>
<lib>/usr/lib/python2.7/dist-packages/ubuntu-sso-client</lib>
<lib>/usr/lib/python2.7/dist-packages/wx-2.8-gtk2-unicode</lib>
<forced_lib>Image</forced_lib>
<forced_lib>OpenGL</forced_lib>
<forced_lib>__builtin__</forced_lib>
<forced_lib>__main__</forced_lib>
<forced_lib>_ast</forced_lib>
<forced_lib>_bisect</forced_lib>
<forced_lib>_bytesio</forced_lib>
<forced_lib>_codecs</forced_lib>
<forced_lib>_codecs_cn</forced_lib>
<forced_lib>_codecs_hk</forced_lib>
<forced_lib>_codecs_iso2022</forced_lib>
<forced_lib>_codecs_jp</forced_lib>
<forced_lib>_codecs_kr</forced_lib>
<forced_lib>_codecs_tw</forced_lib>
<forced_lib>_collections</forced_lib>
<forced_lib>_csv</forced_lib>
<forced_lib>_fileio</forced_lib>
<forced_lib>_functools</forced_lib>
<forced_lib>_heapq</forced_lib>
<forced_lib>_hotshot</forced_lib>
<forced_lib>_io</forced_lib>
<forced_lib>_json</forced_lib>
<forced_lib>_locale</forced_lib>
<forced_lib>_lsprof</forced_lib>
<forced_lib>_md5</forced_lib>
<forced_lib>_multibytecodec</forced_lib>
<forced_lib>_random</forced_lib>
<forced_lib>_sha</forced_lib>
<forced_lib>_sha256</forced_lib>
<forced_lib>_sha512</forced_lib>
<forced_lib>_socket</forced_lib>
<forced_lib>_sre</forced_lib>
<forced_lib>_struct</forced_lib>
<forced_lib>_subprocess</forced_lib>
<forced_lib>_symtable</forced_lib>
<forced_lib>_warnings</forced_lib>
<forced_lib>_weakref</forced_lib>
<forced_lib>_winreg</forced_lib>
<forced_lib>array</forced_lib>
<forced_lib>audioop</forced_lib>
<forced_lib>binascii</forced_lib>
<forced_lib>cPickle</forced_lib>
<forced_lib>cStringIO</forced_lib>
<forced_lib>cmath</forced_lib>
<forced_lib>datetime</forced_lib>
<forced_lib>email</forced_lib>
<forced_lib>errno</forced_lib>
<forced_lib>exceptions</forced_lib>
<forced_lib>fcntl</forced_lib>
<forced_lib>future_builtins</forced_lib>
<forced_lib>gc</forced_lib>
<forced_lib>gi</forced_lib>
<forced_lib>grp</forced_lib>
<forced_lib>hashlib</forced_lib>
<forced_lib>imageop</forced_lib>
<forced_lib>imp</forced_lib>
<forced_lib>itertools</forced_lib>
<forced_lib>marshal</forced_lib>
<forced_lib>math</forced_lib>
<forced_lib>mmap</forced_lib>
<forced_lib>msvcrt</forced_lib>
<forced_lib>nose</forced_lib>
<forced_lib>nose.tools</forced_lib>
<forced_lib>nt</forced_lib>
<forced_lib>numpy</forced_lib>
<forced_lib>operator</forced_lib>
<forced_lib>os</forced_lib>
<forced_lib>os.path</forced_lib>
<forced_lib>parser</forced_lib>
<forced_lib>posix</forced_lib>
<forced_lib>pwd</forced_lib>
<forced_lib>pytest</forced_lib>
<forced_lib>scipy</forced_lib>
<forced_lib>select</forced_lib>
<forced_lib>signal</forced_lib>
<forced_lib>socket</forced_lib>
<forced_lib>spwd</forced_lib>
<forced_lib>strop</forced_lib>
<forced_lib>sys</forced_lib>
<forced_lib>syslog</forced_lib>
<forced_lib>thread</forced_lib>
<forced_lib>time</forced_lib>
<forced_lib>unicodedata</forced_lib>
<forced_lib>wx</forced_lib>
<forced_lib>wxPython</forced_lib>
<forced_lib>xxsubtype</forced_lib>
<forced_lib>zipimport</forced_lib>
<forced_lib>zlib</forced_lib>
</xml>

!STACK 0
java.lang.RuntimeException: - Ok, file is non-null. Getting info on:/usr/bin/python
- Beggining task:Getting libs totalWork:100
- Setting task name:Mounting executable string...
- Setting task name:Executing:  /usr/bin/python -u /home/derek/Programs/eclipse/plugins/org.python.pydev_4.5.5.201603221110/pysrc/interpreterInfo.py
- Setting task name:Making pythonpath environment... /usr/bin/python -u /home/derek/Programs/eclipse/plugins/org.python.pydev_4.5.5.201603221110/pysrc/interpreterInfo.py
- Setting task name:Making exec... /usr/bin/python -u /home/derek/Programs/eclipse/plugins/org.python.pydev_4.5.5.201603221110/pysrc/interpreterInfo.py
- Setting task name:Reading output...
- Setting task name:Waiting for process to finish.
- Success getting the info. Result:<xml>
<name>python</name>
<version>2.7</version>
<executable>/usr/bin/python</executable>
<lib>/usr/lib/python2.7</lib>
<lib>/usr/lib/python2.7/plat-x86_64-linux-gnu</lib>
<lib>/usr/lib/python2.7/lib-tk</lib>
<lib>/usr/lib/python2.7/lib-dynload</lib>
<lib>/usr/local/lib/python2.7/dist-packages</lib>
<lib>/usr/lib/python2.7/dist-packages</lib>
<lib>/usr/lib/python2.7/dist-packages/PILcompat</lib>
<lib>/usr/lib/python2.7/dist-packages/gtk-2.0</lib>
<lib>/usr/lib/python2.7/dist-packages/ubuntu-sso-client</lib>
<lib>/usr/lib/python2.7/dist-packages/wx-2.8-gtk2-unicode</lib>
<forced_lib>Image</forced_lib>
<forced_lib>OpenGL</forced_lib>
<forced_lib>__builtin__</forced_lib>
<forced_lib>__main__</forced_lib>
<forced_lib>_ast</forced_lib>
<forced_lib>_bisect</forced_lib>
<forced_lib>_bytesio</forced_lib>
<forced_lib>_codecs</forced_lib>
<forced_lib>_codecs_cn</forced_lib>
<forced_lib>_codecs_hk</forced_lib>
<forced_lib>_codecs_iso2022</forced_lib>
<forced_lib>_codecs_jp</forced_lib>
<forced_lib>_codecs_kr</forced_lib>
<forced_lib>_codecs_tw</forced_lib>
<forced_lib>_collections</forced_lib>
<forced_lib>_csv</forced_lib>
<forced_lib>_fileio</forced_lib>
<forced_lib>_functools</forced_lib>
<forced_lib>_heapq</forced_lib>
<forced_lib>_hotshot</forced_lib>
<forced_lib>_io</forced_lib>
<forced_lib>_json</forced_lib>
<forced_lib>_locale</forced_lib>
<forced_lib>_lsprof</forced_lib>
<forced_lib>_md5</forced_lib>
<forced_lib>_multibytecodec</forced_lib>
<forced_lib>_random</forced_lib>
<forced_lib>_sha</forced_lib>
<forced_lib>_sha256</forced_lib>
<forced_lib>_sha512</forced_lib>
<forced_lib>_socket</forced_lib>
<forced_lib>_sre</forced_lib>
<forced_lib>_struct</forced_lib>
<forced_lib>_subprocess</forced_lib>
<forced_lib>_symtable</forced_lib>
<forced_lib>_warnings</forced_lib>
<forced_lib>_weakref</forced_lib>
<forced_lib>_winreg</forced_lib>
<forced_lib>array</forced_lib>
<forced_lib>audioop</forced_lib>
<forced_lib>binascii</forced_lib>
<forced_lib>cPickle</forced_lib>
<forced_lib>cStringIO</forced_lib>
<forced_lib>cmath</forced_lib>
<forced_lib>datetime</forced_lib>
<forced_lib>email</forced_lib>
<forced_lib>errno</forced_lib>
<forced_lib>exceptions</forced_lib>
<forced_lib>fcntl</forced_lib>
<forced_lib>future_builtins</forced_lib>
<forced_lib>gc</forced_lib>
<forced_lib>gi</forced_lib>
<forced_lib>grp</forced_lib>
<forced_lib>hashlib</forced_lib>
<forced_lib>imageop</forced_lib>
<forced_lib>imp</forced_lib>
<forced_lib>itertools</forced_lib>
<forced_lib>marshal</forced_lib>
<forced_lib>math</forced_lib>
<forced_lib>mmap</forced_lib>
<forced_lib>msvcrt</forced_lib>
<forced_lib>nose</forced_lib>
<forced_lib>nose.tools</forced_lib>
<forced_lib>nt</forced_lib>
<forced_lib>numpy</forced_lib>
<forced_lib>operator</forced_lib>
<forced_lib>os</forced_lib>
<forced_lib>os.path</forced_lib>
<forced_lib>parser</forced_lib>
<forced_lib>posix</forced_lib>
<forced_lib>pwd</forced_lib>
<forced_lib>pytest</forced_lib>
<forced_lib>scipy</forced_lib>
<forced_lib>select</forced_lib>
<forced_lib>signal</forced_lib>
<forced_lib>socket</forced_lib>
<forced_lib>spwd</forced_lib>
<forced_lib>strop</forced_lib>
<forced_lib>sys</forced_lib>
<forced_lib>syslog</forced_lib>
<forced_lib>thread</forced_lib>
<forced_lib>time</forced_lib>
<forced_lib>unicodedata</forced_lib>
<forced_lib>wx</forced_lib>
<forced_lib>wxPython</forced_lib>
<forced_lib>xxsubtype</forced_lib>
<forced_lib>zipimport</forced_lib>
<forced_lib>zlib</forced_lib>
</xml>
- Ok, file is non-null. Getting info on:/usr/bin/python3.4
- Beggining task:Getting libs totalWork:100
- Setting task name:Mounting executable string...
- Setting task name:Executing:  /usr/bin/python3.4 -u /home/derek/Programs/eclipse/plugins/org.python.pydev_4.5.5.201603221110/pysrc/interpreterInfo.py
- Setting task name:Making pythonpath environment... /usr/bin/python3.4 -u /home/derek/Programs/eclipse/plugins/org.python.pydev_4.5.5.201603221110/pysrc/interpreterInfo.py
- Setting task name:Making exec... /usr/bin/python3.4 -u /home/derek/Programs/eclipse/plugins/org.python.pydev_4.5.5.201603221110/pysrc/interpreterInfo.py
- Setting task name:Reading output...
- Setting task name:Waiting for process to finish.
- Success getting the info. Result:<xml>
<name>python</name>
<version>3.4</version>
<executable>/usr/bin/python3.4</executable>
<lib>/usr/lib/python3.4</lib>
<lib>/usr/lib/python3.4/plat-x86_64-linux-gnu</lib>
<lib>/usr/lib/python3.4/lib-dynload</lib>
<lib>/usr/local/lib/python3.4/dist-packages</lib>
<lib>/usr/lib/python3/dist-packages</lib>
<forced_lib>Image</forced_lib>
<forced_lib>OpenGL</forced_lib>
<forced_lib>_ast</forced_lib>
<forced_lib>_bisect</forced_lib>
<forced_lib>_bytesio</forced_lib>
<forced_lib>_codecs</forced_lib>
<forced_lib>_codecs_cn</forced_lib>
<forced_lib>_codecs_hk</forced_lib>
<forced_lib>_codecs_iso2022</forced_lib>
<forced_lib>_codecs_jp</forced_lib>
<forced_lib>_codecs_kr</forced_lib>
<forced_lib>_codecs_tw</forced_lib>
<forced_lib>_collections</forced_lib>
<forced_lib>_csv</forced_lib>
<forced_lib>_datetime</forced_lib>
<forced_lib>_elementtree</forced_lib>
<forced_lib>_fileio</forced_lib>
<forced_lib>_functools</forced_lib>
<forced_lib>_heapq</forced_lib>
<forced_lib>_hotshot</forced_lib>
<forced_lib>_imp</forced_lib>
<forced_lib>_io</forced_lib>
<forced_lib>_json</forced_lib>
<forced_lib>_locale</forced_lib>
<forced_lib>_lsprof</forced_lib>
<forced_lib>_md5</forced_lib>
<forced_lib>_multibytecodec</forced_lib>
<forced_lib>_operator</forced_lib>
<forced_lib>_pickle</forced_lib>
<forced_lib>_posixsubprocess</forced_lib>
<forced_lib>_random</forced_lib>
<forced_lib>_sha</forced_lib>
<forced_lib>_sha1</forced_lib>
<forced_lib>_sha256</forced_lib>
<forced_lib>_sha512</forced_lib>
<forced_lib>_socket</forced_lib>
<forced_lib>_sre</forced_lib>
<forced_lib>_stat</forced_lib>
<forced_lib>_string</forced_lib>
<forced_lib>_struct</forced_lib>
<forced_lib>_subprocess</forced_lib>
<forced_lib>_symtable</forced_lib>
<forced_lib>_thread</forced_lib>
<forced_lib>_tracemalloc</forced_lib>
<forced_lib>_warnings</forced_lib>
<forced_lib>_weakref</forced_lib>
<forced_lib>_winreg</forced_lib>
<forced_lib>array</forced_lib>
<forced_lib>atexit</forced_lib>
<forced_lib>audioop</forced_lib>
<forced_lib>binascii</forced_lib>
<forced_lib>builtins</forced_lib>
<forced_lib>cPickle</forced_lib>
<forced_lib>cStringIO</forced_lib>
<forced_lib>cmath</forced_lib>
<forced_lib>datetime</forced_lib>
<forced_lib>email</forced_lib>
<forced_lib>errno</forced_lib>
<forced_lib>exceptions</forced_lib>
<forced_lib>faulthandler</forced_lib>
<forced_lib>fcntl</forced_lib>
<forced_lib>future_builtins</forced_lib>
<forced_lib>gc</forced_lib>
<forced_lib>gi</forced_lib>
<forced_lib>grp</forced_lib>
<forced_lib>hashlib</forced_lib>
<forced_lib>imageop</forced_lib>
<forced_lib>imp</forced_lib>
<forced_lib>itertools</forced_lib>
<forced_lib>marshal</forced_lib>
<forced_lib>math</forced_lib>
<forced_lib>mmap</forced_lib>
<forced_lib>msvcrt</forced_lib>
<forced_lib>nt</forced_lib>
<forced_lib>numpy</forced_lib>
<forced_lib>operator</forced_lib>
<forced_lib>os</forced_lib>
<forced_lib>os.path</forced_lib>
<forced_lib>parser</forced_lib>
<forced_lib>posix</forced_lib>
<forced_lib>pwd</forced_lib>
<forced_lib>pyexpat</forced_lib>
<forced_lib>pytest</forced_lib>
<forced_lib>scipy</forced_lib>
<forced_lib>select</forced_lib>
<forced_lib>signal</forced_lib>
<forced_lib>socket</forced_lib>
<forced_lib>spwd</forced_lib>
<forced_lib>strop</forced_lib>
<forced_lib>sys</forced_lib>
<forced_lib>syslog</forced_lib>
<forced_lib>thread</forced_lib>
<forced_lib>time</forced_lib>
<forced_lib>unicodedata</forced_lib>
<forced_lib>wx</forced_lib>
<forced_lib>wxPython</forced_lib>
<forced_lib>xxsubtype</forced_lib>
<forced_lib>zipimport</forced_lib>
<forced_lib>zlib</forced_lib>
</xml>
- Ok, file is non-null. Getting info on:/usr/bin/python2
- Beggining task:Getting libs totalWork:100
- Setting task name:Mounting executable string...
- Setting task name:Executing:  /usr/bin/python2 -u /home/derek/Programs/eclipse/plugins/org.python.pydev_4.5.5.201603221110/pysrc/interpreterInfo.py
- Setting task name:Making pythonpath environment... /usr/bin/python2 -u /home/derek/Programs/eclipse/plugins/org.python.pydev_4.5.5.201603221110/pysrc/interpreterInfo.py
- Setting task name:Making exec... /usr/bin/python2 -u /home/derek/Programs/eclipse/plugins/org.python.pydev_4.5.5.201603221110/pysrc/interpreterInfo.py
- Setting task name:Reading output...
- Setting task name:Waiting for process to finish.
- Success getting the info. Result:<xml>
<name>python</name>
<version>2.7</version>
<executable>/usr/bin/python2</executable>
<lib>/usr/lib/python2.7</lib>
<lib>/usr/lib/python2.7/plat-x86_64-linux-gnu</lib>
<lib>/usr/lib/python2.7/lib-tk</lib>
<lib>/usr/lib/python2.7/lib-dynload</lib>
<lib>/usr/local/lib/python2.7/dist-packages</lib>
<lib>/usr/lib/python2.7/dist-packages</lib>
<lib>/usr/lib/python2.7/dist-packages/PILcompat</lib>
<lib>/usr/lib/python2.7/dist-packages/gtk-2.0</lib>
<lib>/usr/lib/python2.7/dist-packages/ubuntu-sso-client</lib>
<lib>/usr/lib/python2.7/dist-packages/wx-2.8-gtk2-unicode</lib>
<forced_lib>Image</forced_lib>
<forced_lib>OpenGL</forced_lib>
<forced_lib>__builtin__</forced_lib>
<forced_lib>__main__</forced_lib>
<forced_lib>_ast</forced_lib>
<forced_lib>_bisect</forced_lib>
<forced_lib>_bytesio</forced_lib>
<forced_lib>_codecs</forced_lib>
<forced_lib>_codecs_cn</forced_lib>
<forced_lib>_codecs_hk</forced_lib>
<forced_lib>_codecs_iso2022</forced_lib>
<forced_lib>_codecs_jp</forced_lib>
<forced_lib>_codecs_kr</forced_lib>
<forced_lib>_codecs_tw</forced_lib>
<forced_lib>_collections</forced_lib>
<forced_lib>_csv</forced_lib>
<forced_lib>_fileio</forced_lib>
<forced_lib>_functools</forced_lib>
<forced_lib>_heapq</forced_lib>
<forced_lib>_hotshot</forced_lib>
<forced_lib>_io</forced_lib>
<forced_lib>_json</forced_lib>
<forced_lib>_locale</forced_lib>
<forced_lib>_lsprof</forced_lib>
<forced_lib>_md5</forced_lib>
<forced_lib>_multibytecodec</forced_lib>
<forced_lib>_random</forced_lib>
<forced_lib>_sha</forced_lib>
<forced_lib>_sha256</forced_lib>
<forced_lib>_sha512</forced_lib>
<forced_lib>_socket</forced_lib>
<forced_lib>_sre</forced_lib>
<forced_lib>_struct</forced_lib>
<forced_lib>_subprocess</forced_lib>
<forced_lib>_symtable</forced_lib>
<forced_lib>_warnings</forced_lib>
<forced_lib>_weakref</forced_lib>
<forced_lib>_winreg</forced_lib>
<forced_lib>array</forced_lib>
<forced_lib>audioop</forced_lib>
<forced_lib>binascii</forced_lib>
<forced_lib>cPickle</forced_lib>
<forced_lib>cStringIO</forced_lib>
<forced_lib>cmath</forced_lib>
<forced_lib>datetime</forced_lib>
<forced_lib>email</forced_lib>
<forced_lib>errno</forced_lib>
<forced_lib>exceptions</forced_lib>
<forced_lib>fcntl</forced_lib>
<forced_lib>future_builtins</forced_lib>
<forced_lib>gc</forced_lib>
<forced_lib>gi</forced_lib>
<forced_lib>grp</forced_lib>
<forced_lib>hashlib</forced_lib>
<forced_lib>imageop</forced_lib>
<forced_lib>imp</forced_lib>
<forced_lib>itertools</forced_lib>
<forced_lib>marshal</forced_lib>
<forced_lib>math</forced_lib>
<forced_lib>mmap</forced_lib>
<forced_lib>msvcrt</forced_lib>
<forced_lib>nose</forced_lib>
<forced_lib>nose.tools</forced_lib>
<forced_lib>nt</forced_lib>
<forced_lib>numpy</forced_lib>
<forced_lib>operator</forced_lib>
<forced_lib>os</forced_lib>
<forced_lib>os.path</forced_lib>
<forced_lib>parser</forced_lib>
<forced_lib>posix</forced_lib>
<forced_lib>pwd</forced_lib>
<forced_lib>pytest</forced_lib>
<forced_lib>scipy</forced_lib>
<forced_lib>select</forced_lib>
<forced_lib>signal</forced_lib>
<forced_lib>socket</forced_lib>
<forced_lib>spwd</forced_lib>
<forced_lib>strop</forced_lib>
<forced_lib>sys</forced_lib>
<forced_lib>syslog</forced_lib>
<forced_lib>thread</forced_lib>
<forced_lib>time</forced_lib>
<forced_lib>unicodedata</forced_lib>
<forced_lib>wx</forced_lib>
<forced_lib>wxPython</forced_lib>
<forced_lib>xxsubtype</forced_lib>
<forced_lib>zipimport</forced_lib>
<forced_lib>zlib</forced_lib>
</xml>
- Ok, file is non-null. Getting info on:/usr/bin/python3
- Beggining task:Getting libs totalWork:100
- Setting task name:Mounting executable string...
- Setting task name:Executing:  /usr/bin/python3 -u /home/derek/Programs/eclipse/plugins/org.python.pydev_4.5.5.201603221110/pysrc/interpreterInfo.py
- Setting task name:Making pythonpath environment... /usr/bin/python3 -u /home/derek/Programs/eclipse/plugins/org.python.pydev_4.5.5.201603221110/pysrc/interpreterInfo.py
- Setting task name:Making exec... /usr/bin/python3 -u /home/derek/Programs/eclipse/plugins/org.python.pydev_4.5.5.201603221110/pysrc/interpreterInfo.py
- Setting task name:Reading output...
- Setting task name:Waiting for process to finish.
- Success getting the info. Result:<xml>
<name>python</name>
<version>3.4</version>
<executable>/usr/bin/python3</executable>
<lib>/usr/lib/python3.4</lib>
<lib>/usr/lib/python3.4/plat-x86_64-linux-gnu</lib>
<lib>/usr/lib/python3.4/lib-dynload</lib>
<lib>/usr/local/lib/python3.4/dist-packages</lib>
<lib>/usr/lib/python3/dist-packages</lib>
<forced_lib>Image</forced_lib>
<forced_lib>OpenGL</forced_lib>
<forced_lib>_ast</forced_lib>
<forced_lib>_bisect</forced_lib>
<forced_lib>_bytesio</forced_lib>
<forced_lib>_codecs</forced_lib>
<forced_lib>_codecs_cn</forced_lib>
<forced_lib>_codecs_hk</forced_lib>
<forced_lib>_codecs_iso2022</forced_lib>
<forced_lib>_codecs_jp</forced_lib>
<forced_lib>_codecs_kr</forced_lib>
<forced_lib>_codecs_tw</forced_lib>
<forced_lib>_collections</forced_lib>
<forced_lib>_csv</forced_lib>
<forced_lib>_datetime</forced_lib>
<forced_lib>_elementtree</forced_lib>
<forced_lib>_fileio</forced_lib>
<forced_lib>_functools</forced_lib>
<forced_lib>_heapq</forced_lib>
<forced_lib>_hotshot</forced_lib>
<forced_lib>_imp</forced_lib>
<forced_lib>_io</forced_lib>
<forced_lib>_json</forced_lib>
<forced_lib>_locale</forced_lib>
<forced_lib>_lsprof</forced_lib>
<forced_lib>_md5</forced_lib>
<forced_lib>_multibytecodec</forced_lib>
<forced_lib>_operator</forced_lib>
<forced_lib>_pickle</forced_lib>
<forced_lib>_posixsubprocess</forced_lib>
<forced_lib>_random</forced_lib>
<forced_lib>_sha</forced_lib>
<forced_lib>_sha1</forced_lib>
<forced_lib>_sha256</forced_lib>
<forced_lib>_sha512</forced_lib>
<forced_lib>_socket</forced_lib>
<forced_lib>_sre</forced_lib>
<forced_lib>_stat</forced_lib>
<forced_lib>_string</forced_lib>
<forced_lib>_struct</forced_lib>
<forced_lib>_subprocess</forced_lib>
<forced_lib>_symtable</forced_lib>
<forced_lib>_thread</forced_lib>
<forced_lib>_tracemalloc</forced_lib>
<forced_lib>_warnings</forced_lib>
<forced_lib>_weakref</forced_lib>
<forced_lib>_winreg</forced_lib>
<forced_lib>array</forced_lib>
<forced_lib>atexit</forced_lib>
<forced_lib>audioop</forced_lib>
<forced_lib>binascii</forced_lib>
<forced_lib>builtins</forced_lib>
<forced_lib>cPickle</forced_lib>
<forced_lib>cStringIO</forced_lib>
<forced_lib>cmath</forced_lib>
<forced_lib>datetime</forced_lib>
<forced_lib>email</forced_lib>
<forced_lib>errno</forced_lib>
<forced_lib>exceptions</forced_lib>
<forced_lib>faulthandler</forced_lib>
<forced_lib>fcntl</forced_lib>
<forced_lib>future_builtins</forced_lib>
<forced_lib>gc</forced_lib>
<forced_lib>gi</forced_lib>
<forced_lib>grp</forced_lib>
<forced_lib>hashlib</forced_lib>
<forced_lib>imageop</forced_lib>
<forced_lib>imp</forced_lib>
<forced_lib>itertools</forced_lib>
<forced_lib>marshal</forced_lib>
<forced_lib>math</forced_lib>
<forced_lib>mmap</forced_lib>
<forced_lib>msvcrt</forced_lib>
<forced_lib>nt</forced_lib>
<forced_lib>numpy</forced_lib>
<forced_lib>operator</forced_lib>
<forced_lib>os</forced_lib>
<forced_lib>os.path</forced_lib>
<forced_lib>parser</forced_lib>
<forced_lib>posix</forced_lib>
<forced_lib>pwd</forced_lib>
<forced_lib>pyexpat</forced_lib>
<forced_lib>pytest</forced_lib>
<forced_lib>scipy</forced_lib>
<forced_lib>select</forced_lib>
<forced_lib>signal</forced_lib>
<forced_lib>socket</forced_lib>
<forced_lib>spwd</forced_lib>
<forced_lib>strop</forced_lib>
<forced_lib>sys</forced_lib>
<forced_lib>syslog</forced_lib>
<forced_lib>thread</forced_lib>
<forced_lib>time</forced_lib>
<forced_lib>unicodedata</forced_lib>
<forced_lib>wx</forced_lib>
<forced_lib>wxPython</forced_lib>
<forced_lib>xxsubtype</forced_lib>
<forced_lib>zipimport</forced_lib>
<forced_lib>zlib</forced_lib>
</xml>
- Ok, file is non-null. Getting info on:/usr/bin/python2.7
- Beggining task:Getting libs totalWork:100
- Setting task name:Mounting executable string...
- Setting task name:Executing:  /usr/bin/python2.7 -u /home/derek/Programs/eclipse/plugins/org.python.pydev_4.5.5.201603221110/pysrc/interpreterInfo.py
- Setting task name:Making pythonpath environment... /usr/bin/python2.7 -u /home/derek/Programs/eclipse/plugins/org.python.pydev_4.5.5.201603221110/pysrc/interpreterInfo.py
- Setting task name:Making exec... /usr/bin/python2.7 -u /home/derek/Programs/eclipse/plugins/org.python.pydev_4.5.5.201603221110/pysrc/interpreterInfo.py
- Setting task name:Reading output...
- Setting task name:Waiting for process to finish.
- Success getting the info. Result:<xml>
<name>python</name>
<version>2.7</version>
<executable>/usr/bin/python2.7</executable>
<lib>/usr/lib/python2.7</lib>
<lib>/usr/lib/python2.7/plat-x86_64-linux-gnu</lib>
<lib>/usr/lib/python2.7/lib-tk</lib>
<lib>/usr/lib/python2.7/lib-dynload</lib>
<lib>/usr/local/lib/python2.7/dist-packages</lib>
<lib>/usr/lib/python2.7/dist-packages</lib>
<lib>/usr/lib/python2.7/dist-packages/PILcompat</lib>
<lib>/usr/lib/python2.7/dist-packages/gtk-2.0</lib>
<lib>/usr/lib/python2.7/dist-packages/ubuntu-sso-client</lib>
<lib>/usr/lib/python2.7/dist-packages/wx-2.8-gtk2-unicode</lib>
<forced_lib>Image</forced_lib>
<forced_lib>OpenGL</forced_lib>
<forced_lib>__builtin__</forced_lib>
<forced_lib>__main__</forced_lib>
<forced_lib>_ast</forced_lib>
<forced_lib>_bisect</forced_lib>
<forced_lib>_bytesio</forced_lib>
<forced_lib>_codecs</forced_lib>
<forced_lib>_codecs_cn</forced_lib>
<forced_lib>_codecs_hk</forced_lib>
<forced_lib>_codecs_iso2022</forced_lib>
<forced_lib>_codecs_jp</forced_lib>
<forced_lib>_codecs_kr</forced_lib>
<forced_lib>_codecs_tw</forced_lib>
<forced_lib>_collections</forced_lib>
<forced_lib>_csv</forced_lib>
<forced_lib>_fileio</forced_lib>
<forced_lib>_functools</forced_lib>
<forced_lib>_heapq</forced_lib>
<forced_lib>_hotshot</forced_lib>
<forced_lib>_io</forced_lib>
<forced_lib>_json</forced_lib>
<forced_lib>_locale</forced_lib>
<forced_lib>_lsprof</forced_lib>
<forced_lib>_md5</forced_lib>
<forced_lib>_multibytecodec</forced_lib>
<forced_lib>_random</forced_lib>
<forced_lib>_sha</forced_lib>
<forced_lib>_sha256</forced_lib>
<forced_lib>_sha512</forced_lib>
<forced_lib>_socket</forced_lib>
<forced_lib>_sre</forced_lib>
<forced_lib>_struct</forced_lib>
<forced_lib>_subprocess</forced_lib>
<forced_lib>_symtable</forced_lib>
<forced_lib>_warnings</forced_lib>
<forced_lib>_weakref</forced_lib>
<forced_lib>_winreg</forced_lib>
<forced_lib>array</forced_lib>
<forced_lib>audioop</forced_lib>
<forced_lib>binascii</forced_lib>
<forced_lib>cPickle</forced_lib>
<forced_lib>cStringIO</forced_lib>
<forced_lib>cmath</forced_lib>
<forced_lib>datetime</forced_lib>
<forced_lib>email</forced_lib>
<forced_lib>errno</forced_lib>
<forced_lib>exceptions</forced_lib>
<forced_lib>fcntl</forced_lib>
<forced_lib>future_builtins</forced_lib>
<forced_lib>gc</forced_lib>
<forced_lib>gi</forced_lib>
<forced_lib>grp</forced_lib>
<forced_lib>hashlib</forced_lib>
<forced_lib>imageop</forced_lib>
<forced_lib>imp</forced_lib>
<forced_lib>itertools</forced_lib>
<forced_lib>marshal</forced_lib>
<forced_lib>math</forced_lib>
<forced_lib>mmap</forced_lib>
<forced_lib>msvcrt</forced_lib>
<forced_lib>nose</forced_lib>
<forced_lib>nose.tools</forced_lib>
<forced_lib>nt</forced_lib>
<forced_lib>numpy</forced_lib>
<forced_lib>operator</forced_lib>
<forced_lib>os</forced_lib>
<forced_lib>os.path</forced_lib>
<forced_lib>parser</forced_lib>
<forced_lib>posix</forced_lib>
<forced_lib>pwd</forced_lib>
<forced_lib>pytest</forced_lib>
<forced_lib>scipy</forced_lib>
<forced_lib>select</forced_lib>
<forced_lib>signal</forced_lib>
<forced_lib>socket</forced_lib>
<forced_lib>spwd</forced_lib>
<forced_lib>strop</forced_lib>
<forced_lib>sys</forced_lib>
<forced_lib>syslog</forced_lib>
<forced_lib>thread</forced_lib>
<forced_lib>time</forced_lib>
<forced_lib>unicodedata</forced_lib>
<forced_lib>wx</forced_lib>
<forced_lib>wxPython</forced_lib>
<forced_lib>xxsubtype</forced_lib>
<forced_lib>zipimport</forced_lib>
<forced_lib>zlib</forced_lib>
</xml>
- Ok, file is non-null. Getting info on:/usr/bin/python2.7
- Beggining task:Getting libs totalWork:100
- Setting task name:Mounting executable string...
- Setting task name:Executing:  /usr/bin/python2.7 -u /home/derek/Programs/eclipse/plugins/org.python.pydev_4.5.5.201603221110/pysrc/interpreterInfo.py
- Setting task name:Making pythonpath environment... /usr/bin/python2.7 -u /home/derek/Programs/eclipse/plugins/org.python.pydev_4.5.5.201603221110/pysrc/interpreterInfo.py
- Setting task name:Making exec... /usr/bin/python2.7 -u /home/derek/Programs/eclipse/plugins/org.python.pydev_4.5.5.201603221110/pysrc/interpreterInfo.py
- Setting task name:Reading output...
- Setting task name:Waiting for process to finish.
- Success getting the info. Result:<xml>
<name>python</name>
<version>2.7</version>
<executable>/usr/bin/python2.7</executable>
<lib>/usr/lib/python2.7</lib>
<lib>/usr/lib/python2.7/plat-x86_64-linux-gnu</lib>
<lib>/usr/lib/python2.7/lib-tk</lib>
<lib>/usr/lib/python2.7/lib-dynload</lib>
<lib>/usr/local/lib/python2.7/dist-packages</lib>
<lib>/usr/lib/python2.7/dist-packages</lib>
<lib>/usr/lib/python2.7/dist-packages/PILcompat</lib>
<lib>/usr/lib/python2.7/dist-packages/gtk-2.0</lib>
<lib>/usr/lib/python2.7/dist-packages/ubuntu-sso-client</lib>
<lib>/usr/lib/python2.7/dist-packages/wx-2.8-gtk2-unicode</lib>
<forced_lib>Image</forced_lib>
<forced_lib>OpenGL</forced_lib>
<forced_lib>__builtin__</forced_lib>
<forced_lib>__main__</forced_lib>
<forced_lib>_ast</forced_lib>
<forced_lib>_bisect</forced_lib>
<forced_lib>_bytesio</forced_lib>
<forced_lib>_codecs</forced_lib>
<forced_lib>_codecs_cn</forced_lib>
<forced_lib>_codecs_hk</forced_lib>
<forced_lib>_codecs_iso2022</forced_lib>
<forced_lib>_codecs_jp</forced_lib>
<forced_lib>_codecs_kr</forced_lib>
<forced_lib>_codecs_tw</forced_lib>
<forced_lib>_collections</forced_lib>
<forced_lib>_csv</forced_lib>
<forced_lib>_fileio</forced_lib>
<forced_lib>_functools</forced_lib>
<forced_lib>_heapq</forced_lib>
<forced_lib>_hotshot</forced_lib>
<forced_lib>_io</forced_lib>
<forced_lib>_json</forced_lib>
<forced_lib>_locale</forced_lib>
<forced_lib>_lsprof</forced_lib>
<forced_lib>_md5</forced_lib>
<forced_lib>_multibytecodec</forced_lib>
<forced_lib>_random</forced_lib>
<forced_lib>_sha</forced_lib>
<forced_lib>_sha256</forced_lib>
<forced_lib>_sha512</forced_lib>
<forced_lib>_socket</forced_lib>
<forced_lib>_sre</forced_lib>
<forced_lib>_struct</forced_lib>
<forced_lib>_subprocess</forced_lib>
<forced_lib>_symtable</forced_lib>
<forced_lib>_warnings</forced_lib>
<forced_lib>_weakref</forced_lib>
<forced_lib>_winreg</forced_lib>
<forced_lib>array</forced_lib>
<forced_lib>audioop</forced_lib>
<forced_lib>binascii</forced_lib>
<forced_lib>cPickle</forced_lib>
<forced_lib>cStringIO</forced_lib>
<forced_lib>cmath</forced_lib>
<forced_lib>datetime</forced_lib>
<forced_lib>email</forced_lib>
<forced_lib>errno</forced_lib>
<forced_lib>exceptions</forced_lib>
<forced_lib>fcntl</forced_lib>
<forced_lib>future_builtins</forced_lib>
<forced_lib>gc</forced_lib>
<forced_lib>gi</forced_lib>
<forced_lib>grp</forced_lib>
<forced_lib>hashlib</forced_lib>
<forced_lib>imageop</forced_lib>
<forced_lib>imp</forced_lib>
<forced_lib>itertools</forced_lib>
<forced_lib>marshal</forced_lib>
<forced_lib>math</forced_lib>
<forced_lib>mmap</forced_lib>
<forced_lib>msvcrt</forced_lib>
<forced_lib>nose</forced_lib>
<forced_lib>nose.tools</forced_lib>
<forced_lib>nt</forced_lib>
<forced_lib>numpy</forced_lib>
<forced_lib>operator</forced_lib>
<forced_lib>os</forced_lib>
<forced_lib>os.path</forced_lib>
<forced_lib>parser</forced_lib>
<forced_lib>posix</forced_lib>
<forced_lib>pwd</forced_lib>
<forced_lib>pytest</forced_lib>
<forced_lib>scipy</forced_lib>
<forced_lib>select</forced_lib>
<forced_lib>signal</forced_lib>
<forced_lib>socket</forced_lib>
<forced_lib>spwd</forced_lib>
<forced_lib>strop</forced_lib>
<forced_lib>sys</forced_lib>
<forced_lib>syslog</forced_lib>
<forced_lib>thread</forced_lib>
<forced_lib>time</forced_lib>
<forced_lib>unicodedata</forced_lib>
<forced_lib>wx</forced_lib>
<forced_lib>wxPython</forced_lib>
<forced_lib>xxsubtype</forced_lib>
<forced_lib>zipimport</forced_lib>
<forced_lib>zlib</forced_lib>
</xml>

	at org.python.pydev.core.log.Log.logInfo(Log.java:66)
	at org.python.pydev.ui.pythonpathconf.AutoConfigMaker.autoConfigSingleApply(AutoConfigMaker.java:177)
	at org.python.pydev.ui.PyProjectPythonDetails$ProjectInterpreterAndGrammarConfig$2.widgetSelected(PyProjectPythonDetails.java:273)
	at org.eclipse.swt.widgets.TypedListener.handleEvent(TypedListener.java:248)
	at org.eclipse.swt.widgets.EventTable.sendEvent(EventTable.java:84)
	at org.eclipse.swt.widgets.Display.sendEvent(Display.java:4481)
	at org.eclipse.swt.widgets.Widget.sendEvent(Widget.java:1329)
	at org.eclipse.swt.widgets.Widget.sendEvent(Widget.java:1353)
	at org.eclipse.swt.widgets.Widget.sendSelectionEvent(Widget.java:1467)
	at org.eclipse.swt.widgets.Link.gtk_button_release_event(Link.java:372)
	at org.eclipse.swt.widgets.Widget.windowProc(Widget.java:1960)
	at org.eclipse.swt.widgets.Control.windowProc(Control.java:5685)
	at org.eclipse.swt.widgets.Display.windowProc(Display.java:4717)
	at org.eclipse.swt.internal.gtk.OS._gtk_main_do_event(Native Method)
	at org.eclipse.swt.internal.gtk.OS.gtk_main_do_event(OS.java:9326)
	at org.eclipse.swt.widgets.Display.eventProc(Display.java:1225)
	at org.eclipse.swt.internal.gtk.OS._g_main_context_iteration(Native Method)
	at org.eclipse.swt.internal.gtk.OS.g_main_context_iteration(OS.java:2435)
	at org.eclipse.swt.widgets.Display.readAndDispatch(Display.java:3428)
	at org.eclipse.jface.window.Window.runEventLoop(Window.java:827)
	at org.eclipse.jface.window.Window.open(Window.java:803)
	at org.eclipse.ui.actions.NewProjectAction.run(NewProjectAction.java:115)
	at org.eclipse.jface.action.Action.runWithEvent(Action.java:473)
	at org.eclipse.jface.action.ActionContributionItem.handleWidgetSelection(ActionContributionItem.java:595)
	at org.eclipse.jface.action.ActionContributionItem.access$2(ActionContributionItem.java:511)
	at org.eclipse.jface.action.ActionContributionItem$5.handleEvent(ActionContributionItem.java:420)
	at org.eclipse.swt.widgets.EventTable.sendEvent(EventTable.java:84)
	at org.eclipse.swt.widgets.Display.sendEvent(Display.java:4481)
	at org.eclipse.swt.widgets.Widget.sendEvent(Widget.java:1329)
	at org.eclipse.swt.widgets.Display.runDeferredEvents(Display.java:3819)
	at org.eclipse.swt.widgets.Display.readAndDispatch(Display.java:3430)
	at org.eclipse.e4.ui.internal.workbench.swt.PartRenderingEngine$4.run(PartRenderingEngine.java:1127)
	at org.eclipse.core.databinding.observable.Realm.runWithDefault(Realm.java:337)
	at org.eclipse.e4.ui.internal.workbench.swt.PartRenderingEngine.run(PartRenderingEngine.java:1018)
	at org.eclipse.e4.ui.internal.workbench.E4Workbench.createAndRunUI(E4Workbench.java:156)
	at org.eclipse.ui.internal.Workbench$5.run(Workbench.java:694)
	at org.eclipse.core.databinding.observable.Realm.runWithDefault(Realm.java:337)
	at org.eclipse.ui.internal.Workbench.createAndRunWorkbench(Workbench.java:606)
	at org.eclipse.ui.PlatformUI.createAndRunWorkbench(PlatformUI.java:150)
	at org.eclipse.ui.internal.ide.application.IDEApplication.start(IDEApplication.java:139)
	at org.eclipse.equinox.internal.app.EclipseAppHandle.run(EclipseAppHandle.java:196)
	at org.eclipse.core.runtime.internal.adaptor.EclipseAppLauncher.runApplication(EclipseAppLauncher.java:134)
	at org.eclipse.core.runtime.internal.adaptor.EclipseAppLauncher.start(EclipseAppLauncher.java:104)
	at org.eclipse.core.runtime.adaptor.EclipseStarter.run(EclipseStarter.java:380)
	at org.eclipse.core.runtime.adaptor.EclipseStarter.run(EclipseStarter.java:235)
	at sun.reflect.NativeMethodAccessorImpl.invoke0(Native Method)
	at sun.reflect.NativeMethodAccessorImpl.invoke(NativeMethodAccessorImpl.java:57)
	at sun.reflect.DelegatingMethodAccessorImpl.invoke(DelegatingMethodAccessorImpl.java:43)
	at java.lang.reflect.Method.invoke(Method.java:606)
	at org.eclipse.equinox.launcher.Main.invokeFramework(Main.java:669)
	at org.eclipse.equinox.launcher.Main.basicRun(Main.java:608)
	at org.eclipse.equinox.launcher.Main.run(Main.java:1515)
	at org.eclipse.equinox.launcher.Main.main(Main.java:1488)

!ENTRY org.python.pydev.shared_core 1 1 2016-04-02 08:21:01.306
!MESSAGE Restoring info for: /usr/bin/python2.7
!STACK 0
java.lang.RuntimeException: Restoring info for: /usr/bin/python2.7
	at org.python.pydev.ui.interpreters.AbstractInterpreterManager.getInterpretersFromPersistedString(AbstractInterpreterManager.java:529)
	at org.python.pydev.ui.interpreters.AbstractInterpreterManager.internalRecreateCacheGetInterpreterInfos(AbstractInterpreterManager.java:345)
	at org.python.pydev.ui.interpreters.AbstractInterpreterManager.setInfos(AbstractInterpreterManager.java:655)
	at org.python.pydev.ui.pythonpathconf.AutoConfigMaker$1.run(AutoConfigMaker.java:137)
	at org.eclipse.core.internal.jobs.Worker.run(Worker.java:55)
Caused by: java.io.IOException: Expecting: /home/derek/Projects/QtSixA-1.5.1/.metadata/.plugins/org.python.pydev/v1_3tswbhuj9gc4kibexhrzgzdx/modulesKeys to exist (and be a file).
	at org.python.pydev.editor.codecompletion.revisited.ModulesManager.loadFromFile(ModulesManager.java:293)
	at org.python.pydev.editor.codecompletion.revisited.SystemModulesManager.load(SystemModulesManager.java:386)
	at org.python.pydev.ui.interpreters.AbstractInterpreterManager.getInterpretersFromPersistedString(AbstractInterpreterManager.java:527)
	... 4 more

!ENTRY org.python.pydev.shared_core 1 1 2016-04-02 08:21:01.538
!MESSAGE Finished restoring information for: /usr/bin/python2.7 at: /home/derek/Projects/QtSixA-1.5.1/.metadata/.plugins/org.python.pydev/v1_3tswbhuj9gc4kibexhrzgzdx
!STACK 0
java.lang.RuntimeException: Finished restoring information for: /usr/bin/python2.7 at: /home/derek/Projects/QtSixA-1.5.1/.metadata/.plugins/org.python.pydev/v1_3tswbhuj9gc4kibexhrzgzdx
	at org.python.pydev.core.log.Log.logInfo(Log.java:66)
	at org.python.pydev.ui.interpreters.AbstractInterpreterManager.getInterpretersFromPersistedString(AbstractInterpreterManager.java:574)
	at org.python.pydev.ui.interpreters.AbstractInterpreterManager.internalRecreateCacheGetInterpreterInfos(AbstractInterpreterManager.java:345)
	at org.python.pydev.ui.interpreters.AbstractInterpreterManager.setInfos(AbstractInterpreterManager.java:655)
	at org.python.pydev.ui.pythonpathconf.AutoConfigMaker$1.run(AutoConfigMaker.java:137)
	at org.eclipse.core.internal.jobs.Worker.run(Worker.java:55)

!ENTRY org.python.pydev.shared_core 4 4 2016-04-02 08:21:01.699
!MESSAGE Info: Rebuilding internal caches: /home/derek/Projects/QtSixA-1.5.1/.metadata/.plugins/com.python.pydev.analysis/python_v1_3tswbhuj9gc4kibexhrzgzdx/python.pydevsysteminfo (Expected error to be provided and got no error!)

!ENTRY org.python.pydev.shared_core 4 4 2016-04-02 08:21:02.799
!MESSAGE Did not expect to find item below node: Assign[targets=[Name[id=t, ctx=Store, reserved=false]], value=null] (module: rpdb2.py).
!STACK 0
java.lang.RuntimeException: Did not expect to find item below node: Assign[targets=[Name[id=t, ctx=Store, reserved=false]], value=null] (module: rpdb2.py).
	at org.python.pydev.core.log.Log.log(Log.java:54)
	at org.python.pydev.parser.fastparser.FastDefinitionsParser.endScopesInStack(FastDefinitionsParser.java:589)
	at org.python.pydev.parser.fastparser.FastDefinitionsParser.handleNewLine(FastDefinitionsParser.java:380)
	at org.python.pydev.parser.fastparser.FastDefinitionsParser.extractBody(FastDefinitionsParser.java:249)
	at org.python.pydev.parser.fastparser.FastDefinitionsParser.parse(FastDefinitionsParser.java:676)
	at com.python.pydev.analysis.additionalinfo.AbstractAdditionalTokensInfo.addAstInfo(AbstractAdditionalTokensInfo.java:314)
	at com.python.pydev.analysis.additionalinfo.AbstractAdditionalInfoWithBuild.restoreInfoForModuleManager(AbstractAdditionalInfoWithBuild.java:264)
	at com.python.pydev.analysis.additionalinfo.AdditionalSystemInterpreterInfo.recreateAllInfo(AdditionalSystemInterpreterInfo.java:179)
	at com.python.pydev.analysis.additionalinfo.AdditionalSystemInterpreterInfo.getAdditionalSystemInfo(AdditionalSystemInterpreterInfo.java:155)
	at com.python.pydev.analysis.additionalinfo.AdditionalSystemInterpreterInfo.getAdditionalSystemInfo(AdditionalSystemInterpreterInfo.java:124)
	at com.python.pydev.analysis.additionalinfo.AdditionalSystemInterpreterInfo.recreateAllInfo(AdditionalSystemInterpreterInfo.java:171)
	at com.python.pydev.analysis.additionalinfo.builders.InterpreterObserver.notifyDefaultPythonpathRestored(InterpreterObserver.java:36)
	at org.python.pydev.ui.interpreters.AbstractInterpreterManager.restorePythopathForInterpreters(AbstractInterpreterManager.java:740)
	at org.python.pydev.ui.interpreters.AbstractInterpreterManager.setInfos(AbstractInterpreterManager.java:657)
	at org.python.pydev.ui.pythonpathconf.AutoConfigMaker$1.run(AutoConfigMaker.java:137)
	at org.eclipse.core.internal.jobs.Worker.run(Worker.java:55)

!ENTRY org.python.pydev.shared_core 4 4 2016-04-02 08:21:02.801
!MESSAGE Did not expect to find item below node: Assign[targets=[Name[id=r, ctx=Store, reserved=false]], value=null] (module: rpdb2.py).
!STACK 0
java.lang.RuntimeException: Did not expect to find item below node: Assign[targets=[Name[id=r, ctx=Store, reserved=false]], value=null] (module: rpdb2.py).
	at org.python.pydev.core.log.Log.log(Log.java:54)
	at org.python.pydev.parser.fastparser.FastDefinitionsParser.endScopesInStack(FastDefinitionsParser.java:589)
	at org.python.pydev.parser.fastparser.FastDefinitionsParser.handleNewLine(FastDefinitionsParser.java:380)
	at org.python.pydev.parser.fastparser.FastDefinitionsParser.extractBody(FastDefinitionsParser.java:249)
	at org.python.pydev.parser.fastparser.FastDefinitionsParser.parse(FastDefinitionsParser.java:676)
	at com.python.pydev.analysis.additionalinfo.AbstractAdditionalTokensInfo.addAstInfo(AbstractAdditionalTokensInfo.java:314)
	at com.python.pydev.analysis.additionalinfo.AbstractAdditionalInfoWithBuild.restoreInfoForModuleManager(AbstractAdditionalInfoWithBuild.java:264)
	at com.python.pydev.analysis.additionalinfo.AdditionalSystemInterpreterInfo.recreateAllInfo(AdditionalSystemInterpreterInfo.java:179)
	at com.python.pydev.analysis.additionalinfo.AdditionalSystemInterpreterInfo.getAdditionalSystemInfo(AdditionalSystemInterpreterInfo.java:155)
	at com.python.pydev.analysis.additionalinfo.AdditionalSystemInterpreterInfo.getAdditionalSystemInfo(AdditionalSystemInterpreterInfo.java:124)
	at com.python.pydev.analysis.additionalinfo.AdditionalSystemInterpreterInfo.recreateAllInfo(AdditionalSystemInterpreterInfo.java:171)
	at com.python.pydev.analysis.additionalinfo.builders.InterpreterObserver.notifyDefaultPythonpathRestored(InterpreterObserver.java:36)
	at org.python.pydev.ui.interpreters.AbstractInterpreterManager.restorePythopathForInterpreters(AbstractInterpreterManager.java:740)
	at org.python.pydev.ui.interpreters.AbstractInterpreterManager.setInfos(AbstractInterpreterManager.java:657)
	at org.python.pydev.ui.pythonpathconf.AutoConfigMaker$1.run(AutoConfigMaker.java:137)
	at org.eclipse.core.internal.jobs.Worker.run(Worker.java:55)

!ENTRY org.python.pydev.shared_core 4 4 2016-04-02 08:21:02.803
!MESSAGE Did not expect to find item below node: Assign[targets=[Attribute[value=Name[id=self, ctx=Load, reserved=false], attr=NameTok[id=m_fStop, ctx=Attrib], ctx=Load]], value=null] (module: rpdb2.py).
!STACK 0
java.lang.RuntimeException: Did not expect to find item below node: Assign[targets=[Attribute[value=Name[id=self, ctx=Load, reserved=false], attr=NameTok[id=m_fStop, ctx=Attrib], ctx=Load]], value=null] (module: rpdb2.py).
	at org.python.pydev.core.log.Log.log(Log.java:54)
	at org.python.pydev.parser.fastparser.FastDefinitionsParser.endScopesInStack(FastDefinitionsParser.java:589)
	at org.python.pydev.parser.fastparser.FastDefinitionsParser.handleNewLine(FastDefinitionsParser.java:380)
	at org.python.pydev.parser.fastparser.FastDefinitionsParser.extractBody(FastDefinitionsParser.java:249)
	at org.python.pydev.parser.fastparser.FastDefinitionsParser.parse(FastDefinitionsParser.java:676)
	at com.python.pydev.analysis.additionalinfo.AbstractAdditionalTokensInfo.addAstInfo(AbstractAdditionalTokensInfo.java:314)
	at com.python.pydev.analysis.additionalinfo.AbstractAdditionalInfoWithBuild.restoreInfoForModuleManager(AbstractAdditionalInfoWithBuild.java:264)
	at com.python.pydev.analysis.additionalinfo.AdditionalSystemInterpreterInfo.recreateAllInfo(AdditionalSystemInterpreterInfo.java:179)
	at com.python.pydev.analysis.additionalinfo.AdditionalSystemInterpreterInfo.getAdditionalSystemInfo(AdditionalSystemInterpreterInfo.java:155)
	at com.python.pydev.analysis.additionalinfo.AdditionalSystemInterpreterInfo.getAdditionalSystemInfo(AdditionalSystemInterpreterInfo.java:124)
	at com.python.pydev.analysis.additionalinfo.AdditionalSystemInterpreterInfo.recreateAllInfo(AdditionalSystemInterpreterInfo.java:171)
	at com.python.pydev.analysis.additionalinfo.builders.InterpreterObserver.notifyDefaultPythonpathRestored(InterpreterObserver.java:36)
	at org.python.pydev.ui.interpreters.AbstractInterpreterManager.restorePythopathForInterpreters(AbstractInterpreterManager.java:740)
	at org.python.pydev.ui.interpreters.AbstractInterpreterManager.setInfos(AbstractInterpreterManager.java:657)
	at org.python.pydev.ui.pythonpathconf.AutoConfigMaker$1.run(AutoConfigMaker.java:137)
	at org.eclipse.core.internal.jobs.Worker.run(Worker.java:55)

!ENTRY org.python.pydev.shared_core 4 4 2016-04-02 08:21:02.804
!MESSAGE Did not expect to find item below node: Assign[targets=[Name[id=fAnalyzeMode, ctx=Store, reserved=false]], value=null] (module: rpdb2.py).
!STACK 0
java.lang.RuntimeException: Did not expect to find item below node: Assign[targets=[Name[id=fAnalyzeMode, ctx=Store, reserved=false]], value=null] (module: rpdb2.py).
	at org.python.pydev.core.log.Log.log(Log.java:54)
	at org.python.pydev.parser.fastparser.FastDefinitionsParser.endScopesInStack(FastDefinitionsParser.java:589)
	at org.python.pydev.parser.fastparser.FastDefinitionsParser.handleNewLine(FastDefinitionsParser.java:380)
	at org.python.pydev.parser.fastparser.FastDefinitionsParser.extractBody(FastDefinitionsParser.java:249)
	at org.python.pydev.parser.fastparser.FastDefinitionsParser.parse(FastDefinitionsParser.java:676)
	at com.python.pydev.analysis.additionalinfo.AbstractAdditionalTokensInfo.addAstInfo(AbstractAdditionalTokensInfo.java:314)
	at com.python.pydev.analysis.additionalinfo.AbstractAdditionalInfoWithBuild.restoreInfoForModuleManager(AbstractAdditionalInfoWithBuild.java:264)
	at com.python.pydev.analysis.additionalinfo.AdditionalSystemInterpreterInfo.recreateAllInfo(AdditionalSystemInterpreterInfo.java:179)
	at com.python.pydev.analysis.additionalinfo.AdditionalSystemInterpreterInfo.getAdditionalSystemInfo(AdditionalSystemInterpreterInfo.java:155)
	at com.python.pydev.analysis.additionalinfo.AdditionalSystemInterpreterInfo.getAdditionalSystemInfo(AdditionalSystemInterpreterInfo.java:124)
	at com.python.pydev.analysis.additionalinfo.AdditionalSystemInterpreterInfo.recreateAllInfo(AdditionalSystemInterpreterInfo.java:171)
	at com.python.pydev.analysis.additionalinfo.builders.InterpreterObserver.notifyDefaultPythonpathRestored(InterpreterObserver.java:36)
	at org.python.pydev.ui.interpreters.AbstractInterpreterManager.restorePythopathForInterpreters(AbstractInterpreterManager.java:740)
	at org.python.pydev.ui.interpreters.AbstractInterpreterManager.setInfos(AbstractInterpreterManager.java:657)
	at org.python.pydev.ui.pythonpathconf.AutoConfigMaker$1.run(AutoConfigMaker.java:137)
	at org.eclipse.core.internal.jobs.Worker.run(Worker.java:55)

!ENTRY org.python.pydev.shared_core 4 4 2016-04-02 08:21:02.804
!MESSAGE Did not expect to find item below node: Assign[targets=[Name[id=frame_index, ctx=Store, reserved=false]], value=null] (module: rpdb2.py).
!STACK 0
java.lang.RuntimeException: Did not expect to find item below node: Assign[targets=[Name[id=frame_index, ctx=Store, reserved=false]], value=null] (module: rpdb2.py).
	at org.python.pydev.core.log.Log.log(Log.java:54)
	at org.python.pydev.parser.fastparser.FastDefinitionsParser.endScopesInStack(FastDefinitionsParser.java:589)
	at org.python.pydev.parser.fastparser.FastDefinitionsParser.handleNewLine(FastDefinitionsParser.java:380)
	at org.python.pydev.parser.fastparser.FastDefinitionsParser.extractBody(FastDefinitionsParser.java:249)
	at org.python.pydev.parser.fastparser.FastDefinitionsParser.parse(FastDefinitionsParser.java:676)
	at com.python.pydev.analysis.additionalinfo.AbstractAdditionalTokensInfo.addAstInfo(AbstractAdditionalTokensInfo.java:314)
	at com.python.pydev.analysis.additionalinfo.AbstractAdditionalInfoWithBuild.restoreInfoForModuleManager(AbstractAdditionalInfoWithBuild.java:264)
	at com.python.pydev.analysis.additionalinfo.AdditionalSystemInterpreterInfo.recreateAllInfo(AdditionalSystemInterpreterInfo.java:179)
	at com.python.pydev.analysis.additionalinfo.AdditionalSystemInterpreterInfo.getAdditionalSystemInfo(AdditionalSystemInterpreterInfo.java:155)
	at com.python.pydev.analysis.additionalinfo.AdditionalSystemInterpreterInfo.getAdditionalSystemInfo(AdditionalSystemInterpreterInfo.java:124)
	at com.python.pydev.analysis.additionalinfo.AdditionalSystemInterpreterInfo.recreateAllInfo(AdditionalSystemInterpreterInfo.java:171)
	at com.python.pydev.analysis.additionalinfo.builders.InterpreterObserver.notifyDefaultPythonpathRestored(InterpreterObserver.java:36)
	at org.python.pydev.ui.interpreters.AbstractInterpreterManager.restorePythopathForInterpreters(AbstractInterpreterManager.java:740)
	at org.python.pydev.ui.interpreters.AbstractInterpreterManager.setInfos(AbstractInterpreterManager.java:657)
	at org.python.pydev.ui.pythonpathconf.AutoConfigMaker$1.run(AutoConfigMaker.java:137)
	at org.eclipse.core.internal.jobs.Worker.run(Worker.java:55)

!ENTRY org.python.pydev.shared_core 4 4 2016-04-02 08:21:02.807
!MESSAGE Did not expect to find item below node: Assign[targets=[Name[id=state, ctx=Store, reserved=false]], value=null] (module: rpdb2.py).
!STACK 0
java.lang.RuntimeException: Did not expect to find item below node: Assign[targets=[Name[id=state, ctx=Store, reserved=false]], value=null] (module: rpdb2.py).
	at org.python.pydev.core.log.Log.log(Log.java:54)
	at org.python.pydev.parser.fastparser.FastDefinitionsParser.endScopesInStack(FastDefinitionsParser.java:589)
	at org.python.pydev.parser.fastparser.FastDefinitionsParser.handleNewLine(FastDefinitionsParser.java:380)
	at org.python.pydev.parser.fastparser.FastDefinitionsParser.extractBody(FastDefinitionsParser.java:249)
	at org.python.pydev.parser.fastparser.FastDefinitionsParser.parse(FastDefinitionsParser.java:676)
	at com.python.pydev.analysis.additionalinfo.AbstractAdditionalTokensInfo.addAstInfo(AbstractAdditionalTokensInfo.java:314)
	at com.python.pydev.analysis.additionalinfo.AbstractAdditionalInfoWithBuild.restoreInfoForModuleManager(AbstractAdditionalInfoWithBuild.java:264)
	at com.python.pydev.analysis.additionalinfo.AdditionalSystemInterpreterInfo.recreateAllInfo(AdditionalSystemInterpreterInfo.java:179)
	at com.python.pydev.analysis.additionalinfo.AdditionalSystemInterpreterInfo.getAdditionalSystemInfo(AdditionalSystemInterpreterInfo.java:155)
	at com.python.pydev.analysis.additionalinfo.AdditionalSystemInterpreterInfo.getAdditionalSystemInfo(AdditionalSystemInterpreterInfo.java:124)
	at com.python.pydev.analysis.additionalinfo.AdditionalSystemInterpreterInfo.recreateAllInfo(AdditionalSystemInterpreterInfo.java:171)
	at com.python.pydev.analysis.additionalinfo.builders.InterpreterObserver.notifyDefaultPythonpathRestored(InterpreterObserver.java:36)
	at org.python.pydev.ui.interpreters.AbstractInterpreterManager.restorePythopathForInterpreters(AbstractInterpreterManager.java:740)
	at org.python.pydev.ui.interpreters.AbstractInterpreterManager.setInfos(AbstractInterpreterManager.java:657)
	at org.python.pydev.ui.pythonpathconf.AutoConfigMaker$1.run(AutoConfigMaker.java:137)
	at org.eclipse.core.internal.jobs.Worker.run(Worker.java:55)

!ENTRY org.python.pydev.shared_core 4 4 2016-04-02 08:21:03.170
!MESSAGE Did not expect to find item below node: Assign[targets=[Name[id=parent, ctx=Store, reserved=false]], value=null] (module: winpdb.py).
!STACK 0
java.lang.RuntimeException: Did not expect to find item below node: Assign[targets=[Name[id=parent, ctx=Store, reserved=false]], value=null] (module: winpdb.py).
	at org.python.pydev.core.log.Log.log(Log.java:54)
	at org.python.pydev.parser.fastparser.FastDefinitionsParser.endScopesInStack(FastDefinitionsParser.java:589)
	at org.python.pydev.parser.fastparser.FastDefinitionsParser.handleNewLine(FastDefinitionsParser.java:380)
	at org.python.pydev.parser.fastparser.FastDefinitionsParser.extractBody(FastDefinitionsParser.java:249)
	at org.python.pydev.parser.fastparser.FastDefinitionsParser.parse(FastDefinitionsParser.java:676)
	at com.python.pydev.analysis.additionalinfo.AbstractAdditionalTokensInfo.addAstInfo(AbstractAdditionalTokensInfo.java:314)
	at com.python.pydev.analysis.additionalinfo.AbstractAdditionalInfoWithBuild.restoreInfoForModuleManager(AbstractAdditionalInfoWithBuild.java:264)
	at com.python.pydev.analysis.additionalinfo.AdditionalSystemInterpreterInfo.recreateAllInfo(AdditionalSystemInterpreterInfo.java:179)
	at com.python.pydev.analysis.additionalinfo.AdditionalSystemInterpreterInfo.getAdditionalSystemInfo(AdditionalSystemInterpreterInfo.java:155)
	at com.python.pydev.analysis.additionalinfo.AdditionalSystemInterpreterInfo.getAdditionalSystemInfo(AdditionalSystemInterpreterInfo.java:124)
	at com.python.pydev.analysis.additionalinfo.AdditionalSystemInterpreterInfo.recreateAllInfo(AdditionalSystemInterpreterInfo.java:171)
	at com.python.pydev.analysis.additionalinfo.builders.InterpreterObserver.notifyDefaultPythonpathRestored(InterpreterObserver.java:36)
	at org.python.pydev.ui.interpreters.AbstractInterpreterManager.restorePythopathForInterpreters(AbstractInterpreterManager.java:740)
	at org.python.pydev.ui.interpreters.AbstractInterpreterManager.setInfos(AbstractInterpreterManager.java:657)
	at org.python.pydev.ui.pythonpathconf.AutoConfigMaker$1.run(AutoConfigMaker.java:137)
	at org.eclipse.core.internal.jobs.Worker.run(Worker.java:55)

!ENTRY org.python.pydev.shared_core 4 4 2016-04-02 08:21:03.171
!MESSAGE Did not expect to find item below node: Assign[targets=[Attribute[value=Name[id=self, ctx=Load, reserved=false], attr=NameTok[id=__m_f_shutdown, ctx=Attrib], ctx=Load]], value=null] (module: winpdb.py).
!STACK 0
java.lang.RuntimeException: Did not expect to find item below node: Assign[targets=[Attribute[value=Name[id=self, ctx=Load, reserved=false], attr=NameTok[id=__m_f_shutdown, ctx=Attrib], ctx=Load]], value=null] (module: winpdb.py).
	at org.python.pydev.core.log.Log.log(Log.java:54)
	at org.python.pydev.parser.fastparser.FastDefinitionsParser.endScopesInStack(FastDefinitionsParser.java:589)
	at org.python.pydev.parser.fastparser.FastDefinitionsParser.handleNewLine(FastDefinitionsParser.java:380)
	at org.python.pydev.parser.fastparser.FastDefinitionsParser.extractBody(FastDefinitionsParser.java:249)
	at org.python.pydev.parser.fastparser.FastDefinitionsParser.parse(FastDefinitionsParser.java:676)
	at com.python.pydev.analysis.additionalinfo.AbstractAdditionalTokensInfo.addAstInfo(AbstractAdditionalTokensInfo.java:314)
	at com.python.pydev.analysis.additionalinfo.AbstractAdditionalInfoWithBuild.restoreInfoForModuleManager(AbstractAdditionalInfoWithBuild.java:264)
	at com.python.pydev.analysis.additionalinfo.AdditionalSystemInterpreterInfo.recreateAllInfo(AdditionalSystemInterpreterInfo.java:179)
	at com.python.pydev.analysis.additionalinfo.AdditionalSystemInterpreterInfo.getAdditionalSystemInfo(AdditionalSystemInterpreterInfo.java:155)
	at com.python.pydev.analysis.additionalinfo.AdditionalSystemInterpreterInfo.getAdditionalSystemInfo(AdditionalSystemInterpreterInfo.java:124)
	at com.python.pydev.analysis.additionalinfo.AdditionalSystemInterpreterInfo.recreateAllInfo(AdditionalSystemInterpreterInfo.java:171)
	at com.python.pydev.analysis.additionalinfo.builders.InterpreterObserver.notifyDefaultPythonpathRestored(InterpreterObserver.java:36)
	at org.python.pydev.ui.interpreters.AbstractInterpreterManager.restorePythopathForInterpreters(AbstractInterpreterManager.java:740)
	at org.python.pydev.ui.interpreters.AbstractInterpreterManager.setInfos(AbstractInterpreterManager.java:657)
	at org.python.pydev.ui.pythonpathconf.AutoConfigMaker$1.run(AutoConfigMaker.java:137)
	at org.eclipse.core.internal.jobs.Worker.run(Worker.java:55)

!ENTRY org.python.pydev.shared_core 4 4 2016-04-02 08:21:03.172
!MESSAGE Did not expect to find item below node: Assign[targets=[Name[id=command_line, ctx=Store, reserved=false]], value=null] (module: winpdb.py).
!STACK 0
java.lang.RuntimeException: Did not expect to find item below node: Assign[targets=[Name[id=command_line, ctx=Store, reserved=false]], value=null] (module: winpdb.py).
	at org.python.pydev.core.log.Log.log(Log.java:54)
	at org.python.pydev.parser.fastparser.FastDefinitionsParser.endScopesInStack(FastDefinitionsParser.java:589)
	at org.python.pydev.parser.fastparser.FastDefinitionsParser.handleNewLine(FastDefinitionsParser.java:380)
	at org.python.pydev.parser.fastparser.FastDefinitionsParser.extractBody(FastDefinitionsParser.java:249)
	at org.python.pydev.parser.fastparser.FastDefinitionsParser.parse(FastDefinitionsParser.java:676)
	at com.python.pydev.analysis.additionalinfo.AbstractAdditionalTokensInfo.addAstInfo(AbstractAdditionalTokensInfo.java:314)
	at com.python.pydev.analysis.additionalinfo.AbstractAdditionalInfoWithBuild.restoreInfoForModuleManager(AbstractAdditionalInfoWithBuild.java:264)
	at com.python.pydev.analysis.additionalinfo.AdditionalSystemInterpreterInfo.recreateAllInfo(AdditionalSystemInterpreterInfo.java:179)
	at com.python.pydev.analysis.additionalinfo.AdditionalSystemInterpreterInfo.getAdditionalSystemInfo(AdditionalSystemInterpreterInfo.java:155)
	at com.python.pydev.analysis.additionalinfo.AdditionalSystemInterpreterInfo.getAdditionalSystemInfo(AdditionalSystemInterpreterInfo.java:124)
	at com.python.pydev.analysis.additionalinfo.AdditionalSystemInterpreterInfo.recreateAllInfo(AdditionalSystemInterpreterInfo.java:171)
	at com.python.pydev.analysis.additionalinfo.builders.InterpreterObserver.notifyDefaultPythonpathRestored(InterpreterObserver.java:36)
	at org.python.pydev.ui.interpreters.AbstractInterpreterManager.restorePythopathForInterpreters(AbstractInterpreterManager.java:740)
	at org.python.pydev.ui.interpreters.AbstractInterpreterManager.setInfos(AbstractInterpreterManager.java:657)
	at org.python.pydev.ui.pythonpathconf.AutoConfigMaker$1.run(AutoConfigMaker.java:137)
	at org.eclipse.core.internal.jobs.Worker.run(Worker.java:55)

!ENTRY org.python.pydev.shared_core 4 4 2016-04-02 08:21:03.306
!MESSAGE Did not expect to find item below node: Assign[targets=[Name[id=cnt, ctx=Store, reserved=false]], value=null] (module: calendar.py).
!STACK 0
java.lang.RuntimeException: Did not expect to find item below node: Assign[targets=[Name[id=cnt, ctx=Store, reserved=false]], value=null] (module: calendar.py).
	at org.python.pydev.core.log.Log.log(Log.java:54)
	at org.python.pydev.parser.fastparser.FastDefinitionsParser.endScopesInStack(FastDefinitionsParser.java:589)
	at org.python.pydev.parser.fastparser.FastDefinitionsParser.handleNewLine(FastDefinitionsParser.java:380)
	at org.python.pydev.parser.fastparser.FastDefinitionsParser.extractBody(FastDefinitionsParser.java:249)
	at org.python.pydev.parser.fastparser.FastDefinitionsParser.parse(FastDefinitionsParser.java:676)
	at com.python.pydev.analysis.additionalinfo.AbstractAdditionalTokensInfo.addAstInfo(AbstractAdditionalTokensInfo.java:314)
	at com.python.pydev.analysis.additionalinfo.AbstractAdditionalInfoWithBuild.restoreInfoForModuleManager(AbstractAdditionalInfoWithBuild.java:264)
	at com.python.pydev.analysis.additionalinfo.AdditionalSystemInterpreterInfo.recreateAllInfo(AdditionalSystemInterpreterInfo.java:179)
	at com.python.pydev.analysis.additionalinfo.AdditionalSystemInterpreterInfo.getAdditionalSystemInfo(AdditionalSystemInterpreterInfo.java:155)
	at com.python.pydev.analysis.additionalinfo.AdditionalSystemInterpreterInfo.getAdditionalSystemInfo(AdditionalSystemInterpreterInfo.java:124)
	at com.python.pydev.analysis.additionalinfo.AdditionalSystemInterpreterInfo.recreateAllInfo(AdditionalSystemInterpreterInfo.java:171)
	at com.python.pydev.analysis.additionalinfo.builders.InterpreterObserver.notifyDefaultPythonpathRestored(InterpreterObserver.java:36)
	at org.python.pydev.ui.interpreters.AbstractInterpreterManager.restorePythopathForInterpreters(AbstractInterpreterManager.java:740)
	at org.python.pydev.ui.interpreters.AbstractInterpreterManager.setInfos(AbstractInterpreterManager.java:657)
	at org.python.pydev.ui.pythonpathconf.AutoConfigMaker$1.run(AutoConfigMaker.java:137)
	at org.eclipse.core.internal.jobs.Worker.run(Worker.java:55)

!ENTRY org.python.pydev.shared_core 4 4 2016-04-02 08:21:03.307
!MESSAGE Did not expect to find item below node: Assign[targets=[Name[id=f, ctx=Store, reserved=false]], value=null] (module: calendar.py).
!STACK 0
java.lang.RuntimeException: Did not expect to find item below node: Assign[targets=[Name[id=f, ctx=Store, reserved=false]], value=null] (module: calendar.py).
	at org.python.pydev.core.log.Log.log(Log.java:54)
	at org.python.pydev.parser.fastparser.FastDefinitionsParser.endScopesInStack(FastDefinitionsParser.java:589)
	at org.python.pydev.parser.fastparser.FastDefinitionsParser.handleNewLine(FastDefinitionsParser.java:380)
	at org.python.pydev.parser.fastparser.FastDefinitionsParser.extractBody(FastDefinitionsParser.java:249)
	at org.python.pydev.parser.fastparser.FastDefinitionsParser.parse(FastDefinitionsParser.java:676)
	at com.python.pydev.analysis.additionalinfo.AbstractAdditionalTokensInfo.addAstInfo(AbstractAdditionalTokensInfo.java:314)
	at com.python.pydev.analysis.additionalinfo.AbstractAdditionalInfoWithBuild.restoreInfoForModuleManager(AbstractAdditionalInfoWithBuild.java:264)
	at com.python.pydev.analysis.additionalinfo.AdditionalSystemInterpreterInfo.recreateAllInfo(AdditionalSystemInterpreterInfo.java:179)
	at com.python.pydev.analysis.additionalinfo.AdditionalSystemInterpreterInfo.getAdditionalSystemInfo(AdditionalSystemInterpreterInfo.java:155)
	at com.python.pydev.analysis.additionalinfo.AdditionalSystemInterpreterInfo.getAdditionalSystemInfo(AdditionalSystemInterpreterInfo.java:124)
	at com.python.pydev.analysis.additionalinfo.AdditionalSystemInterpreterInfo.recreateAllInfo(AdditionalSystemInterpreterInfo.java:171)
	at com.python.pydev.analysis.additionalinfo.builders.InterpreterObserver.notifyDefaultPythonpathRestored(InterpreterObserver.java:36)
	at org.python.pydev.ui.interpreters.AbstractInterpreterManager.restorePythopathForInterpreters(AbstractInterpreterManager.java:740)
	at org.python.pydev.ui.interpreters.AbstractInterpreterManager.setInfos(AbstractInterpreterManager.java:657)
	at org.python.pydev.ui.pythonpathconf.AutoConfigMaker$1.run(AutoConfigMaker.java:137)
	at org.eclipse.core.internal.jobs.Worker.run(Worker.java:55)

!ENTRY org.python.pydev.shared_core 4 4 2016-04-02 08:21:03.307
!MESSAGE Did not expect to find item below node: Assign[targets=[Name[id=borderW, ctx=Store, reserved=false]], value=null] (module: calendar.py).
!STACK 0
java.lang.RuntimeException: Did not expect to find item below node: Assign[targets=[Name[id=borderW, ctx=Store, reserved=false]], value=null] (module: calendar.py).
	at org.python.pydev.core.log.Log.log(Log.java:54)
	at org.python.pydev.parser.fastparser.FastDefinitionsParser.endScopesInStack(FastDefinitionsParser.java:589)
	at org.python.pydev.parser.fastparser.FastDefinitionsParser.handleNewLine(FastDefinitionsParser.java:380)
	at org.python.pydev.parser.fastparser.FastDefinitionsParser.extractBody(FastDefinitionsParser.java:249)
	at org.python.pydev.parser.fastparser.FastDefinitionsParser.parse(FastDefinitionsParser.java:676)
	at com.python.pydev.analysis.additionalinfo.AbstractAdditionalTokensInfo.addAstInfo(AbstractAdditionalTokensInfo.java:314)
	at com.python.pydev.analysis.additionalinfo.AbstractAdditionalInfoWithBuild.restoreInfoForModuleManager(AbstractAdditionalInfoWithBuild.java:264)
	at com.python.pydev.analysis.additionalinfo.AdditionalSystemInterpreterInfo.recreateAllInfo(AdditionalSystemInterpreterInfo.java:179)
	at com.python.pydev.analysis.additionalinfo.AdditionalSystemInterpreterInfo.getAdditionalSystemInfo(AdditionalSystemInterpreterInfo.java:155)
	at com.python.pydev.analysis.additionalinfo.AdditionalSystemInterpreterInfo.getAdditionalSystemInfo(AdditionalSystemInterpreterInfo.java:124)
	at com.python.pydev.analysis.additionalinfo.AdditionalSystemInterpreterInfo.recreateAllInfo(AdditionalSystemInterpreterInfo.java:171)
	at com.python.pydev.analysis.additionalinfo.builders.InterpreterObserver.notifyDefaultPythonpathRestored(InterpreterObserver.java:36)
	at org.python.pydev.ui.interpreters.AbstractInterpreterManager.restorePythopathForInterpreters(AbstractInterpreterManager.java:740)
	at org.python.pydev.ui.interpreters.AbstractInterpreterManager.setInfos(AbstractInterpreterManager.java:657)
	at org.python.pydev.ui.pythonpathconf.AutoConfigMaker$1.run(AutoConfigMaker.java:137)
	at org.eclipse.core.internal.jobs.Worker.run(Worker.java:55)

!ENTRY org.python.pydev.shared_core 4 4 2016-04-02 08:21:03.308
!MESSAGE Did not expect to find item below node: Assign[targets=[Attribute[value=Name[id=self, ctx=Load, reserved=false], attr=NameTok[id=pwidth, ctx=Attrib], ctx=Load]], value=null] (module: calendar.py).
!STACK 0
java.lang.RuntimeException: Did not expect to find item below node: Assign[targets=[Attribute[value=Name[id=self, ctx=Load, reserved=false], attr=NameTok[id=pwidth, ctx=Attrib], ctx=Load]], value=null] (module: calendar.py).
	at org.python.pydev.core.log.Log.log(Log.java:54)
	at org.python.pydev.parser.fastparser.FastDefinitionsParser.endScopesInStack(FastDefinitionsParser.java:589)
	at org.python.pydev.parser.fastparser.FastDefinitionsParser.handleNewLine(FastDefinitionsParser.java:380)
	at org.python.pydev.parser.fastparser.FastDefinitionsParser.extractBody(FastDefinitionsParser.java:249)
	at org.python.pydev.parser.fastparser.FastDefinitionsParser.parse(FastDefinitionsParser.java:676)
	at com.python.pydev.analysis.additionalinfo.AbstractAdditionalTokensInfo.addAstInfo(AbstractAdditionalTokensInfo.java:314)
	at com.python.pydev.analysis.additionalinfo.AbstractAdditionalInfoWithBuild.restoreInfoForModuleManager(AbstractAdditionalInfoWithBuild.java:264)
	at com.python.pydev.analysis.additionalinfo.AdditionalSystemInterpreterInfo.recreateAllInfo(AdditionalSystemInterpreterInfo.java:179)
	at com.python.pydev.analysis.additionalinfo.AdditionalSystemInterpreterInfo.getAdditionalSystemInfo(AdditionalSystemInterpreterInfo.java:155)
	at com.python.pydev.analysis.additionalinfo.AdditionalSystemInterpreterInfo.getAdditionalSystemInfo(AdditionalSystemInterpreterInfo.java:124)
	at com.python.pydev.analysis.additionalinfo.AdditionalSystemInterpreterInfo.recreateAllInfo(AdditionalSystemInterpreterInfo.java:171)
	at com.python.pydev.analysis.additionalinfo.builders.InterpreterObserver.notifyDefaultPythonpathRestored(InterpreterObserver.java:36)
	at org.python.pydev.ui.interpreters.AbstractInterpreterManager.restorePythopathForInterpreters(AbstractInterpreterManager.java:740)
	at org.python.pydev.ui.interpreters.AbstractInterpreterManager.setInfos(AbstractInterpreterManager.java:657)
	at org.python.pydev.ui.pythonpathconf.AutoConfigMaker$1.run(AutoConfigMaker.java:137)
	at org.eclipse.core.internal.jobs.Worker.run(Worker.java:55)

!ENTRY org.python.pydev.shared_core 4 4 2016-04-02 08:21:03.543
!MESSAGE Did not expect to find item below node: Assign[targets=[Name[id=od, ctx=Store, reserved=false]], value=null] (module: static_line.py).
!STACK 0
java.lang.RuntimeException: Did not expect to find item below node: Assign[targets=[Name[id=od, ctx=Store, reserved=false]], value=null] (module: static_line.py).
	at org.python.pydev.core.log.Log.log(Log.java:54)
	at org.python.pydev.parser.fastparser.FastDefinitionsParser.endScopesInStack(FastDefinitionsParser.java:589)
	at org.python.pydev.parser.fastparser.FastDefinitionsParser.handleNewLine(FastDefinitionsParser.java:380)
	at org.python.pydev.parser.fastparser.FastDefinitionsParser.extractBody(FastDefinitionsParser.java:249)
	at org.python.pydev.parser.fastparser.FastDefinitionsParser.parse(FastDefinitionsParser.java:676)
	at com.python.pydev.analysis.additionalinfo.AbstractAdditionalTokensInfo.addAstInfo(AbstractAdditionalTokensInfo.java:314)
	at com.python.pydev.analysis.additionalinfo.AbstractAdditionalInfoWithBuild.restoreInfoForModuleManager(AbstractAdditionalInfoWithBuild.java:264)
	at com.python.pydev.analysis.additionalinfo.AdditionalSystemInterpreterInfo.recreateAllInfo(AdditionalSystemInterpreterInfo.java:179)
	at com.python.pydev.analysis.additionalinfo.AdditionalSystemInterpreterInfo.getAdditionalSystemInfo(AdditionalSystemInterpreterInfo.java:155)
	at com.python.pydev.analysis.additionalinfo.AdditionalSystemInterpreterInfo.getAdditionalSystemInfo(AdditionalSystemInterpreterInfo.java:124)
	at com.python.pydev.analysis.additionalinfo.AdditionalSystemInterpreterInfo.recreateAllInfo(AdditionalSystemInterpreterInfo.java:171)
	at com.python.pydev.analysis.additionalinfo.builders.InterpreterObserver.notifyDefaultPythonpathRestored(InterpreterObserver.java:36)
	at org.python.pydev.ui.interpreters.AbstractInterpreterManager.restorePythopathForInterpreters(AbstractInterpreterManager.java:740)
	at org.python.pydev.ui.interpreters.AbstractInterpreterManager.setInfos(AbstractInterpreterManager.java:657)
	at org.python.pydev.ui.pythonpathconf.AutoConfigMaker$1.run(AutoConfigMaker.java:137)
	at org.eclipse.core.internal.jobs.Worker.run(Worker.java:55)

!ENTRY org.python.pydev.shared_core 4 4 2016-04-02 08:21:54.784
!MESSAGE Info: Rebuilding internal caches: /home/derek/Projects/QtSixA-1.5.1/.metadata/.plugins/org.eclipse.core.resources/.projects/QtSixA/com.python.pydev.analysis/AdditionalProjectInterpreterInfo.pydevinfo (Expected error to be provided and got no error!)

!ENTRY org.python.pydev.shared_core 4 4 2016-04-02 08:30:00.567
!MESSAGE No message gotten (null message).
!STACK 0
Traceback (most recent call last):
  File "/home/derek/Programs/eclipse/plugins/org.python.pydev.jython_4.5.5.201603221110/jysrc/assist_proposal.py", line 161, in isValid
    return self.proposal.isValid(ps, sel, editor, offset)
  File "/home/derek/Programs/eclipse/plugins/org.python.pydev.jython_4.5.5.201603221110/jysrc/pyedit_wrap_expression.py", line 316, in isValid
    closer_offset, has_commas, _ignored = get_closer_offset(selection.getDoc().get(), opener_offset, closer)
  File "/home/derek/Programs/eclipse/plugins/org.python.pydev.jython_4.5.5.201603221110/jysrc/pyedit_wrap_expression.py", line 208, in get_closer_offset
    opener = text[offset]
IndexError: index out of range: 1268

	at org.python.core.Py.IndexError(Py.java:246)
	at org.python.core.SequenceIndexDelegate.checkIdxAndGetItem(SequenceIndexDelegate.java:63)
	at org.python.core.PySequence.__getitem__(PySequence.java:360)
	at org.python.pycode._pyx23.get_closer_offset$6(/home/derek/Programs/eclipse/plugins/org.python.pydev.jython_4.5.5.201603221110/jysrc/pyedit_wrap_expression.py:227)
	at org.python.pycode._pyx23.call_function(/home/derek/Programs/eclipse/plugins/org.python.pydev.jython_4.5.5.201603221110/jysrc/pyedit_wrap_expression.py)
	at org.python.core.PyTableCode.call(PyTableCode.java:165)
	at org.python.core.PyBaseCode.call(PyBaseCode.java:166)
	at org.python.core.PyFunction.__call__(PyFunction.java:368)
	at org.python.pycode._pyx23.isValid$13(/home/derek/Programs/eclipse/plugins/org.python.pydev.jython_4.5.5.201603221110/jysrc/pyedit_wrap_expression.py:330)
	at org.python.pycode._pyx23.call_function(/home/derek/Programs/eclipse/plugins/org.python.pydev.jython_4.5.5.201603221110/jysrc/pyedit_wrap_expression.py)
	at org.python.core.PyTableCode.call(PyTableCode.java:165)
	at org.python.core.PyBaseCode.call(PyBaseCode.java:301)
	at org.python.core.PyBaseCode.call(PyBaseCode.java:194)
	at org.python.core.PyFunction.__call__(PyFunction.java:417)
	at org.python.core.PyMethod.__call__(PyMethod.java:182)
	at assist_proposal$py.isValid$8(/home/derek/Programs/eclipse/plugins/org.python.pydev.jython_4.5.5.201603221110/jysrc/assist_proposal.py:161)
	at assist_proposal$py.call_function(/home/derek/Programs/eclipse/plugins/org.python.pydev.jython_4.5.5.201603221110/jysrc/assist_proposal.py)
	at org.python.core.PyTableCode.call(PyTableCode.java:165)
	at org.python.core.PyBaseCode.call(PyBaseCode.java:301)
	at org.python.core.PyBaseCode.call(PyBaseCode.java:194)
	at org.python.core.PyFunction.__call__(PyFunction.java:417)
	at org.python.core.PyMethod.instancemethod___call__(PyMethod.java:232)
	at org.python.core.PyMethod.__call__(PyMethod.java:223)
	at org.python.core.PyMethod.__call__(PyMethod.java:213)
	at org.python.core.PyMethod.__call__(PyMethod.java:208)
	at org.python.core.PyObject._jcallexc(PyObject.java:3555)
	at org.python.core.PyObject._jcall(PyObject.java:3587)
	at org.python.proxies.assist_proposal$AssistantInterface$7.isValid(Unknown Source)
	at org.python.pydev.editor.correctionassist.PythonCorrectionProcessor.computeQuickAssistProposals(PythonCorrectionProcessor.java:188)
	at org.eclipse.jface.text.quickassist.QuickAssistAssistant$ContentAssistProcessor.computeCompletionProposals(QuickAssistAssistant.java:75)
	at org.eclipse.jface.text.contentassist.ContentAssistant$5.run(ContentAssistant.java:1904)
	at org.eclipse.core.runtime.SafeRunner.run(SafeRunner.java:42)
	at org.eclipse.jface.text.contentassist.ContentAssistant.computeCompletionProposals(ContentAssistant.java:1902)
	at org.eclipse.jface.text.contentassist.CompletionProposalPopup.computeProposals(CompletionProposalPopup.java:573)
	at org.eclipse.jface.text.contentassist.CompletionProposalPopup.access$16(CompletionProposalPopup.java:570)
	at org.eclipse.jface.text.contentassist.CompletionProposalPopup$2.run(CompletionProposalPopup.java:505)
	at org.eclipse.swt.custom.BusyIndicator.showWhile(BusyIndicator.java:70)
	at org.eclipse.jface.text.contentassist.CompletionProposalPopup.showProposals(CompletionProposalPopup.java:499)
	at org.eclipse.jface.text.contentassist.ContentAssistant.showPossibleCompletions(ContentAssistant.java:1720)
	at org.eclipse.jface.text.quickassist.QuickAssistAssistant.showPossibleQuickAssists(QuickAssistAssistant.java:128)
	at org.eclipse.jface.text.source.SourceViewer.doOperation(SourceViewer.java:974)
	at org.eclipse.jface.text.source.projection.ProjectionViewer.doOperation(ProjectionViewer.java:1501)
	at org.python.pydev.editor.codefolding.PySourceViewer.doOperation(PySourceViewer.java:217)
	at org.eclipse.ui.texteditor.TextOperationAction$1.run(TextOperationAction.java:128)
	at org.eclipse.swt.custom.BusyIndicator.showWhile(BusyIndicator.java:70)
	at org.eclipse.ui.texteditor.TextOperationAction.run(TextOperationAction.java:126)
	at org.eclipse.jface.action.Action.runWithEvent(Action.java:473)
	at org.eclipse.jface.action.ActionContributionItem.handleWidgetSelection(ActionContributionItem.java:595)
	at org.eclipse.jface.action.ActionContributionItem.access$2(ActionContributionItem.java:511)
	at org.eclipse.jface.action.ActionContributionItem$5.handleEvent(ActionContributionItem.java:420)
	at org.eclipse.swt.widgets.EventTable.sendEvent(EventTable.java:84)
	at org.eclipse.swt.widgets.Display.sendEvent(Display.java:4481)
	at org.eclipse.swt.widgets.Widget.sendEvent(Widget.java:1329)
	at org.eclipse.swt.widgets.Display.runDeferredEvents(Display.java:3819)
	at org.eclipse.swt.widgets.Display.readAndDispatch(Display.java:3430)
	at org.eclipse.e4.ui.internal.workbench.swt.PartRenderingEngine$4.run(PartRenderingEngine.java:1127)
	at org.eclipse.core.databinding.observable.Realm.runWithDefault(Realm.java:337)
	at org.eclipse.e4.ui.internal.workbench.swt.PartRenderingEngine.run(PartRenderingEngine.java:1018)
	at org.eclipse.e4.ui.internal.workbench.E4Workbench.createAndRunUI(E4Workbench.java:156)
	at org.eclipse.ui.internal.Workbench$5.run(Workbench.java:694)
	at org.eclipse.core.databinding.observable.Realm.runWithDefault(Realm.java:337)
	at org.eclipse.ui.internal.Workbench.createAndRunWorkbench(Workbench.java:606)
	at org.eclipse.ui.PlatformUI.createAndRunWorkbench(PlatformUI.java:150)
	at org.eclipse.ui.internal.ide.application.IDEApplication.start(IDEApplication.java:139)
	at org.eclipse.equinox.internal.app.EclipseAppHandle.run(EclipseAppHandle.java:196)
	at org.eclipse.core.runtime.internal.adaptor.EclipseAppLauncher.runApplication(EclipseAppLauncher.java:134)
	at org.eclipse.core.runtime.internal.adaptor.EclipseAppLauncher.start(EclipseAppLauncher.java:104)
	at org.eclipse.core.runtime.adaptor.EclipseStarter.run(EclipseStarter.java:380)
	at org.eclipse.core.runtime.adaptor.EclipseStarter.run(EclipseStarter.java:235)
	at sun.reflect.NativeMethodAccessorImpl.invoke0(Native Method)
	at sun.reflect.NativeMethodAccessorImpl.invoke(NativeMethodAccessorImpl.java:57)
	at sun.reflect.DelegatingMethodAccessorImpl.invoke(DelegatingMethodAccessorImpl.java:43)
	at java.lang.reflect.Method.invoke(Method.java:606)
	at org.eclipse.equinox.launcher.Main.invokeFramework(Main.java:669)
	at org.eclipse.equinox.launcher.Main.basicRun(Main.java:608)
	at org.eclipse.equinox.launcher.Main.run(Main.java:1515)
	at org.eclipse.equinox.launcher.Main.main(Main.java:1488)

!ENTRY org.python.pydev.shared_core 4 4 2016-04-02 16:32:52.502
!MESSAGE Did not expect to find item below node: Assign[targets=[Name[id=t, ctx=Store, reserved=false]], value=null] (module: rpdb2.py).
!STACK 0
java.lang.RuntimeException: Did not expect to find item below node: Assign[targets=[Name[id=t, ctx=Store, reserved=false]], value=null] (module: rpdb2.py).
	at org.python.pydev.core.log.Log.log(Log.java:54)
	at org.python.pydev.parser.fastparser.FastDefinitionsParser.endScopesInStack(FastDefinitionsParser.java:589)
	at org.python.pydev.parser.fastparser.FastDefinitionsParser.handleNewLine(FastDefinitionsParser.java:380)
	at org.python.pydev.parser.fastparser.FastDefinitionsParser.extractBody(FastDefinitionsParser.java:249)
	at org.python.pydev.parser.fastparser.FastDefinitionsParser.parse(FastDefinitionsParser.java:676)
	at com.python.pydev.analysis.additionalinfo.AbstractAdditionalTokensInfo.addAstInfo(AbstractAdditionalTokensInfo.java:314)
	at com.python.pydev.analysis.additionalinfo.AbstractAdditionalInfoWithBuild.restoreInfoForModuleManager(AbstractAdditionalInfoWithBuild.java:264)
	at com.python.pydev.analysis.additionalinfo.AdditionalSystemInterpreterInfo.recreateAllInfo(AdditionalSystemInterpreterInfo.java:179)
	at com.python.pydev.analysis.additionalinfo.builders.InterpreterObserver.notifyDefaultPythonpathRestored(InterpreterObserver.java:36)
	at org.python.pydev.ui.interpreters.AbstractInterpreterManager.restorePythopathForInterpreters(AbstractInterpreterManager.java:740)
	at org.python.pydev.ui.interpreters.AbstractInterpreterManager.setInfos(AbstractInterpreterManager.java:657)
	at org.python.pydev.ui.pythonpathconf.AbstractInterpreterPreferencesPage$5.run(AbstractInterpreterPreferencesPage.java:282)
	at org.eclipse.jface.operation.ModalContext$ModalContextThread.run(ModalContext.java:119)

!ENTRY org.python.pydev.shared_core 4 4 2016-04-02 16:32:52.504
!MESSAGE Did not expect to find item below node: Assign[targets=[Name[id=r, ctx=Store, reserved=false]], value=null] (module: rpdb2.py).
!STACK 0
java.lang.RuntimeException: Did not expect to find item below node: Assign[targets=[Name[id=r, ctx=Store, reserved=false]], value=null] (module: rpdb2.py).
	at org.python.pydev.core.log.Log.log(Log.java:54)
	at org.python.pydev.parser.fastparser.FastDefinitionsParser.endScopesInStack(FastDefinitionsParser.java:589)
	at org.python.pydev.parser.fastparser.FastDefinitionsParser.handleNewLine(FastDefinitionsParser.java:380)
	at org.python.pydev.parser.fastparser.FastDefinitionsParser.extractBody(FastDefinitionsParser.java:249)
	at org.python.pydev.parser.fastparser.FastDefinitionsParser.parse(FastDefinitionsParser.java:676)
	at com.python.pydev.analysis.additionalinfo.AbstractAdditionalTokensInfo.addAstInfo(AbstractAdditionalTokensInfo.java:314)
	at com.python.pydev.analysis.additionalinfo.AbstractAdditionalInfoWithBuild.restoreInfoForModuleManager(AbstractAdditionalInfoWithBuild.java:264)
	at com.python.pydev.analysis.additionalinfo.AdditionalSystemInterpreterInfo.recreateAllInfo(AdditionalSystemInterpreterInfo.java:179)
	at com.python.pydev.analysis.additionalinfo.builders.InterpreterObserver.notifyDefaultPythonpathRestored(InterpreterObserver.java:36)
	at org.python.pydev.ui.interpreters.AbstractInterpreterManager.restorePythopathForInterpreters(AbstractInterpreterManager.java:740)
	at org.python.pydev.ui.interpreters.AbstractInterpreterManager.setInfos(AbstractInterpreterManager.java:657)
	at org.python.pydev.ui.pythonpathconf.AbstractInterpreterPreferencesPage$5.run(AbstractInterpreterPreferencesPage.java:282)
	at org.eclipse.jface.operation.ModalContext$ModalContextThread.run(ModalContext.java:119)

!ENTRY org.python.pydev.shared_core 4 4 2016-04-02 16:32:52.505
!MESSAGE Did not expect to find item below node: Assign[targets=[Attribute[value=Name[id=self, ctx=Load, reserved=false], attr=NameTok[id=m_fStop, ctx=Attrib], ctx=Load]], value=null] (module: rpdb2.py).
!STACK 0
java.lang.RuntimeException: Did not expect to find item below node: Assign[targets=[Attribute[value=Name[id=self, ctx=Load, reserved=false], attr=NameTok[id=m_fStop, ctx=Attrib], ctx=Load]], value=null] (module: rpdb2.py).
	at org.python.pydev.core.log.Log.log(Log.java:54)
	at org.python.pydev.parser.fastparser.FastDefinitionsParser.endScopesInStack(FastDefinitionsParser.java:589)
	at org.python.pydev.parser.fastparser.FastDefinitionsParser.handleNewLine(FastDefinitionsParser.java:380)
	at org.python.pydev.parser.fastparser.FastDefinitionsParser.extractBody(FastDefinitionsParser.java:249)
	at org.python.pydev.parser.fastparser.FastDefinitionsParser.parse(FastDefinitionsParser.java:676)
	at com.python.pydev.analysis.additionalinfo.AbstractAdditionalTokensInfo.addAstInfo(AbstractAdditionalTokensInfo.java:314)
	at com.python.pydev.analysis.additionalinfo.AbstractAdditionalInfoWithBuild.restoreInfoForModuleManager(AbstractAdditionalInfoWithBuild.java:264)
	at com.python.pydev.analysis.additionalinfo.AdditionalSystemInterpreterInfo.recreateAllInfo(AdditionalSystemInterpreterInfo.java:179)
	at com.python.pydev.analysis.additionalinfo.builders.InterpreterObserver.notifyDefaultPythonpathRestored(InterpreterObserver.java:36)
	at org.python.pydev.ui.interpreters.AbstractInterpreterManager.restorePythopathForInterpreters(AbstractInterpreterManager.java:740)
	at org.python.pydev.ui.interpreters.AbstractInterpreterManager.setInfos(AbstractInterpreterManager.java:657)
	at org.python.pydev.ui.pythonpathconf.AbstractInterpreterPreferencesPage$5.run(AbstractInterpreterPreferencesPage.java:282)
	at org.eclipse.jface.operation.ModalContext$ModalContextThread.run(ModalContext.java:119)

!ENTRY org.python.pydev.shared_core 4 4 2016-04-02 16:32:52.506
!MESSAGE Did not expect to find item below node: Assign[targets=[Name[id=fAnalyzeMode, ctx=Store, reserved=false]], value=null] (module: rpdb2.py).
!STACK 0
java.lang.RuntimeException: Did not expect to find item below node: Assign[targets=[Name[id=fAnalyzeMode, ctx=Store, reserved=false]], value=null] (module: rpdb2.py).
	at org.python.pydev.core.log.Log.log(Log.java:54)
	at org.python.pydev.parser.fastparser.FastDefinitionsParser.endScopesInStack(FastDefinitionsParser.java:589)
	at org.python.pydev.parser.fastparser.FastDefinitionsParser.handleNewLine(FastDefinitionsParser.java:380)
	at org.python.pydev.parser.fastparser.FastDefinitionsParser.extractBody(FastDefinitionsParser.java:249)
	at org.python.pydev.parser.fastparser.FastDefinitionsParser.parse(FastDefinitionsParser.java:676)
	at com.python.pydev.analysis.additionalinfo.AbstractAdditionalTokensInfo.addAstInfo(AbstractAdditionalTokensInfo.java:314)
	at com.python.pydev.analysis.additionalinfo.AbstractAdditionalInfoWithBuild.restoreInfoForModuleManager(AbstractAdditionalInfoWithBuild.java:264)
	at com.python.pydev.analysis.additionalinfo.AdditionalSystemInterpreterInfo.recreateAllInfo(AdditionalSystemInterpreterInfo.java:179)
	at com.python.pydev.analysis.additionalinfo.builders.InterpreterObserver.notifyDefaultPythonpathRestored(InterpreterObserver.java:36)
	at org.python.pydev.ui.interpreters.AbstractInterpreterManager.restorePythopathForInterpreters(AbstractInterpreterManager.java:740)
	at org.python.pydev.ui.interpreters.AbstractInterpreterManager.setInfos(AbstractInterpreterManager.java:657)
	at org.python.pydev.ui.pythonpathconf.AbstractInterpreterPreferencesPage$5.run(AbstractInterpreterPreferencesPage.java:282)
	at org.eclipse.jface.operation.ModalContext$ModalContextThread.run(ModalContext.java:119)

!ENTRY org.python.pydev.shared_core 4 4 2016-04-02 16:32:52.506
!MESSAGE Did not expect to find item below node: Assign[targets=[Name[id=frame_index, ctx=Store, reserved=false]], value=null] (module: rpdb2.py).
!STACK 0
java.lang.RuntimeException: Did not expect to find item below node: Assign[targets=[Name[id=frame_index, ctx=Store, reserved=false]], value=null] (module: rpdb2.py).
	at org.python.pydev.core.log.Log.log(Log.java:54)
	at org.python.pydev.parser.fastparser.FastDefinitionsParser.endScopesInStack(FastDefinitionsParser.java:589)
	at org.python.pydev.parser.fastparser.FastDefinitionsParser.handleNewLine(FastDefinitionsParser.java:380)
	at org.python.pydev.parser.fastparser.FastDefinitionsParser.extractBody(FastDefinitionsParser.java:249)
	at org.python.pydev.parser.fastparser.FastDefinitionsParser.parse(FastDefinitionsParser.java:676)
	at com.python.pydev.analysis.additionalinfo.AbstractAdditionalTokensInfo.addAstInfo(AbstractAdditionalTokensInfo.java:314)
	at com.python.pydev.analysis.additionalinfo.AbstractAdditionalInfoWithBuild.restoreInfoForModuleManager(AbstractAdditionalInfoWithBuild.java:264)
	at com.python.pydev.analysis.additionalinfo.AdditionalSystemInterpreterInfo.recreateAllInfo(AdditionalSystemInterpreterInfo.java:179)
	at com.python.pydev.analysis.additionalinfo.builders.InterpreterObserver.notifyDefaultPythonpathRestored(InterpreterObserver.java:36)
	at org.python.pydev.ui.interpreters.AbstractInterpreterManager.restorePythopathForInterpreters(AbstractInterpreterManager.java:740)
	at org.python.pydev.ui.interpreters.AbstractInterpreterManager.setInfos(AbstractInterpreterManager.java:657)
	at org.python.pydev.ui.pythonpathconf.AbstractInterpreterPreferencesPage$5.run(AbstractInterpreterPreferencesPage.java:282)
	at org.eclipse.jface.operation.ModalContext$ModalContextThread.run(ModalContext.java:119)

!ENTRY org.python.pydev.shared_core 4 4 2016-04-02 16:32:52.507
!MESSAGE Did not expect to find item below node: Assign[targets=[Name[id=state, ctx=Store, reserved=false]], value=null] (module: rpdb2.py).
!STACK 0
java.lang.RuntimeException: Did not expect to find item below node: Assign[targets=[Name[id=state, ctx=Store, reserved=false]], value=null] (module: rpdb2.py).
	at org.python.pydev.core.log.Log.log(Log.java:54)
	at org.python.pydev.parser.fastparser.FastDefinitionsParser.endScopesInStack(FastDefinitionsParser.java:589)
	at org.python.pydev.parser.fastparser.FastDefinitionsParser.handleNewLine(FastDefinitionsParser.java:380)
	at org.python.pydev.parser.fastparser.FastDefinitionsParser.extractBody(FastDefinitionsParser.java:249)
	at org.python.pydev.parser.fastparser.FastDefinitionsParser.parse(FastDefinitionsParser.java:676)
	at com.python.pydev.analysis.additionalinfo.AbstractAdditionalTokensInfo.addAstInfo(AbstractAdditionalTokensInfo.java:314)
	at com.python.pydev.analysis.additionalinfo.AbstractAdditionalInfoWithBuild.restoreInfoForModuleManager(AbstractAdditionalInfoWithBuild.java:264)
	at com.python.pydev.analysis.additionalinfo.AdditionalSystemInterpreterInfo.recreateAllInfo(AdditionalSystemInterpreterInfo.java:179)
	at com.python.pydev.analysis.additionalinfo.builders.InterpreterObserver.notifyDefaultPythonpathRestored(InterpreterObserver.java:36)
	at org.python.pydev.ui.interpreters.AbstractInterpreterManager.restorePythopathForInterpreters(AbstractInterpreterManager.java:740)
	at org.python.pydev.ui.interpreters.AbstractInterpreterManager.setInfos(AbstractInterpreterManager.java:657)
	at org.python.pydev.ui.pythonpathconf.AbstractInterpreterPreferencesPage$5.run(AbstractInterpreterPreferencesPage.java:282)
	at org.eclipse.jface.operation.ModalContext$ModalContextThread.run(ModalContext.java:119)

!ENTRY org.python.pydev.shared_core 4 4 2016-04-02 16:32:52.695
!MESSAGE Did not expect to find item below node: Assign[targets=[Name[id=parent, ctx=Store, reserved=false]], value=null] (module: winpdb.py).
!STACK 0
java.lang.RuntimeException: Did not expect to find item below node: Assign[targets=[Name[id=parent, ctx=Store, reserved=false]], value=null] (module: winpdb.py).
	at org.python.pydev.core.log.Log.log(Log.java:54)
	at org.python.pydev.parser.fastparser.FastDefinitionsParser.endScopesInStack(FastDefinitionsParser.java:589)
	at org.python.pydev.parser.fastparser.FastDefinitionsParser.handleNewLine(FastDefinitionsParser.java:380)
	at org.python.pydev.parser.fastparser.FastDefinitionsParser.extractBody(FastDefinitionsParser.java:249)
	at org.python.pydev.parser.fastparser.FastDefinitionsParser.parse(FastDefinitionsParser.java:676)
	at com.python.pydev.analysis.additionalinfo.AbstractAdditionalTokensInfo.addAstInfo(AbstractAdditionalTokensInfo.java:314)
	at com.python.pydev.analysis.additionalinfo.AbstractAdditionalInfoWithBuild.restoreInfoForModuleManager(AbstractAdditionalInfoWithBuild.java:264)
	at com.python.pydev.analysis.additionalinfo.AdditionalSystemInterpreterInfo.recreateAllInfo(AdditionalSystemInterpreterInfo.java:179)
	at com.python.pydev.analysis.additionalinfo.builders.InterpreterObserver.notifyDefaultPythonpathRestored(InterpreterObserver.java:36)
	at org.python.pydev.ui.interpreters.AbstractInterpreterManager.restorePythopathForInterpreters(AbstractInterpreterManager.java:740)
	at org.python.pydev.ui.interpreters.AbstractInterpreterManager.setInfos(AbstractInterpreterManager.java:657)
	at org.python.pydev.ui.pythonpathconf.AbstractInterpreterPreferencesPage$5.run(AbstractInterpreterPreferencesPage.java:282)
	at org.eclipse.jface.operation.ModalContext$ModalContextThread.run(ModalContext.java:119)

!ENTRY org.python.pydev.shared_core 4 4 2016-04-02 16:32:52.696
!MESSAGE Did not expect to find item below node: Assign[targets=[Attribute[value=Name[id=self, ctx=Load, reserved=false], attr=NameTok[id=__m_f_shutdown, ctx=Attrib], ctx=Load]], value=null] (module: winpdb.py).
!STACK 0
java.lang.RuntimeException: Did not expect to find item below node: Assign[targets=[Attribute[value=Name[id=self, ctx=Load, reserved=false], attr=NameTok[id=__m_f_shutdown, ctx=Attrib], ctx=Load]], value=null] (module: winpdb.py).
	at org.python.pydev.core.log.Log.log(Log.java:54)
	at org.python.pydev.parser.fastparser.FastDefinitionsParser.endScopesInStack(FastDefinitionsParser.java:589)
	at org.python.pydev.parser.fastparser.FastDefinitionsParser.handleNewLine(FastDefinitionsParser.java:380)
	at org.python.pydev.parser.fastparser.FastDefinitionsParser.extractBody(FastDefinitionsParser.java:249)
	at org.python.pydev.parser.fastparser.FastDefinitionsParser.parse(FastDefinitionsParser.java:676)
	at com.python.pydev.analysis.additionalinfo.AbstractAdditionalTokensInfo.addAstInfo(AbstractAdditionalTokensInfo.java:314)
	at com.python.pydev.analysis.additionalinfo.AbstractAdditionalInfoWithBuild.restoreInfoForModuleManager(AbstractAdditionalInfoWithBuild.java:264)
	at com.python.pydev.analysis.additionalinfo.AdditionalSystemInterpreterInfo.recreateAllInfo(AdditionalSystemInterpreterInfo.java:179)
	at com.python.pydev.analysis.additionalinfo.builders.InterpreterObserver.notifyDefaultPythonpathRestored(InterpreterObserver.java:36)
	at org.python.pydev.ui.interpreters.AbstractInterpreterManager.restorePythopathForInterpreters(AbstractInterpreterManager.java:740)
	at org.python.pydev.ui.interpreters.AbstractInterpreterManager.setInfos(AbstractInterpreterManager.java:657)
	at org.python.pydev.ui.pythonpathconf.AbstractInterpreterPreferencesPage$5.run(AbstractInterpreterPreferencesPage.java:282)
	at org.eclipse.jface.operation.ModalContext$ModalContextThread.run(ModalContext.java:119)

!ENTRY org.python.pydev.shared_core 4 4 2016-04-02 16:32:52.697
!MESSAGE Did not expect to find item below node: Assign[targets=[Name[id=command_line, ctx=Store, reserved=false]], value=null] (module: winpdb.py).
!STACK 0
java.lang.RuntimeException: Did not expect to find item below node: Assign[targets=[Name[id=command_line, ctx=Store, reserved=false]], value=null] (module: winpdb.py).
	at org.python.pydev.core.log.Log.log(Log.java:54)
	at org.python.pydev.parser.fastparser.FastDefinitionsParser.endScopesInStack(FastDefinitionsParser.java:589)
	at org.python.pydev.parser.fastparser.FastDefinitionsParser.handleNewLine(FastDefinitionsParser.java:380)
	at org.python.pydev.parser.fastparser.FastDefinitionsParser.extractBody(FastDefinitionsParser.java:249)
	at org.python.pydev.parser.fastparser.FastDefinitionsParser.parse(FastDefinitionsParser.java:676)
	at com.python.pydev.analysis.additionalinfo.AbstractAdditionalTokensInfo.addAstInfo(AbstractAdditionalTokensInfo.java:314)
	at com.python.pydev.analysis.additionalinfo.AbstractAdditionalInfoWithBuild.restoreInfoForModuleManager(AbstractAdditionalInfoWithBuild.java:264)
	at com.python.pydev.analysis.additionalinfo.AdditionalSystemInterpreterInfo.recreateAllInfo(AdditionalSystemInterpreterInfo.java:179)
	at com.python.pydev.analysis.additionalinfo.builders.InterpreterObserver.notifyDefaultPythonpathRestored(InterpreterObserver.java:36)
	at org.python.pydev.ui.interpreters.AbstractInterpreterManager.restorePythopathForInterpreters(AbstractInterpreterManager.java:740)
	at org.python.pydev.ui.interpreters.AbstractInterpreterManager.setInfos(AbstractInterpreterManager.java:657)
	at org.python.pydev.ui.pythonpathconf.AbstractInterpreterPreferencesPage$5.run(AbstractInterpreterPreferencesPage.java:282)
	at org.eclipse.jface.operation.ModalContext$ModalContextThread.run(ModalContext.java:119)

!ENTRY org.python.pydev.shared_core 4 4 2016-04-02 16:32:52.775
!MESSAGE Did not expect to find item below node: Assign[targets=[Name[id=cnt, ctx=Store, reserved=false]], value=null] (module: calendar.py).
!STACK 0
java.lang.RuntimeException: Did not expect to find item below node: Assign[targets=[Name[id=cnt, ctx=Store, reserved=false]], value=null] (module: calendar.py).
	at org.python.pydev.core.log.Log.log(Log.java:54)
	at org.python.pydev.parser.fastparser.FastDefinitionsParser.endScopesInStack(FastDefinitionsParser.java:589)
	at org.python.pydev.parser.fastparser.FastDefinitionsParser.handleNewLine(FastDefinitionsParser.java:380)
	at org.python.pydev.parser.fastparser.FastDefinitionsParser.extractBody(FastDefinitionsParser.java:249)
	at org.python.pydev.parser.fastparser.FastDefinitionsParser.parse(FastDefinitionsParser.java:676)
	at com.python.pydev.analysis.additionalinfo.AbstractAdditionalTokensInfo.addAstInfo(AbstractAdditionalTokensInfo.java:314)
	at com.python.pydev.analysis.additionalinfo.AbstractAdditionalInfoWithBuild.restoreInfoForModuleManager(AbstractAdditionalInfoWithBuild.java:264)
	at com.python.pydev.analysis.additionalinfo.AdditionalSystemInterpreterInfo.recreateAllInfo(AdditionalSystemInterpreterInfo.java:179)
	at com.python.pydev.analysis.additionalinfo.builders.InterpreterObserver.notifyDefaultPythonpathRestored(InterpreterObserver.java:36)
	at org.python.pydev.ui.interpreters.AbstractInterpreterManager.restorePythopathForInterpreters(AbstractInterpreterManager.java:740)
	at org.python.pydev.ui.interpreters.AbstractInterpreterManager.setInfos(AbstractInterpreterManager.java:657)
	at org.python.pydev.ui.pythonpathconf.AbstractInterpreterPreferencesPage$5.run(AbstractInterpreterPreferencesPage.java:282)
	at org.eclipse.jface.operation.ModalContext$ModalContextThread.run(ModalContext.java:119)

!ENTRY org.python.pydev.shared_core 4 4 2016-04-02 16:32:52.776
!MESSAGE Did not expect to find item below node: Assign[targets=[Name[id=f, ctx=Store, reserved=false]], value=null] (module: calendar.py).
!STACK 0
java.lang.RuntimeException: Did not expect to find item below node: Assign[targets=[Name[id=f, ctx=Store, reserved=false]], value=null] (module: calendar.py).
	at org.python.pydev.core.log.Log.log(Log.java:54)
	at org.python.pydev.parser.fastparser.FastDefinitionsParser.endScopesInStack(FastDefinitionsParser.java:589)
	at org.python.pydev.parser.fastparser.FastDefinitionsParser.handleNewLine(FastDefinitionsParser.java:380)
	at org.python.pydev.parser.fastparser.FastDefinitionsParser.extractBody(FastDefinitionsParser.java:249)
	at org.python.pydev.parser.fastparser.FastDefinitionsParser.parse(FastDefinitionsParser.java:676)
	at com.python.pydev.analysis.additionalinfo.AbstractAdditionalTokensInfo.addAstInfo(AbstractAdditionalTokensInfo.java:314)
	at com.python.pydev.analysis.additionalinfo.AbstractAdditionalInfoWithBuild.restoreInfoForModuleManager(AbstractAdditionalInfoWithBuild.java:264)
	at com.python.pydev.analysis.additionalinfo.AdditionalSystemInterpreterInfo.recreateAllInfo(AdditionalSystemInterpreterInfo.java:179)
	at com.python.pydev.analysis.additionalinfo.builders.InterpreterObserver.notifyDefaultPythonpathRestored(InterpreterObserver.java:36)
	at org.python.pydev.ui.interpreters.AbstractInterpreterManager.restorePythopathForInterpreters(AbstractInterpreterManager.java:740)
	at org.python.pydev.ui.interpreters.AbstractInterpreterManager.setInfos(AbstractInterpreterManager.java:657)
	at org.python.pydev.ui.pythonpathconf.AbstractInterpreterPreferencesPage$5.run(AbstractInterpreterPreferencesPage.java:282)
	at org.eclipse.jface.operation.ModalContext$ModalContextThread.run(ModalContext.java:119)

!ENTRY org.python.pydev.shared_core 4 4 2016-04-02 16:32:52.776
!MESSAGE Did not expect to find item below node: Assign[targets=[Name[id=borderW, ctx=Store, reserved=false]], value=null] (module: calendar.py).
!STACK 0
java.lang.RuntimeException: Did not expect to find item below node: Assign[targets=[Name[id=borderW, ctx=Store, reserved=false]], value=null] (module: calendar.py).
	at org.python.pydev.core.log.Log.log(Log.java:54)
	at org.python.pydev.parser.fastparser.FastDefinitionsParser.endScopesInStack(FastDefinitionsParser.java:589)
	at org.python.pydev.parser.fastparser.FastDefinitionsParser.handleNewLine(FastDefinitionsParser.java:380)
	at org.python.pydev.parser.fastparser.FastDefinitionsParser.extractBody(FastDefinitionsParser.java:249)
	at org.python.pydev.parser.fastparser.FastDefinitionsParser.parse(FastDefinitionsParser.java:676)
	at com.python.pydev.analysis.additionalinfo.AbstractAdditionalTokensInfo.addAstInfo(AbstractAdditionalTokensInfo.java:314)
	at com.python.pydev.analysis.additionalinfo.AbstractAdditionalInfoWithBuild.restoreInfoForModuleManager(AbstractAdditionalInfoWithBuild.java:264)
	at com.python.pydev.analysis.additionalinfo.AdditionalSystemInterpreterInfo.recreateAllInfo(AdditionalSystemInterpreterInfo.java:179)
	at com.python.pydev.analysis.additionalinfo.builders.InterpreterObserver.notifyDefaultPythonpathRestored(InterpreterObserver.java:36)
	at org.python.pydev.ui.interpreters.AbstractInterpreterManager.restorePythopathForInterpreters(AbstractInterpreterManager.java:740)
	at org.python.pydev.ui.interpreters.AbstractInterpreterManager.setInfos(AbstractInterpreterManager.java:657)
	at org.python.pydev.ui.pythonpathconf.AbstractInterpreterPreferencesPage$5.run(AbstractInterpreterPreferencesPage.java:282)
	at org.eclipse.jface.operation.ModalContext$ModalContextThread.run(ModalContext.java:119)

!ENTRY org.python.pydev.shared_core 4 4 2016-04-02 16:32:52.777
!MESSAGE Did not expect to find item below node: Assign[targets=[Attribute[value=Name[id=self, ctx=Load, reserved=false], attr=NameTok[id=pwidth, ctx=Attrib], ctx=Load]], value=null] (module: calendar.py).
!STACK 0
java.lang.RuntimeException: Did not expect to find item below node: Assign[targets=[Attribute[value=Name[id=self, ctx=Load, reserved=false], attr=NameTok[id=pwidth, ctx=Attrib], ctx=Load]], value=null] (module: calendar.py).
	at org.python.pydev.core.log.Log.log(Log.java:54)
	at org.python.pydev.parser.fastparser.FastDefinitionsParser.endScopesInStack(FastDefinitionsParser.java:589)
	at org.python.pydev.parser.fastparser.FastDefinitionsParser.handleNewLine(FastDefinitionsParser.java:380)
	at org.python.pydev.parser.fastparser.FastDefinitionsParser.extractBody(FastDefinitionsParser.java:249)
	at org.python.pydev.parser.fastparser.FastDefinitionsParser.parse(FastDefinitionsParser.java:676)
	at com.python.pydev.analysis.additionalinfo.AbstractAdditionalTokensInfo.addAstInfo(AbstractAdditionalTokensInfo.java:314)
	at com.python.pydev.analysis.additionalinfo.AbstractAdditionalInfoWithBuild.restoreInfoForModuleManager(AbstractAdditionalInfoWithBuild.java:264)
	at com.python.pydev.analysis.additionalinfo.AdditionalSystemInterpreterInfo.recreateAllInfo(AdditionalSystemInterpreterInfo.java:179)
	at com.python.pydev.analysis.additionalinfo.builders.InterpreterObserver.notifyDefaultPythonpathRestored(InterpreterObserver.java:36)
	at org.python.pydev.ui.interpreters.AbstractInterpreterManager.restorePythopathForInterpreters(AbstractInterpreterManager.java:740)
	at org.python.pydev.ui.interpreters.AbstractInterpreterManager.setInfos(AbstractInterpreterManager.java:657)
	at org.python.pydev.ui.pythonpathconf.AbstractInterpreterPreferencesPage$5.run(AbstractInterpreterPreferencesPage.java:282)
	at org.eclipse.jface.operation.ModalContext$ModalContextThread.run(ModalContext.java:119)

!ENTRY org.python.pydev.shared_core 4 4 2016-04-02 16:32:52.874
!MESSAGE Did not expect to find item below node: Assign[targets=[Name[id=od, ctx=Store, reserved=false]], value=null] (module: static_line.py).
!STACK 0
java.lang.RuntimeException: Did not expect to find item below node: Assign[targets=[Name[id=od, ctx=Store, reserved=false]], value=null] (module: static_line.py).
	at org.python.pydev.core.log.Log.log(Log.java:54)
	at org.python.pydev.parser.fastparser.FastDefinitionsParser.endScopesInStack(FastDefinitionsParser.java:589)
	at org.python.pydev.parser.fastparser.FastDefinitionsParser.handleNewLine(FastDefinitionsParser.java:380)
	at org.python.pydev.parser.fastparser.FastDefinitionsParser.extractBody(FastDefinitionsParser.java:249)
	at org.python.pydev.parser.fastparser.FastDefinitionsParser.parse(FastDefinitionsParser.java:676)
	at com.python.pydev.analysis.additionalinfo.AbstractAdditionalTokensInfo.addAstInfo(AbstractAdditionalTokensInfo.java:314)
	at com.python.pydev.analysis.additionalinfo.AbstractAdditionalInfoWithBuild.restoreInfoForModuleManager(AbstractAdditionalInfoWithBuild.java:264)
	at com.python.pydev.analysis.additionalinfo.AdditionalSystemInterpreterInfo.recreateAllInfo(AdditionalSystemInterpreterInfo.java:179)
	at com.python.pydev.analysis.additionalinfo.builders.InterpreterObserver.notifyDefaultPythonpathRestored(InterpreterObserver.java:36)
	at org.python.pydev.ui.interpreters.AbstractInterpreterManager.restorePythopathForInterpreters(AbstractInterpreterManager.java:740)
	at org.python.pydev.ui.interpreters.AbstractInterpreterManager.setInfos(AbstractInterpreterManager.java:657)
	at org.python.pydev.ui.pythonpathconf.AbstractInterpreterPreferencesPage$5.run(AbstractInterpreterPreferencesPage.java:282)
	at org.eclipse.jface.operation.ModalContext$ModalContextThread.run(ModalContext.java:119)

!ENTRY org.python.pydev.shared_core 4 4 2016-04-02 16:33:24.848
!MESSAGE Did not expect to find item below node: Assign[targets=[Name[id=t, ctx=Store, reserved=false]], value=null] (module: rpdb2.py).
!STACK 0
java.lang.RuntimeException: Did not expect to find item below node: Assign[targets=[Name[id=t, ctx=Store, reserved=false]], value=null] (module: rpdb2.py).
	at org.python.pydev.core.log.Log.log(Log.java:54)
	at org.python.pydev.parser.fastparser.FastDefinitionsParser.endScopesInStack(FastDefinitionsParser.java:589)
	at org.python.pydev.parser.fastparser.FastDefinitionsParser.handleNewLine(FastDefinitionsParser.java:380)
	at org.python.pydev.parser.fastparser.FastDefinitionsParser.extractBody(FastDefinitionsParser.java:249)
	at org.python.pydev.parser.fastparser.FastDefinitionsParser.parse(FastDefinitionsParser.java:676)
	at com.python.pydev.analysis.additionalinfo.AbstractAdditionalTokensInfo.addAstInfo(AbstractAdditionalTokensInfo.java:314)
	at com.python.pydev.analysis.additionalinfo.AbstractAdditionalInfoWithBuild.restoreInfoForModuleManager(AbstractAdditionalInfoWithBuild.java:264)
	at com.python.pydev.analysis.additionalinfo.AdditionalSystemInterpreterInfo.recreateAllInfo(AdditionalSystemInterpreterInfo.java:179)
	at com.python.pydev.analysis.additionalinfo.builders.InterpreterObserver.notifyDefaultPythonpathRestored(InterpreterObserver.java:36)
	at org.python.pydev.ui.interpreters.AbstractInterpreterManager.restorePythopathForInterpreters(AbstractInterpreterManager.java:740)
	at org.python.pydev.ui.interpreters.AbstractInterpreterManager.setInfos(AbstractInterpreterManager.java:657)
	at org.python.pydev.ui.pythonpathconf.AbstractInterpreterPreferencesPage$5.run(AbstractInterpreterPreferencesPage.java:282)
	at org.eclipse.jface.operation.ModalContext$ModalContextThread.run(ModalContext.java:119)

!ENTRY org.python.pydev.shared_core 4 4 2016-04-02 16:33:24.849
!MESSAGE Did not expect to find item below node: Assign[targets=[Name[id=r, ctx=Store, reserved=false]], value=null] (module: rpdb2.py).
!STACK 0
java.lang.RuntimeException: Did not expect to find item below node: Assign[targets=[Name[id=r, ctx=Store, reserved=false]], value=null] (module: rpdb2.py).
	at org.python.pydev.core.log.Log.log(Log.java:54)
	at org.python.pydev.parser.fastparser.FastDefinitionsParser.endScopesInStack(FastDefinitionsParser.java:589)
	at org.python.pydev.parser.fastparser.FastDefinitionsParser.handleNewLine(FastDefinitionsParser.java:380)
	at org.python.pydev.parser.fastparser.FastDefinitionsParser.extractBody(FastDefinitionsParser.java:249)
	at org.python.pydev.parser.fastparser.FastDefinitionsParser.parse(FastDefinitionsParser.java:676)
	at com.python.pydev.analysis.additionalinfo.AbstractAdditionalTokensInfo.addAstInfo(AbstractAdditionalTokensInfo.java:314)
	at com.python.pydev.analysis.additionalinfo.AbstractAdditionalInfoWithBuild.restoreInfoForModuleManager(AbstractAdditionalInfoWithBuild.java:264)
	at com.python.pydev.analysis.additionalinfo.AdditionalSystemInterpreterInfo.recreateAllInfo(AdditionalSystemInterpreterInfo.java:179)
	at com.python.pydev.analysis.additionalinfo.builders.InterpreterObserver.notifyDefaultPythonpathRestored(InterpreterObserver.java:36)
	at org.python.pydev.ui.interpreters.AbstractInterpreterManager.restorePythopathForInterpreters(AbstractInterpreterManager.java:740)
	at org.python.pydev.ui.interpreters.AbstractInterpreterManager.setInfos(AbstractInterpreterManager.java:657)
	at org.python.pydev.ui.pythonpathconf.AbstractInterpreterPreferencesPage$5.run(AbstractInterpreterPreferencesPage.java:282)
	at org.eclipse.jface.operation.ModalContext$ModalContextThread.run(ModalContext.java:119)

!ENTRY org.python.pydev.shared_core 4 4 2016-04-02 16:33:24.850
!MESSAGE Did not expect to find item below node: Assign[targets=[Attribute[value=Name[id=self, ctx=Load, reserved=false], attr=NameTok[id=m_fStop, ctx=Attrib], ctx=Load]], value=null] (module: rpdb2.py).
!STACK 0
java.lang.RuntimeException: Did not expect to find item below node: Assign[targets=[Attribute[value=Name[id=self, ctx=Load, reserved=false], attr=NameTok[id=m_fStop, ctx=Attrib], ctx=Load]], value=null] (module: rpdb2.py).
	at org.python.pydev.core.log.Log.log(Log.java:54)
	at org.python.pydev.parser.fastparser.FastDefinitionsParser.endScopesInStack(FastDefinitionsParser.java:589)
	at org.python.pydev.parser.fastparser.FastDefinitionsParser.handleNewLine(FastDefinitionsParser.java:380)
	at org.python.pydev.parser.fastparser.FastDefinitionsParser.extractBody(FastDefinitionsParser.java:249)
	at org.python.pydev.parser.fastparser.FastDefinitionsParser.parse(FastDefinitionsParser.java:676)
	at com.python.pydev.analysis.additionalinfo.AbstractAdditionalTokensInfo.addAstInfo(AbstractAdditionalTokensInfo.java:314)
	at com.python.pydev.analysis.additionalinfo.AbstractAdditionalInfoWithBuild.restoreInfoForModuleManager(AbstractAdditionalInfoWithBuild.java:264)
	at com.python.pydev.analysis.additionalinfo.AdditionalSystemInterpreterInfo.recreateAllInfo(AdditionalSystemInterpreterInfo.java:179)
	at com.python.pydev.analysis.additionalinfo.builders.InterpreterObserver.notifyDefaultPythonpathRestored(InterpreterObserver.java:36)
	at org.python.pydev.ui.interpreters.AbstractInterpreterManager.restorePythopathForInterpreters(AbstractInterpreterManager.java:740)
	at org.python.pydev.ui.interpreters.AbstractInterpreterManager.setInfos(AbstractInterpreterManager.java:657)
	at org.python.pydev.ui.pythonpathconf.AbstractInterpreterPreferencesPage$5.run(AbstractInterpreterPreferencesPage.java:282)
	at org.eclipse.jface.operation.ModalContext$ModalContextThread.run(ModalContext.java:119)

!ENTRY org.python.pydev.shared_core 4 4 2016-04-02 16:33:24.851
!MESSAGE Did not expect to find item below node: Assign[targets=[Name[id=fAnalyzeMode, ctx=Store, reserved=false]], value=null] (module: rpdb2.py).
!STACK 0
java.lang.RuntimeException: Did not expect to find item below node: Assign[targets=[Name[id=fAnalyzeMode, ctx=Store, reserved=false]], value=null] (module: rpdb2.py).
	at org.python.pydev.core.log.Log.log(Log.java:54)
	at org.python.pydev.parser.fastparser.FastDefinitionsParser.endScopesInStack(FastDefinitionsParser.java:589)
	at org.python.pydev.parser.fastparser.FastDefinitionsParser.handleNewLine(FastDefinitionsParser.java:380)
	at org.python.pydev.parser.fastparser.FastDefinitionsParser.extractBody(FastDefinitionsParser.java:249)
	at org.python.pydev.parser.fastparser.FastDefinitionsParser.parse(FastDefinitionsParser.java:676)
	at com.python.pydev.analysis.additionalinfo.AbstractAdditionalTokensInfo.addAstInfo(AbstractAdditionalTokensInfo.java:314)
	at com.python.pydev.analysis.additionalinfo.AbstractAdditionalInfoWithBuild.restoreInfoForModuleManager(AbstractAdditionalInfoWithBuild.java:264)
	at com.python.pydev.analysis.additionalinfo.AdditionalSystemInterpreterInfo.recreateAllInfo(AdditionalSystemInterpreterInfo.java:179)
	at com.python.pydev.analysis.additionalinfo.builders.InterpreterObserver.notifyDefaultPythonpathRestored(InterpreterObserver.java:36)
	at org.python.pydev.ui.interpreters.AbstractInterpreterManager.restorePythopathForInterpreters(AbstractInterpreterManager.java:740)
	at org.python.pydev.ui.interpreters.AbstractInterpreterManager.setInfos(AbstractInterpreterManager.java:657)
	at org.python.pydev.ui.pythonpathconf.AbstractInterpreterPreferencesPage$5.run(AbstractInterpreterPreferencesPage.java:282)
	at org.eclipse.jface.operation.ModalContext$ModalContextThread.run(ModalContext.java:119)

!ENTRY org.python.pydev.shared_core 4 4 2016-04-02 16:33:24.851
!MESSAGE Did not expect to find item below node: Assign[targets=[Name[id=frame_index, ctx=Store, reserved=false]], value=null] (module: rpdb2.py).
!STACK 0
java.lang.RuntimeException: Did not expect to find item below node: Assign[targets=[Name[id=frame_index, ctx=Store, reserved=false]], value=null] (module: rpdb2.py).
	at org.python.pydev.core.log.Log.log(Log.java:54)
	at org.python.pydev.parser.fastparser.FastDefinitionsParser.endScopesInStack(FastDefinitionsParser.java:589)
	at org.python.pydev.parser.fastparser.FastDefinitionsParser.handleNewLine(FastDefinitionsParser.java:380)
	at org.python.pydev.parser.fastparser.FastDefinitionsParser.extractBody(FastDefinitionsParser.java:249)
	at org.python.pydev.parser.fastparser.FastDefinitionsParser.parse(FastDefinitionsParser.java:676)
	at com.python.pydev.analysis.additionalinfo.AbstractAdditionalTokensInfo.addAstInfo(AbstractAdditionalTokensInfo.java:314)
	at com.python.pydev.analysis.additionalinfo.AbstractAdditionalInfoWithBuild.restoreInfoForModuleManager(AbstractAdditionalInfoWithBuild.java:264)
	at com.python.pydev.analysis.additionalinfo.AdditionalSystemInterpreterInfo.recreateAllInfo(AdditionalSystemInterpreterInfo.java:179)
	at com.python.pydev.analysis.additionalinfo.builders.InterpreterObserver.notifyDefaultPythonpathRestored(InterpreterObserver.java:36)
	at org.python.pydev.ui.interpreters.AbstractInterpreterManager.restorePythopathForInterpreters(AbstractInterpreterManager.java:740)
	at org.python.pydev.ui.interpreters.AbstractInterpreterManager.setInfos(AbstractInterpreterManager.java:657)
	at org.python.pydev.ui.pythonpathconf.AbstractInterpreterPreferencesPage$5.run(AbstractInterpreterPreferencesPage.java:282)
	at org.eclipse.jface.operation.ModalContext$ModalContextThread.run(ModalContext.java:119)

!ENTRY org.python.pydev.shared_core 4 4 2016-04-02 16:33:24.852
!MESSAGE Did not expect to find item below node: Assign[targets=[Name[id=state, ctx=Store, reserved=false]], value=null] (module: rpdb2.py).
!STACK 0
java.lang.RuntimeException: Did not expect to find item below node: Assign[targets=[Name[id=state, ctx=Store, reserved=false]], value=null] (module: rpdb2.py).
	at org.python.pydev.core.log.Log.log(Log.java:54)
	at org.python.pydev.parser.fastparser.FastDefinitionsParser.endScopesInStack(FastDefinitionsParser.java:589)
	at org.python.pydev.parser.fastparser.FastDefinitionsParser.handleNewLine(FastDefinitionsParser.java:380)
	at org.python.pydev.parser.fastparser.FastDefinitionsParser.extractBody(FastDefinitionsParser.java:249)
	at org.python.pydev.parser.fastparser.FastDefinitionsParser.parse(FastDefinitionsParser.java:676)
	at com.python.pydev.analysis.additionalinfo.AbstractAdditionalTokensInfo.addAstInfo(AbstractAdditionalTokensInfo.java:314)
	at com.python.pydev.analysis.additionalinfo.AbstractAdditionalInfoWithBuild.restoreInfoForModuleManager(AbstractAdditionalInfoWithBuild.java:264)
	at com.python.pydev.analysis.additionalinfo.AdditionalSystemInterpreterInfo.recreateAllInfo(AdditionalSystemInterpreterInfo.java:179)
	at com.python.pydev.analysis.additionalinfo.builders.InterpreterObserver.notifyDefaultPythonpathRestored(InterpreterObserver.java:36)
	at org.python.pydev.ui.interpreters.AbstractInterpreterManager.restorePythopathForInterpreters(AbstractInterpreterManager.java:740)
	at org.python.pydev.ui.interpreters.AbstractInterpreterManager.setInfos(AbstractInterpreterManager.java:657)
	at org.python.pydev.ui.pythonpathconf.AbstractInterpreterPreferencesPage$5.run(AbstractInterpreterPreferencesPage.java:282)
	at org.eclipse.jface.operation.ModalContext$ModalContextThread.run(ModalContext.java:119)

!ENTRY org.python.pydev.shared_core 4 4 2016-04-02 16:33:25.050
!MESSAGE Did not expect to find item below node: Assign[targets=[Name[id=parent, ctx=Store, reserved=false]], value=null] (module: winpdb.py).
!STACK 0
java.lang.RuntimeException: Did not expect to find item below node: Assign[targets=[Name[id=parent, ctx=Store, reserved=false]], value=null] (module: winpdb.py).
	at org.python.pydev.core.log.Log.log(Log.java:54)
	at org.python.pydev.parser.fastparser.FastDefinitionsParser.endScopesInStack(FastDefinitionsParser.java:589)
	at org.python.pydev.parser.fastparser.FastDefinitionsParser.handleNewLine(FastDefinitionsParser.java:380)
	at org.python.pydev.parser.fastparser.FastDefinitionsParser.extractBody(FastDefinitionsParser.java:249)
	at org.python.pydev.parser.fastparser.FastDefinitionsParser.parse(FastDefinitionsParser.java:676)
	at com.python.pydev.analysis.additionalinfo.AbstractAdditionalTokensInfo.addAstInfo(AbstractAdditionalTokensInfo.java:314)
	at com.python.pydev.analysis.additionalinfo.AbstractAdditionalInfoWithBuild.restoreInfoForModuleManager(AbstractAdditionalInfoWithBuild.java:264)
	at com.python.pydev.analysis.additionalinfo.AdditionalSystemInterpreterInfo.recreateAllInfo(AdditionalSystemInterpreterInfo.java:179)
	at com.python.pydev.analysis.additionalinfo.builders.InterpreterObserver.notifyDefaultPythonpathRestored(InterpreterObserver.java:36)
	at org.python.pydev.ui.interpreters.AbstractInterpreterManager.restorePythopathForInterpreters(AbstractInterpreterManager.java:740)
	at org.python.pydev.ui.interpreters.AbstractInterpreterManager.setInfos(AbstractInterpreterManager.java:657)
	at org.python.pydev.ui.pythonpathconf.AbstractInterpreterPreferencesPage$5.run(AbstractInterpreterPreferencesPage.java:282)
	at org.eclipse.jface.operation.ModalContext$ModalContextThread.run(ModalContext.java:119)

!ENTRY org.python.pydev.shared_core 4 4 2016-04-02 16:33:25.051
!MESSAGE Did not expect to find item below node: Assign[targets=[Attribute[value=Name[id=self, ctx=Load, reserved=false], attr=NameTok[id=__m_f_shutdown, ctx=Attrib], ctx=Load]], value=null] (module: winpdb.py).
!STACK 0
java.lang.RuntimeException: Did not expect to find item below node: Assign[targets=[Attribute[value=Name[id=self, ctx=Load, reserved=false], attr=NameTok[id=__m_f_shutdown, ctx=Attrib], ctx=Load]], value=null] (module: winpdb.py).
	at org.python.pydev.core.log.Log.log(Log.java:54)
	at org.python.pydev.parser.fastparser.FastDefinitionsParser.endScopesInStack(FastDefinitionsParser.java:589)
	at org.python.pydev.parser.fastparser.FastDefinitionsParser.handleNewLine(FastDefinitionsParser.java:380)
	at org.python.pydev.parser.fastparser.FastDefinitionsParser.extractBody(FastDefinitionsParser.java:249)
	at org.python.pydev.parser.fastparser.FastDefinitionsParser.parse(FastDefinitionsParser.java:676)
	at com.python.pydev.analysis.additionalinfo.AbstractAdditionalTokensInfo.addAstInfo(AbstractAdditionalTokensInfo.java:314)
	at com.python.pydev.analysis.additionalinfo.AbstractAdditionalInfoWithBuild.restoreInfoForModuleManager(AbstractAdditionalInfoWithBuild.java:264)
	at com.python.pydev.analysis.additionalinfo.AdditionalSystemInterpreterInfo.recreateAllInfo(AdditionalSystemInterpreterInfo.java:179)
	at com.python.pydev.analysis.additionalinfo.builders.InterpreterObserver.notifyDefaultPythonpathRestored(InterpreterObserver.java:36)
	at org.python.pydev.ui.interpreters.AbstractInterpreterManager.restorePythopathForInterpreters(AbstractInterpreterManager.java:740)
	at org.python.pydev.ui.interpreters.AbstractInterpreterManager.setInfos(AbstractInterpreterManager.java:657)
	at org.python.pydev.ui.pythonpathconf.AbstractInterpreterPreferencesPage$5.run(AbstractInterpreterPreferencesPage.java:282)
	at org.eclipse.jface.operation.ModalContext$ModalContextThread.run(ModalContext.java:119)

!ENTRY org.python.pydev.shared_core 4 4 2016-04-02 16:33:25.052
!MESSAGE Did not expect to find item below node: Assign[targets=[Name[id=command_line, ctx=Store, reserved=false]], value=null] (module: winpdb.py).
!STACK 0
java.lang.RuntimeException: Did not expect to find item below node: Assign[targets=[Name[id=command_line, ctx=Store, reserved=false]], value=null] (module: winpdb.py).
	at org.python.pydev.core.log.Log.log(Log.java:54)
	at org.python.pydev.parser.fastparser.FastDefinitionsParser.endScopesInStack(FastDefinitionsParser.java:589)
	at org.python.pydev.parser.fastparser.FastDefinitionsParser.handleNewLine(FastDefinitionsParser.java:380)
	at org.python.pydev.parser.fastparser.FastDefinitionsParser.extractBody(FastDefinitionsParser.java:249)
	at org.python.pydev.parser.fastparser.FastDefinitionsParser.parse(FastDefinitionsParser.java:676)
	at com.python.pydev.analysis.additionalinfo.AbstractAdditionalTokensInfo.addAstInfo(AbstractAdditionalTokensInfo.java:314)
	at com.python.pydev.analysis.additionalinfo.AbstractAdditionalInfoWithBuild.restoreInfoForModuleManager(AbstractAdditionalInfoWithBuild.java:264)
	at com.python.pydev.analysis.additionalinfo.AdditionalSystemInterpreterInfo.recreateAllInfo(AdditionalSystemInterpreterInfo.java:179)
	at com.python.pydev.analysis.additionalinfo.builders.InterpreterObserver.notifyDefaultPythonpathRestored(InterpreterObserver.java:36)
	at org.python.pydev.ui.interpreters.AbstractInterpreterManager.restorePythopathForInterpreters(AbstractInterpreterManager.java:740)
	at org.python.pydev.ui.interpreters.AbstractInterpreterManager.setInfos(AbstractInterpreterManager.java:657)
	at org.python.pydev.ui.pythonpathconf.AbstractInterpreterPreferencesPage$5.run(AbstractInterpreterPreferencesPage.java:282)
	at org.eclipse.jface.operation.ModalContext$ModalContextThread.run(ModalContext.java:119)

!ENTRY org.python.pydev.shared_core 4 4 2016-04-02 16:33:25.131
!MESSAGE Did not expect to find item below node: Assign[targets=[Name[id=cnt, ctx=Store, reserved=false]], value=null] (module: calendar.py).
!STACK 0
java.lang.RuntimeException: Did not expect to find item below node: Assign[targets=[Name[id=cnt, ctx=Store, reserved=false]], value=null] (module: calendar.py).
	at org.python.pydev.core.log.Log.log(Log.java:54)
	at org.python.pydev.parser.fastparser.FastDefinitionsParser.endScopesInStack(FastDefinitionsParser.java:589)
	at org.python.pydev.parser.fastparser.FastDefinitionsParser.handleNewLine(FastDefinitionsParser.java:380)
	at org.python.pydev.parser.fastparser.FastDefinitionsParser.extractBody(FastDefinitionsParser.java:249)
	at org.python.pydev.parser.fastparser.FastDefinitionsParser.parse(FastDefinitionsParser.java:676)
	at com.python.pydev.analysis.additionalinfo.AbstractAdditionalTokensInfo.addAstInfo(AbstractAdditionalTokensInfo.java:314)
	at com.python.pydev.analysis.additionalinfo.AbstractAdditionalInfoWithBuild.restoreInfoForModuleManager(AbstractAdditionalInfoWithBuild.java:264)
	at com.python.pydev.analysis.additionalinfo.AdditionalSystemInterpreterInfo.recreateAllInfo(AdditionalSystemInterpreterInfo.java:179)
	at com.python.pydev.analysis.additionalinfo.builders.InterpreterObserver.notifyDefaultPythonpathRestored(InterpreterObserver.java:36)
	at org.python.pydev.ui.interpreters.AbstractInterpreterManager.restorePythopathForInterpreters(AbstractInterpreterManager.java:740)
	at org.python.pydev.ui.interpreters.AbstractInterpreterManager.setInfos(AbstractInterpreterManager.java:657)
	at org.python.pydev.ui.pythonpathconf.AbstractInterpreterPreferencesPage$5.run(AbstractInterpreterPreferencesPage.java:282)
	at org.eclipse.jface.operation.ModalContext$ModalContextThread.run(ModalContext.java:119)

!ENTRY org.python.pydev.shared_core 4 4 2016-04-02 16:33:25.132
!MESSAGE Did not expect to find item below node: Assign[targets=[Name[id=f, ctx=Store, reserved=false]], value=null] (module: calendar.py).
!STACK 0
java.lang.RuntimeException: Did not expect to find item below node: Assign[targets=[Name[id=f, ctx=Store, reserved=false]], value=null] (module: calendar.py).
	at org.python.pydev.core.log.Log.log(Log.java:54)
	at org.python.pydev.parser.fastparser.FastDefinitionsParser.endScopesInStack(FastDefinitionsParser.java:589)
	at org.python.pydev.parser.fastparser.FastDefinitionsParser.handleNewLine(FastDefinitionsParser.java:380)
	at org.python.pydev.parser.fastparser.FastDefinitionsParser.extractBody(FastDefinitionsParser.java:249)
	at org.python.pydev.parser.fastparser.FastDefinitionsParser.parse(FastDefinitionsParser.java:676)
	at com.python.pydev.analysis.additionalinfo.AbstractAdditionalTokensInfo.addAstInfo(AbstractAdditionalTokensInfo.java:314)
	at com.python.pydev.analysis.additionalinfo.AbstractAdditionalInfoWithBuild.restoreInfoForModuleManager(AbstractAdditionalInfoWithBuild.java:264)
	at com.python.pydev.analysis.additionalinfo.AdditionalSystemInterpreterInfo.recreateAllInfo(AdditionalSystemInterpreterInfo.java:179)
	at com.python.pydev.analysis.additionalinfo.builders.InterpreterObserver.notifyDefaultPythonpathRestored(InterpreterObserver.java:36)
	at org.python.pydev.ui.interpreters.AbstractInterpreterManager.restorePythopathForInterpreters(AbstractInterpreterManager.java:740)
	at org.python.pydev.ui.interpreters.AbstractInterpreterManager.setInfos(AbstractInterpreterManager.java:657)
	at org.python.pydev.ui.pythonpathconf.AbstractInterpreterPreferencesPage$5.run(AbstractInterpreterPreferencesPage.java:282)
	at org.eclipse.jface.operation.ModalContext$ModalContextThread.run(ModalContext.java:119)

!ENTRY org.python.pydev.shared_core 4 4 2016-04-02 16:33:25.132
!MESSAGE Did not expect to find item below node: Assign[targets=[Name[id=borderW, ctx=Store, reserved=false]], value=null] (module: calendar.py).
!STACK 0
java.lang.RuntimeException: Did not expect to find item below node: Assign[targets=[Name[id=borderW, ctx=Store, reserved=false]], value=null] (module: calendar.py).
	at org.python.pydev.core.log.Log.log(Log.java:54)
	at org.python.pydev.parser.fastparser.FastDefinitionsParser.endScopesInStack(FastDefinitionsParser.java:589)
	at org.python.pydev.parser.fastparser.FastDefinitionsParser.handleNewLine(FastDefinitionsParser.java:380)
	at org.python.pydev.parser.fastparser.FastDefinitionsParser.extractBody(FastDefinitionsParser.java:249)
	at org.python.pydev.parser.fastparser.FastDefinitionsParser.parse(FastDefinitionsParser.java:676)
	at com.python.pydev.analysis.additionalinfo.AbstractAdditionalTokensInfo.addAstInfo(AbstractAdditionalTokensInfo.java:314)
	at com.python.pydev.analysis.additionalinfo.AbstractAdditionalInfoWithBuild.restoreInfoForModuleManager(AbstractAdditionalInfoWithBuild.java:264)
	at com.python.pydev.analysis.additionalinfo.AdditionalSystemInterpreterInfo.recreateAllInfo(AdditionalSystemInterpreterInfo.java:179)
	at com.python.pydev.analysis.additionalinfo.builders.InterpreterObserver.notifyDefaultPythonpathRestored(InterpreterObserver.java:36)
	at org.python.pydev.ui.interpreters.AbstractInterpreterManager.restorePythopathForInterpreters(AbstractInterpreterManager.java:740)
	at org.python.pydev.ui.interpreters.AbstractInterpreterManager.setInfos(AbstractInterpreterManager.java:657)
	at org.python.pydev.ui.pythonpathconf.AbstractInterpreterPreferencesPage$5.run(AbstractInterpreterPreferencesPage.java:282)
	at org.eclipse.jface.operation.ModalContext$ModalContextThread.run(ModalContext.java:119)

!ENTRY org.python.pydev.shared_core 4 4 2016-04-02 16:33:25.133
!MESSAGE Did not expect to find item below node: Assign[targets=[Attribute[value=Name[id=self, ctx=Load, reserved=false], attr=NameTok[id=pwidth, ctx=Attrib], ctx=Load]], value=null] (module: calendar.py).
!STACK 0
java.lang.RuntimeException: Did not expect to find item below node: Assign[targets=[Attribute[value=Name[id=self, ctx=Load, reserved=false], attr=NameTok[id=pwidth, ctx=Attrib], ctx=Load]], value=null] (module: calendar.py).
	at org.python.pydev.core.log.Log.log(Log.java:54)
	at org.python.pydev.parser.fastparser.FastDefinitionsParser.endScopesInStack(FastDefinitionsParser.java:589)
	at org.python.pydev.parser.fastparser.FastDefinitionsParser.handleNewLine(FastDefinitionsParser.java:380)
	at org.python.pydev.parser.fastparser.FastDefinitionsParser.extractBody(FastDefinitionsParser.java:249)
	at org.python.pydev.parser.fastparser.FastDefinitionsParser.parse(FastDefinitionsParser.java:676)
	at com.python.pydev.analysis.additionalinfo.AbstractAdditionalTokensInfo.addAstInfo(AbstractAdditionalTokensInfo.java:314)
	at com.python.pydev.analysis.additionalinfo.AbstractAdditionalInfoWithBuild.restoreInfoForModuleManager(AbstractAdditionalInfoWithBuild.java:264)
	at com.python.pydev.analysis.additionalinfo.AdditionalSystemInterpreterInfo.recreateAllInfo(AdditionalSystemInterpreterInfo.java:179)
	at com.python.pydev.analysis.additionalinfo.builders.InterpreterObserver.notifyDefaultPythonpathRestored(InterpreterObserver.java:36)
	at org.python.pydev.ui.interpreters.AbstractInterpreterManager.restorePythopathForInterpreters(AbstractInterpreterManager.java:740)
	at org.python.pydev.ui.interpreters.AbstractInterpreterManager.setInfos(AbstractInterpreterManager.java:657)
	at org.python.pydev.ui.pythonpathconf.AbstractInterpreterPreferencesPage$5.run(AbstractInterpreterPreferencesPage.java:282)
	at org.eclipse.jface.operation.ModalContext$ModalContextThread.run(ModalContext.java:119)

!ENTRY org.python.pydev.shared_core 4 4 2016-04-02 16:33:25.228
!MESSAGE Did not expect to find item below node: Assign[targets=[Name[id=od, ctx=Store, reserved=false]], value=null] (module: static_line.py).
!STACK 0
java.lang.RuntimeException: Did not expect to find item below node: Assign[targets=[Name[id=od, ctx=Store, reserved=false]], value=null] (module: static_line.py).
	at org.python.pydev.core.log.Log.log(Log.java:54)
	at org.python.pydev.parser.fastparser.FastDefinitionsParser.endScopesInStack(FastDefinitionsParser.java:589)
	at org.python.pydev.parser.fastparser.FastDefinitionsParser.handleNewLine(FastDefinitionsParser.java:380)
	at org.python.pydev.parser.fastparser.FastDefinitionsParser.extractBody(FastDefinitionsParser.java:249)
	at org.python.pydev.parser.fastparser.FastDefinitionsParser.parse(FastDefinitionsParser.java:676)
	at com.python.pydev.analysis.additionalinfo.AbstractAdditionalTokensInfo.addAstInfo(AbstractAdditionalTokensInfo.java:314)
	at com.python.pydev.analysis.additionalinfo.AbstractAdditionalInfoWithBuild.restoreInfoForModuleManager(AbstractAdditionalInfoWithBuild.java:264)
	at com.python.pydev.analysis.additionalinfo.AdditionalSystemInterpreterInfo.recreateAllInfo(AdditionalSystemInterpreterInfo.java:179)
	at com.python.pydev.analysis.additionalinfo.builders.InterpreterObserver.notifyDefaultPythonpathRestored(InterpreterObserver.java:36)
	at org.python.pydev.ui.interpreters.AbstractInterpreterManager.restorePythopathForInterpreters(AbstractInterpreterManager.java:740)
	at org.python.pydev.ui.interpreters.AbstractInterpreterManager.setInfos(AbstractInterpreterManager.java:657)
	at org.python.pydev.ui.pythonpathconf.AbstractInterpreterPreferencesPage$5.run(AbstractInterpreterPreferencesPage.java:282)
	at org.eclipse.jface.operation.ModalContext$ModalContextThread.run(ModalContext.java:119)

!ENTRY org.python.pydev.shared_core 4 4 2016-04-02 16:33:51.338
!MESSAGE Did not expect to find item below node: Assign[targets=[Name[id=t, ctx=Store, reserved=false]], value=null] (module: rpdb2.py).
!STACK 0
java.lang.RuntimeException: Did not expect to find item below node: Assign[targets=[Name[id=t, ctx=Store, reserved=false]], value=null] (module: rpdb2.py).
	at org.python.pydev.core.log.Log.log(Log.java:54)
	at org.python.pydev.parser.fastparser.FastDefinitionsParser.endScopesInStack(FastDefinitionsParser.java:589)
	at org.python.pydev.parser.fastparser.FastDefinitionsParser.handleNewLine(FastDefinitionsParser.java:380)
	at org.python.pydev.parser.fastparser.FastDefinitionsParser.extractBody(FastDefinitionsParser.java:249)
	at org.python.pydev.parser.fastparser.FastDefinitionsParser.parse(FastDefinitionsParser.java:676)
	at com.python.pydev.analysis.additionalinfo.AbstractAdditionalTokensInfo.addAstInfo(AbstractAdditionalTokensInfo.java:314)
	at com.python.pydev.analysis.additionalinfo.AbstractAdditionalInfoWithBuild.restoreInfoForModuleManager(AbstractAdditionalInfoWithBuild.java:264)
	at com.python.pydev.analysis.additionalinfo.AdditionalSystemInterpreterInfo.recreateAllInfo(AdditionalSystemInterpreterInfo.java:179)
	at com.python.pydev.analysis.additionalinfo.builders.InterpreterObserver.notifyDefaultPythonpathRestored(InterpreterObserver.java:36)
	at org.python.pydev.ui.interpreters.AbstractInterpreterManager.restorePythopathForInterpreters(AbstractInterpreterManager.java:740)
	at org.python.pydev.ui.interpreters.AbstractInterpreterManager.setInfos(AbstractInterpreterManager.java:657)
	at org.python.pydev.ui.pythonpathconf.AbstractInterpreterPreferencesPage$5.run(AbstractInterpreterPreferencesPage.java:282)
	at org.eclipse.jface.operation.ModalContext$ModalContextThread.run(ModalContext.java:119)

!ENTRY org.python.pydev.shared_core 4 4 2016-04-02 16:33:51.338
!MESSAGE Did not expect to find item below node: Assign[targets=[Name[id=r, ctx=Store, reserved=false]], value=null] (module: rpdb2.py).
!STACK 0
java.lang.RuntimeException: Did not expect to find item below node: Assign[targets=[Name[id=r, ctx=Store, reserved=false]], value=null] (module: rpdb2.py).
	at org.python.pydev.core.log.Log.log(Log.java:54)
	at org.python.pydev.parser.fastparser.FastDefinitionsParser.endScopesInStack(FastDefinitionsParser.java:589)
	at org.python.pydev.parser.fastparser.FastDefinitionsParser.handleNewLine(FastDefinitionsParser.java:380)
	at org.python.pydev.parser.fastparser.FastDefinitionsParser.extractBody(FastDefinitionsParser.java:249)
	at org.python.pydev.parser.fastparser.FastDefinitionsParser.parse(FastDefinitionsParser.java:676)
	at com.python.pydev.analysis.additionalinfo.AbstractAdditionalTokensInfo.addAstInfo(AbstractAdditionalTokensInfo.java:314)
	at com.python.pydev.analysis.additionalinfo.AbstractAdditionalInfoWithBuild.restoreInfoForModuleManager(AbstractAdditionalInfoWithBuild.java:264)
	at com.python.pydev.analysis.additionalinfo.AdditionalSystemInterpreterInfo.recreateAllInfo(AdditionalSystemInterpreterInfo.java:179)
	at com.python.pydev.analysis.additionalinfo.builders.InterpreterObserver.notifyDefaultPythonpathRestored(InterpreterObserver.java:36)
	at org.python.pydev.ui.interpreters.AbstractInterpreterManager.restorePythopathForInterpreters(AbstractInterpreterManager.java:740)
	at org.python.pydev.ui.interpreters.AbstractInterpreterManager.setInfos(AbstractInterpreterManager.java:657)
	at org.python.pydev.ui.pythonpathconf.AbstractInterpreterPreferencesPage$5.run(AbstractInterpreterPreferencesPage.java:282)
	at org.eclipse.jface.operation.ModalContext$ModalContextThread.run(ModalContext.java:119)

!ENTRY org.python.pydev.shared_core 4 4 2016-04-02 16:33:51.339
!MESSAGE Did not expect to find item below node: Assign[targets=[Attribute[value=Name[id=self, ctx=Load, reserved=false], attr=NameTok[id=m_fStop, ctx=Attrib], ctx=Load]], value=null] (module: rpdb2.py).
!STACK 0
java.lang.RuntimeException: Did not expect to find item below node: Assign[targets=[Attribute[value=Name[id=self, ctx=Load, reserved=false], attr=NameTok[id=m_fStop, ctx=Attrib], ctx=Load]], value=null] (module: rpdb2.py).
	at org.python.pydev.core.log.Log.log(Log.java:54)
	at org.python.pydev.parser.fastparser.FastDefinitionsParser.endScopesInStack(FastDefinitionsParser.java:589)
	at org.python.pydev.parser.fastparser.FastDefinitionsParser.handleNewLine(FastDefinitionsParser.java:380)
	at org.python.pydev.parser.fastparser.FastDefinitionsParser.extractBody(FastDefinitionsParser.java:249)
	at org.python.pydev.parser.fastparser.FastDefinitionsParser.parse(FastDefinitionsParser.java:676)
	at com.python.pydev.analysis.additionalinfo.AbstractAdditionalTokensInfo.addAstInfo(AbstractAdditionalTokensInfo.java:314)
	at com.python.pydev.analysis.additionalinfo.AbstractAdditionalInfoWithBuild.restoreInfoForModuleManager(AbstractAdditionalInfoWithBuild.java:264)
	at com.python.pydev.analysis.additionalinfo.AdditionalSystemInterpreterInfo.recreateAllInfo(AdditionalSystemInterpreterInfo.java:179)
	at com.python.pydev.analysis.additionalinfo.builders.InterpreterObserver.notifyDefaultPythonpathRestored(InterpreterObserver.java:36)
	at org.python.pydev.ui.interpreters.AbstractInterpreterManager.restorePythopathForInterpreters(AbstractInterpreterManager.java:740)
	at org.python.pydev.ui.interpreters.AbstractInterpreterManager.setInfos(AbstractInterpreterManager.java:657)
	at org.python.pydev.ui.pythonpathconf.AbstractInterpreterPreferencesPage$5.run(AbstractInterpreterPreferencesPage.java:282)
	at org.eclipse.jface.operation.ModalContext$ModalContextThread.run(ModalContext.java:119)

!ENTRY org.python.pydev.shared_core 4 4 2016-04-02 16:33:51.340
!MESSAGE Did not expect to find item below node: Assign[targets=[Name[id=fAnalyzeMode, ctx=Store, reserved=false]], value=null] (module: rpdb2.py).
!STACK 0
java.lang.RuntimeException: Did not expect to find item below node: Assign[targets=[Name[id=fAnalyzeMode, ctx=Store, reserved=false]], value=null] (module: rpdb2.py).
	at org.python.pydev.core.log.Log.log(Log.java:54)
	at org.python.pydev.parser.fastparser.FastDefinitionsParser.endScopesInStack(FastDefinitionsParser.java:589)
	at org.python.pydev.parser.fastparser.FastDefinitionsParser.handleNewLine(FastDefinitionsParser.java:380)
	at org.python.pydev.parser.fastparser.FastDefinitionsParser.extractBody(FastDefinitionsParser.java:249)
	at org.python.pydev.parser.fastparser.FastDefinitionsParser.parse(FastDefinitionsParser.java:676)
	at com.python.pydev.analysis.additionalinfo.AbstractAdditionalTokensInfo.addAstInfo(AbstractAdditionalTokensInfo.java:314)
	at com.python.pydev.analysis.additionalinfo.AbstractAdditionalInfoWithBuild.restoreInfoForModuleManager(AbstractAdditionalInfoWithBuild.java:264)
	at com.python.pydev.analysis.additionalinfo.AdditionalSystemInterpreterInfo.recreateAllInfo(AdditionalSystemInterpreterInfo.java:179)
	at com.python.pydev.analysis.additionalinfo.builders.InterpreterObserver.notifyDefaultPythonpathRestored(InterpreterObserver.java:36)
	at org.python.pydev.ui.interpreters.AbstractInterpreterManager.restorePythopathForInterpreters(AbstractInterpreterManager.java:740)
	at org.python.pydev.ui.interpreters.AbstractInterpreterManager.setInfos(AbstractInterpreterManager.java:657)
	at org.python.pydev.ui.pythonpathconf.AbstractInterpreterPreferencesPage$5.run(AbstractInterpreterPreferencesPage.java:282)
	at org.eclipse.jface.operation.ModalContext$ModalContextThread.run(ModalContext.java:119)

!ENTRY org.python.pydev.shared_core 4 4 2016-04-02 16:33:51.341
!MESSAGE Did not expect to find item below node: Assign[targets=[Name[id=frame_index, ctx=Store, reserved=false]], value=null] (module: rpdb2.py).
!STACK 0
java.lang.RuntimeException: Did not expect to find item below node: Assign[targets=[Name[id=frame_index, ctx=Store, reserved=false]], value=null] (module: rpdb2.py).
	at org.python.pydev.core.log.Log.log(Log.java:54)
	at org.python.pydev.parser.fastparser.FastDefinitionsParser.endScopesInStack(FastDefinitionsParser.java:589)
	at org.python.pydev.parser.fastparser.FastDefinitionsParser.handleNewLine(FastDefinitionsParser.java:380)
	at org.python.pydev.parser.fastparser.FastDefinitionsParser.extractBody(FastDefinitionsParser.java:249)
	at org.python.pydev.parser.fastparser.FastDefinitionsParser.parse(FastDefinitionsParser.java:676)
	at com.python.pydev.analysis.additionalinfo.AbstractAdditionalTokensInfo.addAstInfo(AbstractAdditionalTokensInfo.java:314)
	at com.python.pydev.analysis.additionalinfo.AbstractAdditionalInfoWithBuild.restoreInfoForModuleManager(AbstractAdditionalInfoWithBuild.java:264)
	at com.python.pydev.analysis.additionalinfo.AdditionalSystemInterpreterInfo.recreateAllInfo(AdditionalSystemInterpreterInfo.java:179)
	at com.python.pydev.analysis.additionalinfo.builders.InterpreterObserver.notifyDefaultPythonpathRestored(InterpreterObserver.java:36)
	at org.python.pydev.ui.interpreters.AbstractInterpreterManager.restorePythopathForInterpreters(AbstractInterpreterManager.java:740)
	at org.python.pydev.ui.interpreters.AbstractInterpreterManager.setInfos(AbstractInterpreterManager.java:657)
	at org.python.pydev.ui.pythonpathconf.AbstractInterpreterPreferencesPage$5.run(AbstractInterpreterPreferencesPage.java:282)
	at org.eclipse.jface.operation.ModalContext$ModalContextThread.run(ModalContext.java:119)

!ENTRY org.python.pydev.shared_core 4 4 2016-04-02 16:33:51.341
!MESSAGE Did not expect to find item below node: Assign[targets=[Name[id=state, ctx=Store, reserved=false]], value=null] (module: rpdb2.py).
!STACK 0
java.lang.RuntimeException: Did not expect to find item below node: Assign[targets=[Name[id=state, ctx=Store, reserved=false]], value=null] (module: rpdb2.py).
	at org.python.pydev.core.log.Log.log(Log.java:54)
	at org.python.pydev.parser.fastparser.FastDefinitionsParser.endScopesInStack(FastDefinitionsParser.java:589)
	at org.python.pydev.parser.fastparser.FastDefinitionsParser.handleNewLine(FastDefinitionsParser.java:380)
	at org.python.pydev.parser.fastparser.FastDefinitionsParser.extractBody(FastDefinitionsParser.java:249)
	at org.python.pydev.parser.fastparser.FastDefinitionsParser.parse(FastDefinitionsParser.java:676)
	at com.python.pydev.analysis.additionalinfo.AbstractAdditionalTokensInfo.addAstInfo(AbstractAdditionalTokensInfo.java:314)
	at com.python.pydev.analysis.additionalinfo.AbstractAdditionalInfoWithBuild.restoreInfoForModuleManager(AbstractAdditionalInfoWithBuild.java:264)
	at com.python.pydev.analysis.additionalinfo.AdditionalSystemInterpreterInfo.recreateAllInfo(AdditionalSystemInterpreterInfo.java:179)
	at com.python.pydev.analysis.additionalinfo.builders.InterpreterObserver.notifyDefaultPythonpathRestored(InterpreterObserver.java:36)
	at org.python.pydev.ui.interpreters.AbstractInterpreterManager.restorePythopathForInterpreters(AbstractInterpreterManager.java:740)
	at org.python.pydev.ui.interpreters.AbstractInterpreterManager.setInfos(AbstractInterpreterManager.java:657)
	at org.python.pydev.ui.pythonpathconf.AbstractInterpreterPreferencesPage$5.run(AbstractInterpreterPreferencesPage.java:282)
	at org.eclipse.jface.operation.ModalContext$ModalContextThread.run(ModalContext.java:119)

!ENTRY org.python.pydev.shared_core 4 4 2016-04-02 16:33:51.521
!MESSAGE Did not expect to find item below node: Assign[targets=[Name[id=parent, ctx=Store, reserved=false]], value=null] (module: winpdb.py).
!STACK 0
java.lang.RuntimeException: Did not expect to find item below node: Assign[targets=[Name[id=parent, ctx=Store, reserved=false]], value=null] (module: winpdb.py).
	at org.python.pydev.core.log.Log.log(Log.java:54)
	at org.python.pydev.parser.fastparser.FastDefinitionsParser.endScopesInStack(FastDefinitionsParser.java:589)
	at org.python.pydev.parser.fastparser.FastDefinitionsParser.handleNewLine(FastDefinitionsParser.java:380)
	at org.python.pydev.parser.fastparser.FastDefinitionsParser.extractBody(FastDefinitionsParser.java:249)
	at org.python.pydev.parser.fastparser.FastDefinitionsParser.parse(FastDefinitionsParser.java:676)
	at com.python.pydev.analysis.additionalinfo.AbstractAdditionalTokensInfo.addAstInfo(AbstractAdditionalTokensInfo.java:314)
	at com.python.pydev.analysis.additionalinfo.AbstractAdditionalInfoWithBuild.restoreInfoForModuleManager(AbstractAdditionalInfoWithBuild.java:264)
	at com.python.pydev.analysis.additionalinfo.AdditionalSystemInterpreterInfo.recreateAllInfo(AdditionalSystemInterpreterInfo.java:179)
	at com.python.pydev.analysis.additionalinfo.builders.InterpreterObserver.notifyDefaultPythonpathRestored(InterpreterObserver.java:36)
	at org.python.pydev.ui.interpreters.AbstractInterpreterManager.restorePythopathForInterpreters(AbstractInterpreterManager.java:740)
	at org.python.pydev.ui.interpreters.AbstractInterpreterManager.setInfos(AbstractInterpreterManager.java:657)
	at org.python.pydev.ui.pythonpathconf.AbstractInterpreterPreferencesPage$5.run(AbstractInterpreterPreferencesPage.java:282)
	at org.eclipse.jface.operation.ModalContext$ModalContextThread.run(ModalContext.java:119)

!ENTRY org.python.pydev.shared_core 4 4 2016-04-02 16:33:51.521
!MESSAGE Did not expect to find item below node: Assign[targets=[Attribute[value=Name[id=self, ctx=Load, reserved=false], attr=NameTok[id=__m_f_shutdown, ctx=Attrib], ctx=Load]], value=null] (module: winpdb.py).
!STACK 0
java.lang.RuntimeException: Did not expect to find item below node: Assign[targets=[Attribute[value=Name[id=self, ctx=Load, reserved=false], attr=NameTok[id=__m_f_shutdown, ctx=Attrib], ctx=Load]], value=null] (module: winpdb.py).
	at org.python.pydev.core.log.Log.log(Log.java:54)
	at org.python.pydev.parser.fastparser.FastDefinitionsParser.endScopesInStack(FastDefinitionsParser.java:589)
	at org.python.pydev.parser.fastparser.FastDefinitionsParser.handleNewLine(FastDefinitionsParser.java:380)
	at org.python.pydev.parser.fastparser.FastDefinitionsParser.extractBody(FastDefinitionsParser.java:249)
	at org.python.pydev.parser.fastparser.FastDefinitionsParser.parse(FastDefinitionsParser.java:676)
	at com.python.pydev.analysis.additionalinfo.AbstractAdditionalTokensInfo.addAstInfo(AbstractAdditionalTokensInfo.java:314)
	at com.python.pydev.analysis.additionalinfo.AbstractAdditionalInfoWithBuild.restoreInfoForModuleManager(AbstractAdditionalInfoWithBuild.java:264)
	at com.python.pydev.analysis.additionalinfo.AdditionalSystemInterpreterInfo.recreateAllInfo(AdditionalSystemInterpreterInfo.java:179)
	at com.python.pydev.analysis.additionalinfo.builders.InterpreterObserver.notifyDefaultPythonpathRestored(InterpreterObserver.java:36)
	at org.python.pydev.ui.interpreters.AbstractInterpreterManager.restorePythopathForInterpreters(AbstractInterpreterManager.java:740)
	at org.python.pydev.ui.interpreters.AbstractInterpreterManager.setInfos(AbstractInterpreterManager.java:657)
	at org.python.pydev.ui.pythonpathconf.AbstractInterpreterPreferencesPage$5.run(AbstractInterpreterPreferencesPage.java:282)
	at org.eclipse.jface.operation.ModalContext$ModalContextThread.run(ModalContext.java:119)

!ENTRY org.python.pydev.shared_core 4 4 2016-04-02 16:33:51.523
!MESSAGE Did not expect to find item below node: Assign[targets=[Name[id=command_line, ctx=Store, reserved=false]], value=null] (module: winpdb.py).
!STACK 0
java.lang.RuntimeException: Did not expect to find item below node: Assign[targets=[Name[id=command_line, ctx=Store, reserved=false]], value=null] (module: winpdb.py).
	at org.python.pydev.core.log.Log.log(Log.java:54)
	at org.python.pydev.parser.fastparser.FastDefinitionsParser.endScopesInStack(FastDefinitionsParser.java:589)
	at org.python.pydev.parser.fastparser.FastDefinitionsParser.handleNewLine(FastDefinitionsParser.java:380)
	at org.python.pydev.parser.fastparser.FastDefinitionsParser.extractBody(FastDefinitionsParser.java:249)
	at org.python.pydev.parser.fastparser.FastDefinitionsParser.parse(FastDefinitionsParser.java:676)
	at com.python.pydev.analysis.additionalinfo.AbstractAdditionalTokensInfo.addAstInfo(AbstractAdditionalTokensInfo.java:314)
	at com.python.pydev.analysis.additionalinfo.AbstractAdditionalInfoWithBuild.restoreInfoForModuleManager(AbstractAdditionalInfoWithBuild.java:264)
	at com.python.pydev.analysis.additionalinfo.AdditionalSystemInterpreterInfo.recreateAllInfo(AdditionalSystemInterpreterInfo.java:179)
	at com.python.pydev.analysis.additionalinfo.builders.InterpreterObserver.notifyDefaultPythonpathRestored(InterpreterObserver.java:36)
	at org.python.pydev.ui.interpreters.AbstractInterpreterManager.restorePythopathForInterpreters(AbstractInterpreterManager.java:740)
	at org.python.pydev.ui.interpreters.AbstractInterpreterManager.setInfos(AbstractInterpreterManager.java:657)
	at org.python.pydev.ui.pythonpathconf.AbstractInterpreterPreferencesPage$5.run(AbstractInterpreterPreferencesPage.java:282)
	at org.eclipse.jface.operation.ModalContext$ModalContextThread.run(ModalContext.java:119)

!ENTRY org.python.pydev.shared_core 4 4 2016-04-02 16:33:51.616
!MESSAGE Did not expect to find item below node: Assign[targets=[Name[id=cnt, ctx=Store, reserved=false]], value=null] (module: calendar.py).
!STACK 0
java.lang.RuntimeException: Did not expect to find item below node: Assign[targets=[Name[id=cnt, ctx=Store, reserved=false]], value=null] (module: calendar.py).
	at org.python.pydev.core.log.Log.log(Log.java:54)
	at org.python.pydev.parser.fastparser.FastDefinitionsParser.endScopesInStack(FastDefinitionsParser.java:589)
	at org.python.pydev.parser.fastparser.FastDefinitionsParser.handleNewLine(FastDefinitionsParser.java:380)
	at org.python.pydev.parser.fastparser.FastDefinitionsParser.extractBody(FastDefinitionsParser.java:249)
	at org.python.pydev.parser.fastparser.FastDefinitionsParser.parse(FastDefinitionsParser.java:676)
	at com.python.pydev.analysis.additionalinfo.AbstractAdditionalTokensInfo.addAstInfo(AbstractAdditionalTokensInfo.java:314)
	at com.python.pydev.analysis.additionalinfo.AbstractAdditionalInfoWithBuild.restoreInfoForModuleManager(AbstractAdditionalInfoWithBuild.java:264)
	at com.python.pydev.analysis.additionalinfo.AdditionalSystemInterpreterInfo.recreateAllInfo(AdditionalSystemInterpreterInfo.java:179)
	at com.python.pydev.analysis.additionalinfo.builders.InterpreterObserver.notifyDefaultPythonpathRestored(InterpreterObserver.java:36)
	at org.python.pydev.ui.interpreters.AbstractInterpreterManager.restorePythopathForInterpreters(AbstractInterpreterManager.java:740)
	at org.python.pydev.ui.interpreters.AbstractInterpreterManager.setInfos(AbstractInterpreterManager.java:657)
	at org.python.pydev.ui.pythonpathconf.AbstractInterpreterPreferencesPage$5.run(AbstractInterpreterPreferencesPage.java:282)
	at org.eclipse.jface.operation.ModalContext$ModalContextThread.run(ModalContext.java:119)

!ENTRY org.python.pydev.shared_core 4 4 2016-04-02 16:33:51.617
!MESSAGE Did not expect to find item below node: Assign[targets=[Name[id=f, ctx=Store, reserved=false]], value=null] (module: calendar.py).
!STACK 0
java.lang.RuntimeException: Did not expect to find item below node: Assign[targets=[Name[id=f, ctx=Store, reserved=false]], value=null] (module: calendar.py).
	at org.python.pydev.core.log.Log.log(Log.java:54)
	at org.python.pydev.parser.fastparser.FastDefinitionsParser.endScopesInStack(FastDefinitionsParser.java:589)
	at org.python.pydev.parser.fastparser.FastDefinitionsParser.handleNewLine(FastDefinitionsParser.java:380)
	at org.python.pydev.parser.fastparser.FastDefinitionsParser.extractBody(FastDefinitionsParser.java:249)
	at org.python.pydev.parser.fastparser.FastDefinitionsParser.parse(FastDefinitionsParser.java:676)
	at com.python.pydev.analysis.additionalinfo.AbstractAdditionalTokensInfo.addAstInfo(AbstractAdditionalTokensInfo.java:314)
	at com.python.pydev.analysis.additionalinfo.AbstractAdditionalInfoWithBuild.restoreInfoForModuleManager(AbstractAdditionalInfoWithBuild.java:264)
	at com.python.pydev.analysis.additionalinfo.AdditionalSystemInterpreterInfo.recreateAllInfo(AdditionalSystemInterpreterInfo.java:179)
	at com.python.pydev.analysis.additionalinfo.builders.InterpreterObserver.notifyDefaultPythonpathRestored(InterpreterObserver.java:36)
	at org.python.pydev.ui.interpreters.AbstractInterpreterManager.restorePythopathForInterpreters(AbstractInterpreterManager.java:740)
	at org.python.pydev.ui.interpreters.AbstractInterpreterManager.setInfos(AbstractInterpreterManager.java:657)
	at org.python.pydev.ui.pythonpathconf.AbstractInterpreterPreferencesPage$5.run(AbstractInterpreterPreferencesPage.java:282)
	at org.eclipse.jface.operation.ModalContext$ModalContextThread.run(ModalContext.java:119)

!ENTRY org.python.pydev.shared_core 4 4 2016-04-02 16:33:51.617
!MESSAGE Did not expect to find item below node: Assign[targets=[Name[id=borderW, ctx=Store, reserved=false]], value=null] (module: calendar.py).
!STACK 0
java.lang.RuntimeException: Did not expect to find item below node: Assign[targets=[Name[id=borderW, ctx=Store, reserved=false]], value=null] (module: calendar.py).
	at org.python.pydev.core.log.Log.log(Log.java:54)
	at org.python.pydev.parser.fastparser.FastDefinitionsParser.endScopesInStack(FastDefinitionsParser.java:589)
	at org.python.pydev.parser.fastparser.FastDefinitionsParser.handleNewLine(FastDefinitionsParser.java:380)
	at org.python.pydev.parser.fastparser.FastDefinitionsParser.extractBody(FastDefinitionsParser.java:249)
	at org.python.pydev.parser.fastparser.FastDefinitionsParser.parse(FastDefinitionsParser.java:676)
	at com.python.pydev.analysis.additionalinfo.AbstractAdditionalTokensInfo.addAstInfo(AbstractAdditionalTokensInfo.java:314)
	at com.python.pydev.analysis.additionalinfo.AbstractAdditionalInfoWithBuild.restoreInfoForModuleManager(AbstractAdditionalInfoWithBuild.java:264)
	at com.python.pydev.analysis.additionalinfo.AdditionalSystemInterpreterInfo.recreateAllInfo(AdditionalSystemInterpreterInfo.java:179)
	at com.python.pydev.analysis.additionalinfo.builders.InterpreterObserver.notifyDefaultPythonpathRestored(InterpreterObserver.java:36)
	at org.python.pydev.ui.interpreters.AbstractInterpreterManager.restorePythopathForInterpreters(AbstractInterpreterManager.java:740)
	at org.python.pydev.ui.interpreters.AbstractInterpreterManager.setInfos(AbstractInterpreterManager.java:657)
	at org.python.pydev.ui.pythonpathconf.AbstractInterpreterPreferencesPage$5.run(AbstractInterpreterPreferencesPage.java:282)
	at org.eclipse.jface.operation.ModalContext$ModalContextThread.run(ModalContext.java:119)

!ENTRY org.python.pydev.shared_core 4 4 2016-04-02 16:33:51.618
!MESSAGE Did not expect to find item below node: Assign[targets=[Attribute[value=Name[id=self, ctx=Load, reserved=false], attr=NameTok[id=pwidth, ctx=Attrib], ctx=Load]], value=null] (module: calendar.py).
!STACK 0
java.lang.RuntimeException: Did not expect to find item below node: Assign[targets=[Attribute[value=Name[id=self, ctx=Load, reserved=false], attr=NameTok[id=pwidth, ctx=Attrib], ctx=Load]], value=null] (module: calendar.py).
	at org.python.pydev.core.log.Log.log(Log.java:54)
	at org.python.pydev.parser.fastparser.FastDefinitionsParser.endScopesInStack(FastDefinitionsParser.java:589)
	at org.python.pydev.parser.fastparser.FastDefinitionsParser.handleNewLine(FastDefinitionsParser.java:380)
	at org.python.pydev.parser.fastparser.FastDefinitionsParser.extractBody(FastDefinitionsParser.java:249)
	at org.python.pydev.parser.fastparser.FastDefinitionsParser.parse(FastDefinitionsParser.java:676)
	at com.python.pydev.analysis.additionalinfo.AbstractAdditionalTokensInfo.addAstInfo(AbstractAdditionalTokensInfo.java:314)
	at com.python.pydev.analysis.additionalinfo.AbstractAdditionalInfoWithBuild.restoreInfoForModuleManager(AbstractAdditionalInfoWithBuild.java:264)
	at com.python.pydev.analysis.additionalinfo.AdditionalSystemInterpreterInfo.recreateAllInfo(AdditionalSystemInterpreterInfo.java:179)
	at com.python.pydev.analysis.additionalinfo.builders.InterpreterObserver.notifyDefaultPythonpathRestored(InterpreterObserver.java:36)
	at org.python.pydev.ui.interpreters.AbstractInterpreterManager.restorePythopathForInterpreters(AbstractInterpreterManager.java:740)
	at org.python.pydev.ui.interpreters.AbstractInterpreterManager.setInfos(AbstractInterpreterManager.java:657)
	at org.python.pydev.ui.pythonpathconf.AbstractInterpreterPreferencesPage$5.run(AbstractInterpreterPreferencesPage.java:282)
	at org.eclipse.jface.operation.ModalContext$ModalContextThread.run(ModalContext.java:119)

!ENTRY org.python.pydev.shared_core 4 4 2016-04-02 16:33:51.709
!MESSAGE Did not expect to find item below node: Assign[targets=[Name[id=od, ctx=Store, reserved=false]], value=null] (module: static_line.py).
!STACK 0
java.lang.RuntimeException: Did not expect to find item below node: Assign[targets=[Name[id=od, ctx=Store, reserved=false]], value=null] (module: static_line.py).
	at org.python.pydev.core.log.Log.log(Log.java:54)
	at org.python.pydev.parser.fastparser.FastDefinitionsParser.endScopesInStack(FastDefinitionsParser.java:589)
	at org.python.pydev.parser.fastparser.FastDefinitionsParser.handleNewLine(FastDefinitionsParser.java:380)
	at org.python.pydev.parser.fastparser.FastDefinitionsParser.extractBody(FastDefinitionsParser.java:249)
	at org.python.pydev.parser.fastparser.FastDefinitionsParser.parse(FastDefinitionsParser.java:676)
	at com.python.pydev.analysis.additionalinfo.AbstractAdditionalTokensInfo.addAstInfo(AbstractAdditionalTokensInfo.java:314)
	at com.python.pydev.analysis.additionalinfo.AbstractAdditionalInfoWithBuild.restoreInfoForModuleManager(AbstractAdditionalInfoWithBuild.java:264)
	at com.python.pydev.analysis.additionalinfo.AdditionalSystemInterpreterInfo.recreateAllInfo(AdditionalSystemInterpreterInfo.java:179)
	at com.python.pydev.analysis.additionalinfo.builders.InterpreterObserver.notifyDefaultPythonpathRestored(InterpreterObserver.java:36)
	at org.python.pydev.ui.interpreters.AbstractInterpreterManager.restorePythopathForInterpreters(AbstractInterpreterManager.java:740)
	at org.python.pydev.ui.interpreters.AbstractInterpreterManager.setInfos(AbstractInterpreterManager.java:657)
	at org.python.pydev.ui.pythonpathconf.AbstractInterpreterPreferencesPage$5.run(AbstractInterpreterPreferencesPage.java:282)
	at org.eclipse.jface.operation.ModalContext$ModalContextThread.run(ModalContext.java:119)

!ENTRY org.python.pydev.shared_core 4 4 2016-04-02 16:33:58.734
!MESSAGE Unable to read contents from: /home/derek/Projects/QtSixA-1.5.1/.metadata/.plugins/org.python.pydev/v1_3tswbhuj9gc4kibexhrzgzdx/shell/PyQ_7v6nmy8zdpdnnuq59qaiqdwmt.top
!STACK 0
java.io.EOFException: Unexpected end of ZLIB input stream
	at java.util.zip.InflaterInputStream.fill(InflaterInputStream.java:240)
	at java.util.zip.InflaterInputStream.read(InflaterInputStream.java:158)
	at java.util.zip.GZIPInputStream.read(GZIPInputStream.java:116)
	at java.io.BufferedInputStream.fill(BufferedInputStream.java:235)
	at java.io.BufferedInputStream.read1(BufferedInputStream.java:275)
	at java.io.BufferedInputStream.read(BufferedInputStream.java:334)
	at java.io.ObjectInputStream$PeekInputStream.read(ObjectInputStream.java:2317)
	at java.io.ObjectInputStream$PeekInputStream.readFully(ObjectInputStream.java:2330)
	at java.io.ObjectInputStream$BlockDataInputStream.readShort(ObjectInputStream.java:2801)
	at java.io.ObjectInputStream.readStreamHeader(ObjectInputStream.java:801)
	at java.io.ObjectInputStream.<init>(ObjectInputStream.java:299)
	at org.python.pydev.editor.codecompletion.revisited.modules.CompiledModule.getCached(CompiledModule.java:297)
	at org.python.pydev.editor.codecompletion.revisited.modules.CompiledModule.<init>(CompiledModule.java:159)
	at org.python.pydev.editor.codecompletion.revisited.modules.AbstractModule.createModule(AbstractModule.java:289)
	at org.python.pydev.editor.codecompletion.revisited.ModulesManager.getModule(ModulesManager.java:942)
	at org.python.pydev.editor.codecompletion.revisited.ModulesManager.getModule(ModulesManager.java:787)
	at org.python.pydev.editor.codecompletion.revisited.SystemModulesManager.getModuleWithoutBuiltins(SystemModulesManager.java:370)
	at org.python.pydev.editor.codecompletion.revisited.ProjectModulesManager.getModuleAndRelatedModulesManager(ProjectModulesManager.java:219)
	at org.python.pydev.editor.codecompletion.revisited.ProjectModulesManager.getModule(ProjectModulesManager.java:180)
	at org.python.pydev.editor.codecompletion.revisited.ProjectModulesManager.getModule(ProjectModulesManager.java:164)
	at org.python.pydev.editor.codecompletion.revisited.AbstractASTManager.getModule(AbstractASTManager.java:476)
	at org.python.pydev.editor.codecompletion.revisited.AbstractASTManager.findModuleFromPath(AbstractASTManager.java:2157)
	at org.python.pydev.editor.codecompletion.revisited.AbstractASTManager.findOnImportedMods(AbstractASTManager.java:2024)
	at org.python.pydev.editor.codecompletion.revisited.AbstractASTManager.findOnImportedMods(AbstractASTManager.java:1919)
	at com.python.pydev.analysis.visitors.ImportChecker.visitImportToken(ImportChecker.java:186)
	at com.python.pydev.analysis.visitors.ImportChecker.visitImportToken(ImportChecker.java:167)
	at com.python.pydev.analysis.visitors.Scope.addImportTokens(Scope.java:173)
	at com.python.pydev.analysis.scopeanalysis.AbstractScopeAnalyzerVisitor.visitImportFrom(AbstractScopeAnalyzerVisitor.java:581)
	at com.python.pydev.analysis.scopeanalysis.ScopeAnalyzerVisitor.visitImportFrom(ScopeAnalyzerVisitor.java:106)
	at org.python.pydev.parser.jython.ast.ImportFrom.accept(ImportFrom.java:105)
	at org.python.pydev.parser.jython.ast.Module.traverse(Module.java:93)
	at com.python.pydev.analysis.scopeanalysis.AbstractScopeAnalyzerVisitor.traverse(AbstractScopeAnalyzerVisitor.java:193)
	at org.python.pydev.parser.jython.ast.VisitorBase.visitModule(VisitorBase.java:11)
	at org.python.pydev.parser.jython.ast.Module.accept(Module.java:85)
	at com.python.pydev.refactoring.wizards.rename.AbstractRenameRefactorProcess.getOccurrencesWithScopeAnalyzer(AbstractRenameRefactorProcess.java:281)
	at com.python.pydev.refactoring.wizards.rename.PyRenameImportProcess.findReferencesToRenameOnLocalScope(PyRenameImportProcess.java:81)
	at com.python.pydev.refactoring.wizards.rename.AbstractRenameRefactorProcess.findReferencesToRename(AbstractRenameRefactorProcess.java:190)
	at com.python.pydev.refactoring.wizards.rename.PyRenameImportProcess.findReferencesToRename(PyRenameImportProcess.java:72)
	at com.python.pydev.refactoring.wizards.rename.PyReferenceSearcher.search(PyReferenceSearcher.java:152)
	at com.python.pydev.refactoring.markoccurrences.MarkOccurrencesJob.createRequest(MarkOccurrencesJob.java:151)
	at org.python.pydev.shared_ui.mark_occurrences.BaseMarkOccurrencesJob.run(BaseMarkOccurrencesJob.java:168)
	at org.eclipse.core.internal.jobs.Worker.run(Worker.java:55)
